<?xml version="1.0" encoding="UTF-8"?>
<!-- Generated by org.testng.reporters.JUnitReportReporter -->
<testsuite hostname="InSoftLink" failures="0" tests="3" name="tests.RegisterTests" time="24.807" errors="0" timestamp="2025-11-12T18:16:48 IST" skipped="0">
  <testcase classname="tests.RegisterTests" name="TestUserRegistration" time="14.118"/>
  <testcase classname="tests.RegisterTests" name="UserRegistrationDuplicateEmail" time="6.350"/>
  <testcase classname="tests.RegisterTests" name="UserRegistrationDuplicateuserName" time="4.339"/>
</testsuite> <!-- tests.RegisterTests -->
