<?xml version="1.0" encoding="UTF-8"?>
<!-- Generated by org.testng.reporters.JUnitReportReporter -->
<testsuite hostname="InSoftLink" failures="0" tests="2" name="tests.ForgotPasswordTests" time="10.150" errors="0" timestamp="2025-11-13T14:55:28 IST" skipped="0">
  <testcase classname="tests.ForgotPasswordTests" name="TestResetPasswordWithValidemail" time="4.254"/>
  <testcase classname="tests.ForgotPasswordTests" name="TestResetPasswordWithinvlaidemail" time="5.896"/>
</testsuite> <!-- tests.ForgotPasswordTests -->
