<?xml version="1.0" encoding="UTF-8"?>
<!-- Generated by org.testng.reporters.JUnitReportReporter -->
<testsuite hostname="InSoftLink" failures="0" tests="3" name="tests.OrderManagementTest" time="73.770" errors="0" timestamp="2025-11-10T19:05:03 IST" skipped="0">
  <testcase classname="tests.OrderManagementTest" name="OpenOrderManagmentpage" time="37.912"/>
  <testcase classname="tests.OrderManagementTest" name="CalculationlogicforAllOrderValidation" time="30.642"/>
  <testcase classname="tests.OrderManagementTest" name="ValidatePriceTaxShippingTotals" time="5.216"/>
</testsuite> <!-- tests.OrderManagementTest -->
