<?xml version="1.0" encoding="UTF-8"?>
<!-- Generated by org.testng.reporters.JUnitReportReporter -->
<testsuite hostname="InSoftLink" failures="0" tests="5" name="tests.LoginTests" time="10.811" errors="0" timestamp="2025-11-12T18:16:48 IST" skipped="0">
  <testcase classname="tests.LoginTests" name="TestValxpathLogin" time="4.309"/>
  <testcase classname="tests.LoginTests" name="TestInvalxpathEmail" time="1.673"/>
  <testcase classname="tests.LoginTests" name="TestInvalxpathPassword" time="1.634"/>
  <testcase classname="tests.LoginTests" name="Checkforgotpassbtn" time="1.943"/>
  <testcase classname="tests.LoginTests" name="Createaccount" time="1.252"/>
</testsuite> <!-- tests.LoginTests -->
