<?xml version="1.0" encoding="UTF-8"?>
<!-- Generated by org.testng.reporters.JUnitReportReporter -->
<testsuite hostname="InSoftLink" failures="0" tests="4" name="tests.AddProductTest" time="60.421" errors="0" timestamp="2025-11-10T19:05:03 IST" skipped="0">
  <testcase classname="tests.AddProductTest" name="TestAddNewProductFullFlow" time="23.984"/>
  <testcase classname="tests.AddProductTest" name="CheckDupicatproduct" time="8.927"/>
  <testcase classname="tests.AddProductTest" name="TestMandatoryBasicDetailsValidationSeparate" time="20.396"/>
  <testcase classname="tests.AddProductTest" name="VerifyCategorySubcategoryDependency" time="7.114"/>
</testsuite> <!-- tests.AddProductTest -->
