<?xml version="1.0" encoding="UTF-8"?>
<!-- Generated by org.testng.reporters.JUnitReportReporter -->
<testsuite hostname="InSoftLink" failures="0" tests="6" name="tests.Dicountmanagement" time="111.206" errors="0" timestamp="2025-11-10T19:05:03 IST" skipped="0">
  <testcase classname="tests.Dicountmanagement" name="validateAddNewDiscount_PositiveFlow" time="39.312"/>
  <testcase classname="tests.Dicountmanagement" name="verifyCategorySubcategoryDependency" time="5.290"/>
  <testcase classname="tests.Dicountmanagement" name="validateNoSelection_ShowsError" time="5.669"/>
  <testcase classname="tests.Dicountmanagement" name="verifyDiscountHistoryAndBackButton" time="9.384"/>
  <testcase classname="tests.Dicountmanagement" name="verifyStatusDropdownSorting" time="45.556"/>
  <testcase classname="tests.Dicountmanagement" name="verifySearchAndCategoryFilter" time="5.995"/>
</testsuite> <!-- tests.Dicountmanagement -->
