<?xml version="1.0" encoding="UTF-8"?>
<!-- Generated by org.testng.reporters.JUnitReportReporter -->
<testsuite hostname="InSoftLink" failures="0" tests="12" name="tests.AllProductsTests" time="186.102" errors="0" timestamp="2025-11-13T14:55:28 IST" skipped="1">
  <testcase classname="tests.AllProductsTests" name="TestAllProductPageLoads" time="7.986"/>
  <testcase classname="tests.AllProductsTests" name="TestSearchKeywordFilter" time="9.473"/>
  <testcase classname="tests.AllProductsTests" name="TestResetButton" time="10.204"/>
  <testcase classname="tests.AllProductsTests" name="TestExportCSVFunctionality" time="8.792"/>
  <testcase classname="tests.AllProductsTests" name="TestSortByFilter" time="38.734"/>
  <testcase classname="tests.AllProductsTests" name="TestStatusFilter" time="26.684"/>
  <testcase classname="tests.AllProductsTests" name="TestAdvancedFilter" time="21.982"/>
  <testcase classname="tests.AllProductsTests" name="testActionSection" time="19.987"/>
  <testcase classname="tests.AllProductsTests" name="AddnewProductBTN" time="10.341"/>
  <testcase classname="tests.AllProductsTests" name="TestToggleByIndex" time="13.812"/>
  <testcase classname="tests.AllProductsTests" name="TestFilterProductsByCategory" time="18.107"/>
  <testcase classname="tests.AllProductsTests" name="testPagination">
    <skipped/>
  </testcase> <!-- testPagination -->
</testsuite> <!-- tests.AllProductsTests -->
