<?xml version="1.0" encoding="UTF-8"?>
<!-- Generated by org.testng.reporters.JUnitReportReporter -->
<testsuite hostname="InSoftLink" failures="0" tests="2" name="tests.ForgotPasswordTests" time="7.583" errors="0" timestamp="2025-11-12T18:16:48 IST" skipped="0">
  <testcase classname="tests.ForgotPasswordTests" name="TestResetPasswordWithValidemail" time="3.292"/>
  <testcase classname="tests.ForgotPasswordTests" name="TestResetPasswordWithinvlaidemail" time="4.291"/>
</testsuite> <!-- tests.ForgotPasswordTests -->
