<?xml version="1.0" encoding="UTF-8"?>
<!-- Generated by org.testng.reporters.JUnitReportReporter -->
<testsuite hostname="InSoftLink" failures="0" tests="5" name="tests.BrandsManagementTest" time="79.076" errors="0" timestamp="2025-11-12T18:16:48 IST" skipped="0">
  <testcase classname="tests.BrandsManagementTest" name="checkFullFlowOfBrandManagement" time="15.960"/>
  <testcase classname="tests.BrandsManagementTest" name="resetButtonFlow" time="17.005"/>
  <testcase classname="tests.BrandsManagementTest" name="AddnewBrandFullflow" time="30.831"/>
  <testcase classname="tests.BrandsManagementTest" name="verifyErrorCountTest" time="6.911"/>
  <testcase classname="tests.BrandsManagementTest" name="EdirActionButtonFlow" time="8.369"/>
</testsuite> <!-- tests.BrandsManagementTest -->
