<?xml version="1.0" encoding="UTF-8"?>
<!-- Generated by org.testng.reporters.JUnitReportReporter -->
<testsuite hostname="InSoftLink" failures="0" tests="4" name="tests.AddProductTest" time="98.836" errors="0" timestamp="2025-11-15T10:34:58 IST" skipped="0">
  <testcase classname="tests.AddProductTest" name="TestAddNewProductFullFlow" time="38.374"/>
  <testcase classname="tests.AddProductTest" name="CheckDupicatproduct" time="15.945"/>
  <testcase classname="tests.AddProductTest" name="TestMandatoryBasicDetailsValidationSeparate" time="33.445"/>
  <testcase classname="tests.AddProductTest" name="VerifyCategorySubcategoryDependency" time="11.072"/>
</testsuite> <!-- tests.AddProductTest -->
