<?xml version="1.0" encoding="UTF-8"?>
<!-- Generated by org.testng.reporters.JUnitReportReporter -->
<testsuite hostname="InSoftLink" failures="0" tests="3" name="tests.RegisterTests" time="17.253" errors="0" timestamp="2025-11-10T19:05:03 IST" skipped="0">
  <testcase classname="tests.RegisterTests" name="TestUserRegistration" time="8.812"/>
  <testcase classname="tests.RegisterTests" name="UserRegistrationDuplicateEmail" time="4.678"/>
  <testcase classname="tests.RegisterTests" name="UserRegistrationDuplicateuserName" time="3.763"/>
</testsuite> <!-- tests.RegisterTests -->
