<?xml version="1.0" encoding="UTF-8"?>
<!-- Generated by org.testng.reporters.JUnitReportReporter -->
<testsuite hostname="InSoftLink" failures="0" tests="6" name="tests.Dicountmanagement" time="94.077" errors="1" timestamp="2025-11-15T10:34:58 IST" skipped="0">
  <testcase classname="tests.Dicountmanagement" name="validateAddNewDiscount_PositiveFlow" time="10.899">
    <error message="element click intercepted: Element &lt;span class=&quot;mob-m-hide&quot;&gt;...&lt;/span&gt; is not clickable at point (1714, 169). Other element would receive the click: &lt;div role=&quot;dialog&quot; aria-modal=&quot;true&quot; class=&quot;fade modal modal show&quot; tabindex=&quot;-1&quot; style=&quot;display: block;&quot;&gt;...&lt;/div&gt;
  (Session info: MicrosoftEdge=142.0.3595.80)
Build info: version: &#039;4.14.0&#039;, revision: &#039;e5a96349ce&#039;
System info: os.name: &#039;Windows 11&#039;, os.arch: &#039;amd64&#039;, os.version: &#039;10.0&#039;, java.version: &#039;21.0.8&#039;
Driver info: org.openqa.selenium.edge.EdgeDriver
Command: [fb238917f230bf71ed67bdad607bb6bc, clickElement {id=f.337FD562DDEB1F0F84E31534A2EDCDE8.d.EC6C208A78FA246F6879A2927666C648.e.2352}]
Capabilities {acceptInsecureCerts: false, browserName: MicrosoftEdge, browserVersion: 142.0.3595.80, fedcm:accounts: true, goog:processID: 8016, ms:edgeOptions: {debuggerAddress: localhost:62590}, msedge: {msedgedriverVersion: 142.0.3595.53 (e9d637e9672e..., userDataDir: C:\Users\INSOF_~1\AppData\L...}, networkConnectionEnabled: false, pageLoadStrategy: normal, platformName: windows, proxy: Proxy(), se:cdp: ws://localhost:62590/devtoo..., se:cdpVersion: 142.0.3595.80, setWindowRect: true, strictFileInteractability: false, timeouts: {implicit: 0, pageLoad: 300000, script: 30000}, unhandledPromptBehavior: dismiss and notify, webauthn:extension:credBlob: true, webauthn:extension:largeBlob: true, webauthn:extension:minPinLength: true, webauthn:extension:prf: true, webauthn:virtualAuthenticators: true}
Element: [[EdgeDriver: MicrosoftEdge on windows (fb238917f230bf71ed67bdad607bb6bc)] -&gt; xpath: //span[@class=&#039;mob-m-hide&#039;]]
Session ID: fb238917f230bf71ed67bdad607bb6bc" type="org.openqa.selenium.ElementClickInterceptedException">
      <![CDATA[org.openqa.selenium.ElementClickInterceptedException: element click intercepted: Element <span class="mob-m-hide">...</span> is not clickable at point (1714, 169). Other element would receive the click: <div role="dialog" aria-modal="true" class="fade modal modal show" tabindex="-1" style="display: block;">...</div>
  (Session info: MicrosoftEdge=142.0.3595.80)
Build info: version: '4.14.0', revision: 'e5a96349ce'
System info: os.name: 'Windows 11', os.arch: 'amd64', os.version: '10.0', java.version: '21.0.8'
Driver info: org.openqa.selenium.edge.EdgeDriver
Command: [fb238917f230bf71ed67bdad607bb6bc, clickElement {id=f.337FD562DDEB1F0F84E31534A2EDCDE8.d.EC6C208A78FA246F6879A2927666C648.e.2352}]
Capabilities {acceptInsecureCerts: false, browserName: MicrosoftEdge, browserVersion: 142.0.3595.80, fedcm:accounts: true, goog:processID: 8016, ms:edgeOptions: {debuggerAddress: localhost:62590}, msedge: {msedgedriverVersion: 142.0.3595.53 (e9d637e9672e..., userDataDir: C:\Users\INSOF_~1\AppData\L...}, networkConnectionEnabled: false, pageLoadStrategy: normal, platformName: windows, proxy: Proxy(), se:cdp: ws://localhost:62590/devtoo..., se:cdpVersion: 142.0.3595.80, setWindowRect: true, strictFileInteractability: false, timeouts: {implicit: 0, pageLoad: 300000, script: 30000}, unhandledPromptBehavior: dismiss and notify, webauthn:extension:credBlob: true, webauthn:extension:largeBlob: true, webauthn:extension:minPinLength: true, webauthn:extension:prf: true, webauthn:virtualAuthenticators: true}
Element: [[EdgeDriver: MicrosoftEdge on windows (fb238917f230bf71ed67bdad607bb6bc)] -> xpath: //span[@class='mob-m-hide']]
Session ID: fb238917f230bf71ed67bdad607bb6bc
at java.base/jdk.internal.reflect.DirectConstructorHandleAccessor.newInstance(DirectConstructorHandleAccessor.java:62)
at java.base/java.lang.reflect.Constructor.newInstanceWithCaller(Constructor.java:502)
at java.base/java.lang.reflect.Constructor.newInstance(Constructor.java:486)
at org.openqa.selenium.remote.codec.w3c.W3CHttpResponseCodec.createException(W3CHttpResponseCodec.java:200)
at org.openqa.selenium.remote.codec.w3c.W3CHttpResponseCodec.decode(W3CHttpResponseCodec.java:133)
at org.openqa.selenium.remote.codec.w3c.W3CHttpResponseCodec.decode(W3CHttpResponseCodec.java:52)
at org.openqa.selenium.remote.HttpCommandExecutor.execute(HttpCommandExecutor.java:191)
at org.openqa.selenium.remote.service.DriverCommandExecutor.invokeExecute(DriverCommandExecutor.java:196)
at org.openqa.selenium.remote.service.DriverCommandExecutor.execute(DriverCommandExecutor.java:171)
at org.openqa.selenium.remote.RemoteWebDriver.execute(RemoteWebDriver.java:602)
at org.openqa.selenium.remote.RemoteWebElement.execute(RemoteWebElement.java:224)
at org.openqa.selenium.remote.RemoteWebElement.click(RemoteWebElement.java:77)
at Pages.Discountmanagement.SearchValidation(Discountmanagement.java:276)
at tests.Dicountmanagement.validateAddNewDiscount_PositiveFlow(Dicountmanagement.java:55)
at java.base/jdk.internal.reflect.DirectMethodHandleAccessor.invoke(DirectMethodHandleAccessor.java:103)
at java.base/java.lang.reflect.Method.invoke(Method.java:580)
at org.testng.internal.invokers.MethodInvocationHelper.invokeMethod(MethodInvocationHelper.java:141)
at org.testng.internal.invokers.TestInvoker.invokeMethod(TestInvoker.java:686)
at org.testng.internal.invokers.TestInvoker.invokeTestMethod(TestInvoker.java:230)
at org.testng.internal.invokers.MethodRunner.runInSequence(MethodRunner.java:63)
at org.testng.internal.invokers.TestInvoker$MethodInvocationAgent.invoke(TestInvoker.java:992)
at org.testng.internal.invokers.TestInvoker.invokeTestMethods(TestInvoker.java:203)
at org.testng.internal.invokers.TestMethodWorker.invokeTestMethods(TestMethodWorker.java:154)
at org.testng.internal.invokers.TestMethodWorker.run(TestMethodWorker.java:134)
at java.base/java.util.ArrayList.forEach(ArrayList.java:1596)
at org.testng.TestRunner.privateRun(TestRunner.java:739)
at org.testng.TestRunner.run(TestRunner.java:614)
at org.testng.SuiteRunner.runTest(SuiteRunner.java:421)
at org.testng.SuiteRunner.runSequentially(SuiteRunner.java:413)
at org.testng.SuiteRunner.privateRun(SuiteRunner.java:373)
at org.testng.SuiteRunner.run(SuiteRunner.java:312)
at org.testng.SuiteRunnerWorker.runSuite(SuiteRunnerWorker.java:52)
at org.testng.SuiteRunnerWorker.run(SuiteRunnerWorker.java:95)
at org.testng.TestNG.runSuitesSequentially(TestNG.java:1274)
at org.testng.TestNG.runSuitesLocally(TestNG.java:1208)
at org.testng.TestNG.runSuites(TestNG.java:1112)
at org.testng.TestNG.run(TestNG.java:1079)
at org.testng.remote.AbstractRemoteTestNG.run(AbstractRemoteTestNG.java:115)
at org.testng.remote.RemoteTestNG.initAndRun(RemoteTestNG.java:293)
at org.testng.remote.RemoteTestNG.main(RemoteTestNG.java:91)
]]>
    </error>
  </testcase> <!-- validateAddNewDiscount_PositiveFlow -->
  <testcase classname="tests.Dicountmanagement" name="verifyCategorySubcategoryDependency" time="8.053"/>
  <testcase classname="tests.Dicountmanagement" name="validateNoSelection_ShowsError" time="8.061"/>
  <testcase classname="tests.Dicountmanagement" name="verifyDiscountHistoryAndBackButton" time="11.055"/>
  <testcase classname="tests.Dicountmanagement" name="verifyStatusDropdownSorting" time="48.562"/>
  <testcase classname="tests.Dicountmanagement" name="verifySearchAndCategoryFilter" time="7.447"/>
</testsuite> <!-- tests.Dicountmanagement -->
