<?xml version="1.0" encoding="UTF-8"?>
<!-- Generated by org.testng.reporters.JUnitReportReporter -->
<testsuite hostname="InSoftLink" failures="0" tests="5" name="tests.LoginTests" time="14.648" errors="0" timestamp="2025-11-13T14:55:28 IST" skipped="0">
  <testcase classname="tests.LoginTests" name="TestValxpathLogin" time="4.745"/>
  <testcase classname="tests.LoginTests" name="TestInvalxpathEmail" time="2.846"/>
  <testcase classname="tests.LoginTests" name="TestInvalxpathPassword" time="2.650"/>
  <testcase classname="tests.LoginTests" name="Checkforgotpassbtn" time="2.212"/>
  <testcase classname="tests.LoginTests" name="Createaccount" time="2.195"/>
</testsuite> <!-- tests.LoginTests -->
