<?xml version="1.0" encoding="UTF-8"?>
<!-- Generated by org.testng.reporters.JUnitReportReporter -->
<testsuite hostname="InSoftLink" failures="0" tests="5" name="tests.BrandsManagementTest" time="81.374" errors="0" timestamp="2025-11-10T19:05:03 IST" skipped="0">
  <testcase classname="tests.BrandsManagementTest" name="checkFullFlowOfBrandManagement" time="15.939"/>
  <testcase classname="tests.BrandsManagementTest" name="resetButtonFlow" time="18.206"/>
  <testcase classname="tests.BrandsManagementTest" name="AddnewBrandFullflow" time="30.836"/>
  <testcase classname="tests.BrandsManagementTest" name="verifyErrorCountTest" time="6.661"/>
  <testcase classname="tests.BrandsManagementTest" name="EdirActionButtonFlow" time="9.732"/>
</testsuite> <!-- tests.BrandsManagementTest -->
