<?xml version="1.0" encoding="UTF-8"?>
<!-- Generated by org.testng.reporters.JUnitReportReporter -->
<testsuite hostname="InSoftLink" failures="1" tests="5" name="tests.OrderManagementTest" time="119.777" errors="0" timestamp="2025-11-15T10:34:58 IST" skipped="0">
  <testcase classname="tests.OrderManagementTest" name="OpenOrderManagmentpage" time="29.950"/>
  <testcase classname="tests.OrderManagementTest" name="CalculationlogicforAllOrderValidation" time="33.481"/>
  <testcase classname="tests.OrderManagementTest" name="ValidatePriceTaxShippingTotals" time="10.108"/>
  <testcase classname="tests.OrderManagementTest" name="OrderPage" time="20.107">
    <failure message="Row 1 total mismatch! expected [11.64] but found [46.56]" type="java.lang.AssertionError">
      <![CDATA[java.lang.AssertionError: Row 1 total mismatch! expected [11.64] but found [46.56]
at org.testng.Assert.fail(Assert.java:111)
at org.testng.Assert.failNotEquals(Assert.java:1578)
at org.testng.Assert.assertEquals(Assert.java:728)
at Pages.OrderManagementPage.validateOrderProductCalculations(OrderManagementPage.java:508)
at Pages.OrderManagementPage.validateOrderDetailsByIndex(OrderManagementPage.java:464)
at Pages.OrderManagementPage.validateTopFiveOrders(OrderManagementPage.java:401)
at tests.OrderManagementTest.OrderPage(OrderManagementTest.java:92)
at java.base/jdk.internal.reflect.DirectMethodHandleAccessor.invoke(DirectMethodHandleAccessor.java:103)
at java.base/java.lang.reflect.Method.invoke(Method.java:580)
at org.testng.internal.invokers.MethodInvocationHelper.invokeMethod(MethodInvocationHelper.java:141)
at org.testng.internal.invokers.TestInvoker.invokeMethod(TestInvoker.java:686)
at org.testng.internal.invokers.TestInvoker.invokeTestMethod(TestInvoker.java:230)
at org.testng.internal.invokers.MethodRunner.runInSequence(MethodRunner.java:63)
at org.testng.internal.invokers.TestInvoker$MethodInvocationAgent.invoke(TestInvoker.java:992)
at org.testng.internal.invokers.TestInvoker.invokeTestMethods(TestInvoker.java:203)
at org.testng.internal.invokers.TestMethodWorker.invokeTestMethods(TestMethodWorker.java:154)
at org.testng.internal.invokers.TestMethodWorker.run(TestMethodWorker.java:134)
at java.base/java.util.ArrayList.forEach(ArrayList.java:1596)
at org.testng.TestRunner.privateRun(TestRunner.java:739)
at org.testng.TestRunner.run(TestRunner.java:614)
at org.testng.SuiteRunner.runTest(SuiteRunner.java:421)
at org.testng.SuiteRunner.runSequentially(SuiteRunner.java:413)
at org.testng.SuiteRunner.privateRun(SuiteRunner.java:373)
at org.testng.SuiteRunner.run(SuiteRunner.java:312)
at org.testng.SuiteRunnerWorker.runSuite(SuiteRunnerWorker.java:52)
at org.testng.SuiteRunnerWorker.run(SuiteRunnerWorker.java:95)
at org.testng.TestNG.runSuitesSequentially(TestNG.java:1274)
at org.testng.TestNG.runSuitesLocally(TestNG.java:1208)
at org.testng.TestNG.runSuites(TestNG.java:1112)
at org.testng.TestNG.run(TestNG.java:1079)
at org.testng.remote.AbstractRemoteTestNG.run(AbstractRemoteTestNG.java:115)
at org.testng.remote.RemoteTestNG.initAndRun(RemoteTestNG.java:293)
at org.testng.remote.RemoteTestNG.main(RemoteTestNG.java:91)
]]>
    </failure>
  </testcase> <!-- OrderPage -->
  <testcase classname="tests.OrderManagementTest" name="cancleandReturn" time="26.131"/>
</testsuite> <!-- tests.OrderManagementTest -->
