<?xml version="1.0" encoding="UTF-8"?>
<!-- Generated by org.testng.reporters.JUnitReportReporter -->
<testsuite hostname="InSoftLink" failures="0" tests="6" name="tests.Dicountmanagement" time="121.245" errors="0" timestamp="2025-11-08T18:15:22 IST" skipped="0">
  <testcase classname="tests.Dicountmanagement" name="validateAddNewDiscount_PositiveFlow" time="41.678"/>
  <testcase classname="tests.Dicountmanagement" name="verifyCategorySubcategoryDependency" time="7.631"/>
  <testcase classname="tests.Dicountmanagement" name="validateNoSelection_ShowsError" time="7.509"/>
  <testcase classname="tests.Dicountmanagement" name="verifyDiscountHistoryAndBackButton" time="11.485"/>
  <testcase classname="tests.Dicountmanagement" name="verifyStatusDropdownSorting" time="46.790"/>
  <testcase classname="tests.Dicountmanagement" name="verifySearchAndCategoryFilter" time="6.152"/>
</testsuite> <!-- tests.Dicountmanagement -->
