<!DOCTYPE html PUBLIC "-//W3C//DTD XHTML 1.1//EN" "https://www.w3.org/TR/xhtml11/DTD/xhtml11.dtd">
<html xmlns="https://www.w3.org/1999/xhtml">
<head>
<meta http-equiv="content-type" content="text/html; charset=UTF-8"/>
<title>TestNG Report</title>
<style type="text/css">table {margin-bottom:10px;border-collapse:collapse;empty-cells:show}th,td {border:1px solid #009;padding:.25em .5em}th {vertical-align:bottom}td {vertical-align:top}table a {font-weight:bold}.stripe td {background-color: #E6EBF9}.num {text-align:right}.passedodd td {background-color: #3F3}.passedeven td {background-color: #0A0}.skippedodd td {background-color: #DDD}.skippedeven td {background-color: #CCC}.failedodd td,.attn {background-color: #F33}.failedeven td,.stripe .attn {background-color: #D00}.stacktrace {white-space:pre;font-family:monospace}.totop {font-size:85%;text-align:center;border-bottom:2px solid #000}.invisible {display:none}</style>
</head>
<body>
<table>
<tr><th>Test</th><th># Passed</th><th># Skipped</th><th># Retried</th><th># Failed</th><th>Time (ms)</th><th>Included Groups</th><th>Excluded Groups</th></tr>
<tr><th colspan="8">Actpal Suite</th></tr>
<tr><td><a href="#t0">User Authentication Tests</a></td><td class="num">8</td><td class="num">0</td><td class="num">0</td><td class="num">0</td><td class="num">38,816</td><td></td><td></td></tr>
<tr class="stripe"><td><a href="#t1">Password Recovery Tests</a></td><td class="num">2</td><td class="num">0</td><td class="num">0</td><td class="num">0</td><td class="num">11,242</td><td></td><td></td></tr>
<tr><td><a href="#t2">Product Management Tests</a></td><td class="num">22</td><td class="num">0</td><td class="num">0</td><td class="num attn">5</td><td class="num">494,325</td><td></td><td></td></tr>
<tr class="stripe"><td><a href="#t3">Discount Management Tests</a></td><td class="num">14</td><td class="num">0</td><td class="num">0</td><td class="num attn">2</td><td class="num">320,513</td><td></td><td></td></tr>
<tr><th>Total</th><th class="num">46</th><th class="num">0</th><th class="num">0</th><th class="num attn">7</th><th class="num">864,896</th><th colspan="2"></th></tr>
</table>
<table id='summary'><thead><tr><th>Class</th><th>Method</th><th>Start</th><th>Time (ms)</th></tr></thead><tbody><tr><th colspan="4">Actpal Suite</th></tr></tbody><tbody id="t0"><tr><th colspan="4">User Authentication Tests &#8212; passed</th></tr><tr class="passedeven"><td rowspan="5">tests.LoginTests</td><td><a href="#m0">Checkforgotpassbtn</a></td><td rowspan="1">1762923002381</td><td rowspan="1">421</td></tr><tr class="passedeven"><td><a href="#m1">Createaccount</a></td><td rowspan="1">1762923004498</td><td rowspan="1">411</td></tr><tr class="passedeven"><td><a href="#m2">TestInvalxpathEmail</a></td><td rowspan="1">1762922997536</td><td rowspan="1">719</td></tr><tr class="passedeven"><td><a href="#m3">TestInvalxpathPassword</a></td><td rowspan="1">1762922999651</td><td rowspan="1">866</td></tr><tr class="passedeven"><td><a href="#m4">TestValxpathLogin</a></td><td rowspan="1">1762922993715</td><td rowspan="1">2421</td></tr><tr class="passedodd"><td rowspan="3">tests.RegisterTests</td><td><a href="#m5">TestUserRegistration</a></td><td rowspan="1">1762922968736</td><td rowspan="1">13004</td></tr><tr class="passedodd"><td><a href="#m6">UserRegistrationDuplicateEmail</a></td><td rowspan="1">1762922983402</td><td rowspan="1">3768</td></tr><tr class="passedodd"><td><a href="#m7">UserRegistrationDuplicateuserName</a></td><td rowspan="1">1762922988566</td><td rowspan="1">3556</td></tr></tbody>
<tbody id="t1"><tr><th colspan="4">Password Recovery Tests &#8212; passed</th></tr><tr class="passedeven"><td rowspan="2">tests.ForgotPasswordTests</td><td><a href="#m8">TestResetPasswordWithValidemail</a></td><td rowspan="1">1762923006827</td><td rowspan="1">2613</td></tr><tr class="passedeven"><td><a href="#m9">TestResetPasswordWithinvlaidemail</a></td><td rowspan="1">1762923010952</td><td rowspan="1">5521</td></tr></tbody>
<tbody id="t2"><tr><th colspan="4">Product Management Tests &#8212; failed</th></tr><tr class="failedeven"><td rowspan="1">tests.ActiveProductTest</td><td><a href="#m10">testActionSection</a></td><td rowspan="1">1762923336572</td><td rowspan="1">18121</td></tr><tr class="failedodd"><td rowspan="4">tests.AllProductsTests</td><td><a href="#m11">TestAdvancedFilter</a></td><td rowspan="1">1762923094874</td><td rowspan="1">15403</td></tr><tr class="failedodd"><td><a href="#m12">TestFilterProductsByCategory</a></td><td rowspan="1">1762923156791</td><td rowspan="1">15500</td></tr><tr class="failedodd"><td><a href="#m13">TestSortByFilter</a></td><td rowspan="1">1762923050798</td><td rowspan="1">18170</td></tr><tr class="failedodd"><td><a href="#m14">TestStatusFilter</a></td><td rowspan="1">1762923070503</td><td rowspan="1">22812</td></tr><tr><th colspan="4">Product Management Tests &#8212; passed</th></tr><tr class="passedeven"><td rowspan="11">tests.ActiveProductTest</td><td><a href="#m15">AddnewProductBTN</a></td><td rowspan="1">1762923356475</td><td rowspan="1">15839</td></tr><tr class="passedeven"><td><a href="#m16">TestActiveProductPageLoads</a></td><td rowspan="1">1762923173826</td><td rowspan="1">14619</td></tr><tr class="passedeven"><td><a href="#m17">TestActiveProductView</a></td><td rowspan="1">1762923410168</td><td rowspan="1">18699</td></tr><tr class="passedeven"><td><a href="#m18">TestAdvancedFilter</a></td><td rowspan="1">1762923315211</td><td rowspan="1">19885</td></tr><tr class="passedeven"><td><a href="#m19">TestExportCSVFunctionality</a></td><td rowspan="1">1762923229917</td><td rowspan="1">14719</td></tr><tr class="passedeven"><td><a href="#m20">TestFilterProductsByCategory</a></td><td rowspan="1">1762923391068</td><td rowspan="1">17076</td></tr><tr class="passedeven"><td><a href="#m21">TestResetButton</a></td><td rowspan="1">1762923208243</td><td rowspan="1">19450</td></tr><tr class="passedeven"><td><a href="#m22">TestSearchKeywordFilter</a></td><td rowspan="1">1762923190445</td><td rowspan="1">16081</td></tr><tr class="passedeven"><td><a href="#m23">TestSortByFilter</a></td><td rowspan="1">1762923246610</td><td rowspan="1">36770</td></tr><tr class="passedeven"><td><a href="#m24">TestStatusFilter</a></td><td rowspan="1">1762923285278</td><td rowspan="1">28125</td></tr><tr class="passedeven"><td><a href="#m25">TestToggleByIndex</a></td><td rowspan="1">1762923374318</td><td rowspan="1">15311</td></tr><tr class="passedodd"><td rowspan="4">tests.AddProductTest</td><td><a href="#m26">CheckDupicatproduct</a></td><td rowspan="1">1762923462593</td><td rowspan="1">9949</td></tr><tr class="passedodd"><td><a href="#m27">TestAddNewProductFullFlow</a></td><td rowspan="1">1762923430524</td><td rowspan="1">30184</td></tr><tr class="passedodd"><td><a href="#m28">TestMandatoryBasicDetailsValidationSeparate</a></td><td rowspan="1">1762923474137</td><td rowspan="1">28109</td></tr><tr class="passedodd"><td><a href="#m29">VerifyCategorySubcategoryDependency</a></td><td rowspan="1">1762923504000</td><td rowspan="1">6816</td></tr><tr class="passedeven"><td rowspan="7">tests.AllProductsTests</td><td><a href="#m30">AddnewProductBTN</a></td><td rowspan="1">1762923131869</td><td rowspan="1">7471</td></tr><tr class="passedeven"><td><a href="#m31">TestAllProductPageLoads</a></td><td rowspan="1">1762923017988</td><td rowspan="1">5888</td></tr><tr class="passedeven"><td><a href="#m32">TestExportCSVFunctionality</a></td><td rowspan="1">1762923043134</td><td rowspan="1">6057</td></tr><tr class="passedeven"><td><a href="#m33">TestResetButton</a></td><td rowspan="1">1762923034407</td><td rowspan="1">6883</td></tr><tr class="passedeven"><td><a href="#m34">TestSearchKeywordFilter</a></td><td rowspan="1">1762923025663</td><td rowspan="1">7032</td></tr><tr class="passedeven"><td><a href="#m35">TestToggleByIndex</a></td><td rowspan="1">1762923140846</td><td rowspan="1">14086</td></tr><tr class="passedeven"><td><a href="#m36">testActionSection</a></td><td rowspan="1">1762923111821</td><td rowspan="1">18537</td></tr></tbody>
<tbody id="t3"><tr><th colspan="4">Discount Management Tests &#8212; failed</th></tr><tr class="failedeven"><td rowspan="2">tests.OrderManagementTest</td><td><a href="#m37">OpenOrderManagmentpage</a></td><td rowspan="1">1762923718276</td><td rowspan="1">28679</td></tr><tr class="failedeven"><td><a href="#m38">OrderPage</a></td><td rowspan="1">1762923790522</td><td rowspan="1">22285</td></tr><tr><th colspan="4">Discount Management Tests &#8212; passed</th></tr><tr class="passedeven"><td rowspan="5">tests.BrandsManagementTest</td><td><a href="#m39">AddnewBrandFullflow</a></td><td rowspan="1">1762923662354</td><td rowspan="1">33929</td></tr><tr class="passedeven"><td><a href="#m40">EdirActionButtonFlow</a></td><td rowspan="1">1762923706834</td><td rowspan="1">9222</td></tr><tr class="passedeven"><td><a href="#m41">checkFullFlowOfBrandManagement</a></td><td rowspan="1">1762923624709</td><td rowspan="1">16232</td></tr><tr class="passedeven"><td><a href="#m42">resetButtonFlow</a></td><td rowspan="1">1762923642838</td><td rowspan="1">17976</td></tr><tr class="passedeven"><td><a href="#m43">verifyErrorCountTest</a></td><td rowspan="1">1762923697736</td><td rowspan="1">7532</td></tr><tr class="passedodd"><td rowspan="6">tests.Dicountmanagement</td><td><a href="#m44">validateAddNewDiscount_PositiveFlow</a></td><td rowspan="1">1762923516955</td><td rowspan="1">25488</td></tr><tr class="passedodd"><td><a href="#m45">validateNoSelection_ShowsError</a></td><td rowspan="1">1762923557141</td><td rowspan="1">518</td></tr><tr class="passedodd"><td><a href="#m46">verifyCategorySubcategoryDependency</a></td><td rowspan="1">1762923549380</td><td rowspan="1">1349</td></tr><tr class="passedodd"><td><a href="#m47">verifyDiscountHistoryAndBackButton</a></td><td rowspan="1">1762923563661</td><td rowspan="1">5098</td></tr><tr class="passedodd"><td><a href="#m48">verifySearchAndCategoryFilter</a></td><td rowspan="1">1762923622434</td><td rowspan="1">901</td></tr><tr class="passedodd"><td><a href="#m49">verifyStatusDropdownSorting</a></td><td rowspan="1">1762923575062</td><td rowspan="1">41284</td></tr><tr class="passedeven"><td rowspan="3">tests.OrderManagementTest</td><td><a href="#m50">CalculationlogicforAllOrderValidation</a></td><td rowspan="1">1762923748718</td><td rowspan="1">29745</td></tr><tr class="passedeven"><td><a href="#m51">ValidatePriceTaxShippingTotals</a></td><td rowspan="1">1762923780198</td><td rowspan="1">8574</td></tr><tr class="passedeven"><td><a href="#m52">cancleandReturn</a></td><td rowspan="1">1762923814332</td><td rowspan="1">16867</td></tr></tbody>
</table>
<h2>User Authentication Tests</h2><h3 id="m0">tests.LoginTests#Checkforgotpassbtn</h3><table class="result"><tr><th class="invisible"/></tr></table><p class="totop"><a href="#summary">back to summary</a></p>
<h3 id="m1">tests.LoginTests#Createaccount</h3><table class="result"><tr><th class="invisible"/></tr></table><p class="totop"><a href="#summary">back to summary</a></p>
<h3 id="m2">tests.LoginTests#TestInvalxpathEmail</h3><table class="result"><tr><th class="invisible"/></tr></table><p class="totop"><a href="#summary">back to summary</a></p>
<h3 id="m3">tests.LoginTests#TestInvalxpathPassword</h3><table class="result"><tr><th class="invisible"/></tr></table><p class="totop"><a href="#summary">back to summary</a></p>
<h3 id="m4">tests.LoginTests#TestValxpathLogin</h3><table class="result"><tr><th class="invisible"/></tr></table><p class="totop"><a href="#summary">back to summary</a></p>
<h3 id="m5">tests.RegisterTests#TestUserRegistration</h3><table class="result"><tr><th class="invisible"/></tr></table><p class="totop"><a href="#summary">back to summary</a></p>
<h3 id="m6">tests.RegisterTests#UserRegistrationDuplicateEmail</h3><table class="result"><tr><th class="invisible"/></tr></table><p class="totop"><a href="#summary">back to summary</a></p>
<h3 id="m7">tests.RegisterTests#UserRegistrationDuplicateuserName</h3><table class="result"><tr><th class="invisible"/></tr></table><p class="totop"><a href="#summary">back to summary</a></p>
<h2>Password Recovery Tests</h2><h3 id="m8">tests.ForgotPasswordTests#TestResetPasswordWithValidemail</h3><table class="result"><tr><th class="invisible"/></tr></table><p class="totop"><a href="#summary">back to summary</a></p>
<h3 id="m9">tests.ForgotPasswordTests#TestResetPasswordWithinvlaidemail</h3><table class="result"><tr><th class="invisible"/></tr></table><p class="totop"><a href="#summary">back to summary</a></p>
<h2>Product Management Tests</h2><h3 id="m10">tests.ActiveProductTest#testActionSection</h3><table class="result"><tr><th>Exception</th></tr><tr><td><div class="stacktrace">java.lang.IllegalArgumentException: ❌ Invalid index: 0. Must be between 1 and 11
	at Pages.AllProductsPage.clickEditIcon(AllProductsPage.java:337)
	at tests.ActiveProductTest.testActionSection(ActiveProductTest.java:285)
	at java.base/java.util.ArrayList.forEach(ArrayList.java:1596)
... Removed 25 stack frames</div></td></tr></table><p class="totop"><a href="#summary">back to summary</a></p>
<h3 id="m11">tests.AllProductsTests#TestAdvancedFilter</h3><table class="result"><tr><th>Exception</th></tr><tr><td><div class="stacktrace">org.openqa.selenium.TimeoutException: Expected condition failed: waiting for visibility of all elements located by By.cssSelector: td.w-12 (tried for 5 second(s) with 500 milliseconds interval)
Build info: version: &apos;4.14.0&apos;, revision: &apos;e5a96349ce&apos;
System info: os.name: &apos;Windows 11&apos;, os.arch: &apos;amd64&apos;, os.version: &apos;10.0&apos;, java.version: &apos;21.0.8&apos;
Driver info: org.openqa.selenium.edge.EdgeDriver
Capabilities {acceptInsecureCerts: false, browserName: MicrosoftEdge, browserVersion: 142.0.3595.69, fedcm:accounts: true, goog:processID: 2840, ms:edgeOptions: {debuggerAddress: localhost:61616}, msedge: {msedgedriverVersion: 142.0.3595.53 (e9d637e9672e..., userDataDir: C:\Users\INSOF_~1\AppData\L...}, networkConnectionEnabled: false, pageLoadStrategy: normal, platformName: windows, proxy: Proxy(), se:cdp: ws://localhost:61616/devtoo..., se:cdpVersion: 142.0.3595.69, setWindowRect: true, strictFileInteractability: false, timeouts: {implicit: 0, pageLoad: 300000, script: 30000}, unhandledPromptBehavior: dismiss and notify, webauthn:extension:credBlob: true, webauthn:extension:largeBlob: true, webauthn:extension:minPinLength: true, webauthn:extension:prf: true, webauthn:virtualAuthenticators: true}
Session ID: 3748ef6807186e26a8e082aec3462e58
	at org.openqa.selenium.support.ui.WebDriverWait.timeoutException(WebDriverWait.java:84)
	at org.openqa.selenium.support.ui.FluentWait.until(FluentWait.java:230)
	at Pages.AllProductsPage.getProductPrices(AllProductsPage.java:510)
	at tests.AllProductsTests.TestAdvancedFilter(AllProductsTests.java:223)
	at java.base/java.util.ArrayList.forEach(ArrayList.java:1596)
... Removed 25 stack frames</div></td></tr></table><p class="totop"><a href="#summary">back to summary</a></p>
<h3 id="m12">tests.AllProductsTests#TestFilterProductsByCategory</h3><table class="result"><tr><th>Exception</th></tr><tr><td><div class="stacktrace">org.openqa.selenium.TimeoutException: Expected condition failed: waiting for presence of any elements located by By.xpath: //a[contains(@class,&apos;fs-xsmall&apos;) and contains(@class,&apos;text-secondary&apos;)] (tried for 4 second(s) with 500 milliseconds interval)
Build info: version: &apos;4.14.0&apos;, revision: &apos;e5a96349ce&apos;
System info: os.name: &apos;Windows 11&apos;, os.arch: &apos;amd64&apos;, os.version: &apos;10.0&apos;, java.version: &apos;21.0.8&apos;
Driver info: org.openqa.selenium.edge.EdgeDriver
Capabilities {acceptInsecureCerts: false, browserName: MicrosoftEdge, browserVersion: 142.0.3595.69, fedcm:accounts: true, goog:processID: 5664, ms:edgeOptions: {debuggerAddress: localhost:50944}, msedge: {msedgedriverVersion: 142.0.3595.53 (e9d637e9672e..., userDataDir: C:\Users\INSOF_~1\AppData\L...}, networkConnectionEnabled: false, pageLoadStrategy: normal, platformName: windows, proxy: Proxy(), se:cdp: ws://localhost:50944/devtoo..., se:cdpVersion: 142.0.3595.69, setWindowRect: true, strictFileInteractability: false, timeouts: {implicit: 0, pageLoad: 300000, script: 30000}, unhandledPromptBehavior: dismiss and notify, webauthn:extension:credBlob: true, webauthn:extension:largeBlob: true, webauthn:extension:minPinLength: true, webauthn:extension:prf: true, webauthn:virtualAuthenticators: true}
Session ID: 598cbbd3e8718ca6baae62220ec2051e
	at org.openqa.selenium.support.ui.WebDriverWait.timeoutException(WebDriverWait.java:84)
	at org.openqa.selenium.support.ui.FluentWait.until(FluentWait.java:230)
	at Pages.AllProductsPage.selectCategory(AllProductsPage.java:467)
	at tests.AllProductsTests.TestFilterProductsByCategory(AllProductsTests.java:404)
	at java.base/java.util.ArrayList.forEach(ArrayList.java:1596)
... Removed 25 stack frames</div></td></tr></table><p class="totop"><a href="#summary">back to summary</a></p>
<h3 id="m13">tests.AllProductsTests#TestSortByFilter</h3><table class="result"><tr><th>Exception</th></tr><tr><td><div class="stacktrace">org.openqa.selenium.TimeoutException: Expected condition failed: waiting for visibility of all elements located by By.cssSelector: td.w-12 (tried for 5 second(s) with 500 milliseconds interval)
Build info: version: &apos;4.14.0&apos;, revision: &apos;e5a96349ce&apos;
System info: os.name: &apos;Windows 11&apos;, os.arch: &apos;amd64&apos;, os.version: &apos;10.0&apos;, java.version: &apos;21.0.8&apos;
Driver info: org.openqa.selenium.edge.EdgeDriver
Capabilities {acceptInsecureCerts: false, browserName: MicrosoftEdge, browserVersion: 142.0.3595.69, fedcm:accounts: true, goog:processID: 11380, ms:edgeOptions: {debuggerAddress: localhost:53086}, msedge: {msedgedriverVersion: 142.0.3595.53 (e9d637e9672e..., userDataDir: C:\Users\INSOF_~1\AppData\L...}, networkConnectionEnabled: false, pageLoadStrategy: normal, platformName: windows, proxy: Proxy(), se:cdp: ws://localhost:53086/devtoo..., se:cdpVersion: 142.0.3595.69, setWindowRect: true, strictFileInteractability: false, timeouts: {implicit: 0, pageLoad: 300000, script: 30000}, unhandledPromptBehavior: dismiss and notify, webauthn:extension:credBlob: true, webauthn:extension:largeBlob: true, webauthn:extension:minPinLength: true, webauthn:extension:prf: true, webauthn:virtualAuthenticators: true}
Session ID: ed525bc0edb373bd79dfaf6484de8084
	at org.openqa.selenium.support.ui.WebDriverWait.timeoutException(WebDriverWait.java:84)
	at org.openqa.selenium.support.ui.FluentWait.until(FluentWait.java:230)
	at Pages.AllProductsPage.getProductPrices(AllProductsPage.java:510)
	at tests.AllProductsTests.TestSortByFilter(AllProductsTests.java:117)
	at java.base/java.util.ArrayList.forEach(ArrayList.java:1596)
... Removed 25 stack frames</div></td></tr></table><p class="totop"><a href="#summary">back to summary</a></p>
<h3 id="m14">tests.AllProductsTests#TestStatusFilter</h3><table class="result"><tr><th>Exception</th></tr><tr><td><div class="stacktrace">java.lang.AssertionError: ❌ Some products are NOT Active after applying &apos;Active&apos; filter! expected [true] but found [false]
	at tests.AllProductsTests.TestStatusFilter(AllProductsTests.java:174)
	at java.base/java.util.ArrayList.forEach(ArrayList.java:1596)
... Removed 28 stack frames</div></td></tr></table><p class="totop"><a href="#summary">back to summary</a></p>
<h3 id="m15">tests.ActiveProductTest#AddnewProductBTN</h3><table class="result"><tr><th class="invisible"/></tr></table><p class="totop"><a href="#summary">back to summary</a></p>
<h3 id="m16">tests.ActiveProductTest#TestActiveProductPageLoads</h3><table class="result"><tr><th class="invisible"/></tr></table><p class="totop"><a href="#summary">back to summary</a></p>
<h3 id="m17">tests.ActiveProductTest#TestActiveProductView</h3><table class="result"><tr><th class="invisible"/></tr></table><p class="totop"><a href="#summary">back to summary</a></p>
<h3 id="m18">tests.ActiveProductTest#TestAdvancedFilter</h3><table class="result"><tr><th class="invisible"/></tr></table><p class="totop"><a href="#summary">back to summary</a></p>
<h3 id="m19">tests.ActiveProductTest#TestExportCSVFunctionality</h3><table class="result"><tr><th class="invisible"/></tr></table><p class="totop"><a href="#summary">back to summary</a></p>
<h3 id="m20">tests.ActiveProductTest#TestFilterProductsByCategory</h3><table class="result"><tr><th class="invisible"/></tr></table><p class="totop"><a href="#summary">back to summary</a></p>
<h3 id="m21">tests.ActiveProductTest#TestResetButton</h3><table class="result"><tr><th class="invisible"/></tr></table><p class="totop"><a href="#summary">back to summary</a></p>
<h3 id="m22">tests.ActiveProductTest#TestSearchKeywordFilter</h3><table class="result"><tr><th class="invisible"/></tr></table><p class="totop"><a href="#summary">back to summary</a></p>
<h3 id="m23">tests.ActiveProductTest#TestSortByFilter</h3><table class="result"><tr><th class="invisible"/></tr></table><p class="totop"><a href="#summary">back to summary</a></p>
<h3 id="m24">tests.ActiveProductTest#TestStatusFilter</h3><table class="result"><tr><th class="invisible"/></tr></table><p class="totop"><a href="#summary">back to summary</a></p>
<h3 id="m25">tests.ActiveProductTest#TestToggleByIndex</h3><table class="result"><tr><th class="invisible"/></tr></table><p class="totop"><a href="#summary">back to summary</a></p>
<h3 id="m26">tests.AddProductTest#CheckDupicatproduct</h3><table class="result"><tr><th class="invisible"/></tr></table><p class="totop"><a href="#summary">back to summary</a></p>
<h3 id="m27">tests.AddProductTest#TestAddNewProductFullFlow</h3><table class="result"><tr><th class="invisible"/></tr></table><p class="totop"><a href="#summary">back to summary</a></p>
<h3 id="m28">tests.AddProductTest#TestMandatoryBasicDetailsValidationSeparate</h3><table class="result"><tr><th class="invisible"/></tr></table><p class="totop"><a href="#summary">back to summary</a></p>
<h3 id="m29">tests.AddProductTest#VerifyCategorySubcategoryDependency</h3><table class="result"><tr><th class="invisible"/></tr></table><p class="totop"><a href="#summary">back to summary</a></p>
<h3 id="m30">tests.AllProductsTests#AddnewProductBTN</h3><table class="result"><tr><th class="invisible"/></tr></table><p class="totop"><a href="#summary">back to summary</a></p>
<h3 id="m31">tests.AllProductsTests#TestAllProductPageLoads</h3><table class="result"><tr><th class="invisible"/></tr></table><p class="totop"><a href="#summary">back to summary</a></p>
<h3 id="m32">tests.AllProductsTests#TestExportCSVFunctionality</h3><table class="result"><tr><th class="invisible"/></tr></table><p class="totop"><a href="#summary">back to summary</a></p>
<h3 id="m33">tests.AllProductsTests#TestResetButton</h3><table class="result"><tr><th class="invisible"/></tr></table><p class="totop"><a href="#summary">back to summary</a></p>
<h3 id="m34">tests.AllProductsTests#TestSearchKeywordFilter</h3><table class="result"><tr><th class="invisible"/></tr></table><p class="totop"><a href="#summary">back to summary</a></p>
<h3 id="m35">tests.AllProductsTests#TestToggleByIndex</h3><table class="result"><tr><th class="invisible"/></tr></table><p class="totop"><a href="#summary">back to summary</a></p>
<h3 id="m36">tests.AllProductsTests#testActionSection</h3><table class="result"><tr><th class="invisible"/></tr></table><p class="totop"><a href="#summary">back to summary</a></p>
<h2>Discount Management Tests</h2><h3 id="m37">tests.OrderManagementTest#OpenOrderManagmentpage</h3><table class="result"><tr><th>Exception</th></tr><tr><td><div class="stacktrace">java.lang.AssertionError: 
❌ Status mismatch!
Expected: Payment Failed
Found Class: activebtn delivered
Found Text: delivered expected [true] but found [false]
	at Pages.OrderManagementPage.checkOrderStatusFilter(OrderManagementPage.java:160)
	at tests.OrderManagementTest.OpenOrderManagmentpage(OrderManagementTest.java:34)
	at java.base/java.util.ArrayList.forEach(ArrayList.java:1596)
... Removed 28 stack frames</div></td></tr></table><p class="totop"><a href="#summary">back to summary</a></p>
<h3 id="m38">tests.OrderManagementTest#OrderPage</h3><table class="result"><tr><th>Exception</th></tr><tr><td><div class="stacktrace">org.openqa.selenium.ElementClickInterceptedException: element click intercepted: Element is not clickable at point (651, -8)
  (Session info: MicrosoftEdge=142.0.3595.69)
Build info: version: &apos;4.14.0&apos;, revision: &apos;e5a96349ce&apos;
System info: os.name: &apos;Windows 11&apos;, os.arch: &apos;amd64&apos;, os.version: &apos;10.0&apos;, java.version: &apos;21.0.8&apos;
Driver info: org.openqa.selenium.edge.EdgeDriver
Command: [30a9497ba2fdc4103b3d5b88df94e93b, clickElement {id=f.E72B261B22B96AA77C43C273F60262BD.d.FD74B2274C965AE242C91B62D1F7BB90.e.8113}]
Capabilities {acceptInsecureCerts: false, browserName: MicrosoftEdge, browserVersion: 142.0.3595.69, fedcm:accounts: true, goog:processID: 7416, ms:edgeOptions: {debuggerAddress: localhost:64058}, msedge: {msedgedriverVersion: 142.0.3595.53 (e9d637e9672e..., userDataDir: C:\Users\INSOF_~1\AppData\L...}, networkConnectionEnabled: false, pageLoadStrategy: normal, platformName: windows, proxy: Proxy(), se:cdp: ws://localhost:64058/devtoo..., se:cdpVersion: 142.0.3595.69, setWindowRect: true, strictFileInteractability: false, timeouts: {implicit: 0, pageLoad: 300000, script: 30000}, unhandledPromptBehavior: dismiss and notify, webauthn:extension:credBlob: true, webauthn:extension:largeBlob: true, webauthn:extension:minPinLength: true, webauthn:extension:prf: true, webauthn:virtualAuthenticators: true}
Element: [[[[EdgeDriver: MicrosoftEdge on windows (30a9497ba2fdc4103b3d5b88df94e93b)] -&gt; xpath: //td[@class=&quot;orderStatustd&quot;] ]] -&gt; tag name: a]
Session ID: 30a9497ba2fdc4103b3d5b88df94e93b
	at org.openqa.selenium.remote.codec.w3c.W3CHttpResponseCodec.createException(W3CHttpResponseCodec.java:200)
	at org.openqa.selenium.remote.codec.w3c.W3CHttpResponseCodec.decode(W3CHttpResponseCodec.java:133)
	at org.openqa.selenium.remote.codec.w3c.W3CHttpResponseCodec.decode(W3CHttpResponseCodec.java:52)
	at org.openqa.selenium.remote.HttpCommandExecutor.execute(HttpCommandExecutor.java:191)
	at org.openqa.selenium.remote.service.DriverCommandExecutor.invokeExecute(DriverCommandExecutor.java:196)
	at org.openqa.selenium.remote.service.DriverCommandExecutor.execute(DriverCommandExecutor.java:171)
	at org.openqa.selenium.remote.RemoteWebDriver.execute(RemoteWebDriver.java:602)
	at org.openqa.selenium.remote.RemoteWebElement.execute(RemoteWebElement.java:224)
	at org.openqa.selenium.remote.RemoteWebElement.click(RemoteWebElement.java:77)
	at Pages.OrderManagementPage.validateOrderDetailsByIndex(OrderManagementPage.java:424)
	at Pages.OrderManagementPage.validateTopFiveOrders(OrderManagementPage.java:391)
	at tests.OrderManagementTest.OrderPage(OrderManagementTest.java:92)
	at java.base/java.util.ArrayList.forEach(ArrayList.java:1596)
... Removed 28 stack frames</div></td></tr></table><p class="totop"><a href="#summary">back to summary</a></p>
<h3 id="m39">tests.BrandsManagementTest#AddnewBrandFullflow</h3><table class="result"><tr><th class="invisible"/></tr></table><p class="totop"><a href="#summary">back to summary</a></p>
<h3 id="m40">tests.BrandsManagementTest#EdirActionButtonFlow</h3><table class="result"><tr><th class="invisible"/></tr></table><p class="totop"><a href="#summary">back to summary</a></p>
<h3 id="m41">tests.BrandsManagementTest#checkFullFlowOfBrandManagement</h3><table class="result"><tr><th class="invisible"/></tr></table><p class="totop"><a href="#summary">back to summary</a></p>
<h3 id="m42">tests.BrandsManagementTest#resetButtonFlow</h3><table class="result"><tr><th class="invisible"/></tr></table><p class="totop"><a href="#summary">back to summary</a></p>
<h3 id="m43">tests.BrandsManagementTest#verifyErrorCountTest</h3><table class="result"><tr><th class="invisible"/></tr></table><p class="totop"><a href="#summary">back to summary</a></p>
<h3 id="m44">tests.Dicountmanagement#validateAddNewDiscount_PositiveFlow</h3><table class="result"><tr><th class="invisible"/></tr></table><p class="totop"><a href="#summary">back to summary</a></p>
<h3 id="m45">tests.Dicountmanagement#validateNoSelection_ShowsError</h3><table class="result"><tr><th class="invisible"/></tr></table><p class="totop"><a href="#summary">back to summary</a></p>
<h3 id="m46">tests.Dicountmanagement#verifyCategorySubcategoryDependency</h3><table class="result"><tr><th class="invisible"/></tr></table><p class="totop"><a href="#summary">back to summary</a></p>
<h3 id="m47">tests.Dicountmanagement#verifyDiscountHistoryAndBackButton</h3><table class="result"><tr><th class="invisible"/></tr></table><p class="totop"><a href="#summary">back to summary</a></p>
<h3 id="m48">tests.Dicountmanagement#verifySearchAndCategoryFilter</h3><table class="result"><tr><th class="invisible"/></tr></table><p class="totop"><a href="#summary">back to summary</a></p>
<h3 id="m49">tests.Dicountmanagement#verifyStatusDropdownSorting</h3><table class="result"><tr><th class="invisible"/></tr></table><p class="totop"><a href="#summary">back to summary</a></p>
<h3 id="m50">tests.OrderManagementTest#CalculationlogicforAllOrderValidation</h3><table class="result"><tr><th class="invisible"/></tr></table><p class="totop"><a href="#summary">back to summary</a></p>
<h3 id="m51">tests.OrderManagementTest#ValidatePriceTaxShippingTotals</h3><table class="result"><tr><th class="invisible"/></tr></table><p class="totop"><a href="#summary">back to summary</a></p>
<h3 id="m52">tests.OrderManagementTest#cancleandReturn</h3><table class="result"><tr><th class="invisible"/></tr></table><p class="totop"><a href="#summary">back to summary</a></p>
</body>
</html>
