<!DOCTYPE html>

<html>
  <head>
  <meta charset='utf-8'>
  <title>TestNG reports</title>

    <link type="text/css" href="testng-reports1.css" rel="stylesheet" id="ultra" />
    <link type="text/css" href="testng-reports.css" rel="stylesheet" id="retro" disabled="false"/>
    <script type="text/javascript" src="jquery-3.6.0.min.js"></script>
    <script type="text/javascript" src="testng-reports.js"></script>
    <script type="text/javascript" src="https://www.google.com/jsapi"></script>
    <script type='text/javascript'>
      google.load('visualization', '1', {packages:['table']});
      google.setOnLoadCallback(drawTable);
      var suiteTableInitFunctions = new Array();
      var suiteTableData = new Array();
    </script>
    <!--
      <script type="text/javascript" src="jquery-ui/js/jquery-ui-1.8.16.custom.min.js"></script>
     -->
  </head>

  <body>    <div class="top-banner-root">
      <span class="top-banner-title-font">Test results</span>
      <button id="button" class="button">Switch Retro Theme</button> <!-- button -->
      <br/>
      <span class="top-banner-font-1">1 suite, 7 failed tests</span>
    </div> <!-- top-banner-root -->
    <div class="navigator-root">
      <div class="navigator-suite-header">
        <span>All suites</span>
        <a href="#" title="Collapse/expand all the suites" class="collapse-all-link">
          <img src="collapseall.gif" class="collapse-all-icon">
          </img> <!-- collapse-all-icon -->
        </a> <!-- collapse-all-link -->
      </div> <!-- navigator-suite-header -->
      <div class="suite">
        <div class="rounded-window">
          <div class="suite-header light-rounded-window-top">
            <a href="#" panel-name="suite-Actpal_Suite" class="navigator-link">
              <span class="suite-name border-failed">Actpal Suite</span>
            </a> <!-- navigator-link -->
          </div> <!-- suite-header light-rounded-window-top -->
          <div class="navigator-suite-content">
            <div class="suite-section-title">
              <span>Info</span>
            </div> <!-- suite-section-title -->
            <div class="suite-section-content">
              <ul>
                <li>
                  <a href="#" panel-name="test-xml-Actpal_Suite" class="navigator-link ">
                    <span>C:\Users\insof_f8ae8du\git\ACTPAL_SELLER_AUTOMATION\Actpal\testng.xml</span>
                  </a> <!-- navigator-link  -->
                </li>
                <li>
                  <a href="#" panel-name="testlist-Actpal_Suite" class="navigator-link ">
                    <span class="test-stats">4 tests</span>
                  </a> <!-- navigator-link  -->
                </li>
                <li>
                  <a href="#" panel-name="group-Actpal_Suite" class="navigator-link ">
                    <span>0 groups</span>
                  </a> <!-- navigator-link  -->
                </li>
                <li>
                  <a href="#" panel-name="times-Actpal_Suite" class="navigator-link ">
                    <span>Times</span>
                  </a> <!-- navigator-link  -->
                </li>
                <li>
                  <a href="#" panel-name="reporter-Actpal_Suite" class="navigator-link ">
                    <span>Reporter output</span>
                  </a> <!-- navigator-link  -->
                </li>
                <li>
                  <a href="#" panel-name="ignored-methods-Actpal_Suite" class="navigator-link ">
                    <span>Ignored methods</span>
                  </a> <!-- navigator-link  -->
                </li>
                <li>
                  <a href="#" panel-name="chronological-Actpal_Suite" class="navigator-link ">
                    <span>Chronological view</span>
                  </a> <!-- navigator-link  -->
                </li>
              </ul>
            </div> <!-- suite-section-content -->
            <div class="result-section">
              <div class="suite-section-title">
                <span>Results</span>
              </div> <!-- suite-section-title -->
              <div class="suite-section-content">
                <ul>
                  <li>
                    <span class="method-stats">53 methods, 7 failed,   46 passed</span>
                  </li>
                  <li>
                    <span class="method-list-title failed">Failed methods</span>
                    <span class="show-or-hide-methods failed">
                      <a href="#" panel-name="suite-Actpal_Suite" class="hide-methods failed suite-Actpal_Suite"> (hide)</a> <!-- hide-methods failed suite-Actpal_Suite -->
                      <a href="#" panel-name="suite-Actpal_Suite" class="show-methods failed suite-Actpal_Suite"> (show)</a> <!-- show-methods failed suite-Actpal_Suite -->
                    </span>
                    <div class="method-list-content failed suite-Actpal_Suite">
                      <span>
                        <img src="failed.png" width="3%"/>
                        <a href="#" panel-name="suite-Actpal_Suite" title="tests.OrderManagementTest" class="method navigator-link" hash-for-method="OpenOrderManagmentpage">OpenOrderManagmentpage</a> <!-- method navigator-link -->
                      </span>
                      <br/>
                      <span>
                        <img src="failed.png" width="3%"/>
                        <a href="#" panel-name="suite-Actpal_Suite" title="tests.OrderManagementTest" class="method navigator-link" hash-for-method="OrderPage">OrderPage</a> <!-- method navigator-link -->
                      </span>
                      <br/>
                      <span>
                        <img src="failed.png" width="3%"/>
                        <a href="#" panel-name="suite-Actpal_Suite" title="tests.AllProductsTests" class="method navigator-link" hash-for-method="TestAdvancedFilter">TestAdvancedFilter</a> <!-- method navigator-link -->
                      </span>
                      <br/>
                      <span>
                        <img src="failed.png" width="3%"/>
                        <a href="#" panel-name="suite-Actpal_Suite" title="tests.AllProductsTests" class="method navigator-link" hash-for-method="TestFilterProductsByCategory">TestFilterProductsByCategory</a> <!-- method navigator-link -->
                      </span>
                      <br/>
                      <span>
                        <img src="failed.png" width="3%"/>
                        <a href="#" panel-name="suite-Actpal_Suite" title="tests.AllProductsTests" class="method navigator-link" hash-for-method="TestSortByFilter">TestSortByFilter</a> <!-- method navigator-link -->
                      </span>
                      <br/>
                      <span>
                        <img src="failed.png" width="3%"/>
                        <a href="#" panel-name="suite-Actpal_Suite" title="tests.AllProductsTests" class="method navigator-link" hash-for-method="TestStatusFilter">TestStatusFilter</a> <!-- method navigator-link -->
                      </span>
                      <br/>
                      <span>
                        <img src="failed.png" width="3%"/>
                        <a href="#" panel-name="suite-Actpal_Suite" title="tests.ActiveProductTest" class="method navigator-link" hash-for-method="testActionSection">testActionSection</a> <!-- method navigator-link -->
                      </span>
                      <br/>
                    </div> <!-- method-list-content failed suite-Actpal_Suite -->
                  </li>
                  <li>
                    <span class="method-list-title passed">Passed methods</span>
                    <span class="show-or-hide-methods passed">
                      <a href="#" panel-name="suite-Actpal_Suite" class="hide-methods passed suite-Actpal_Suite"> (hide)</a> <!-- hide-methods passed suite-Actpal_Suite -->
                      <a href="#" panel-name="suite-Actpal_Suite" class="show-methods passed suite-Actpal_Suite"> (show)</a> <!-- show-methods passed suite-Actpal_Suite -->
                    </span>
                    <div class="method-list-content passed suite-Actpal_Suite">
                      <span>
                        <img src="passed.png" width="3%"/>
                        <a href="#" panel-name="suite-Actpal_Suite" title="tests.BrandsManagementTest" class="method navigator-link" hash-for-method="AddnewBrandFullflow">AddnewBrandFullflow</a> <!-- method navigator-link -->
                      </span>
                      <br/>
                      <span>
                        <img src="passed.png" width="3%"/>
                        <a href="#" panel-name="suite-Actpal_Suite" title="tests.ActiveProductTest" class="method navigator-link" hash-for-method="AddnewProductBTN">AddnewProductBTN</a> <!-- method navigator-link -->
                      </span>
                      <br/>
                      <span>
                        <img src="passed.png" width="3%"/>
                        <a href="#" panel-name="suite-Actpal_Suite" title="tests.AllProductsTests" class="method navigator-link" hash-for-method="AddnewProductBTN">AddnewProductBTN</a> <!-- method navigator-link -->
                      </span>
                      <br/>
                      <span>
                        <img src="passed.png" width="3%"/>
                        <a href="#" panel-name="suite-Actpal_Suite" title="tests.OrderManagementTest" class="method navigator-link" hash-for-method="CalculationlogicforAllOrderValidation">CalculationlogicforAllOrderValidation</a> <!-- method navigator-link -->
                      </span>
                      <br/>
                      <span>
                        <img src="passed.png" width="3%"/>
                        <a href="#" panel-name="suite-Actpal_Suite" title="tests.AddProductTest" class="method navigator-link" hash-for-method="CheckDupicatproduct">CheckDupicatproduct</a> <!-- method navigator-link -->
                      </span>
                      <br/>
                      <span>
                        <img src="passed.png" width="3%"/>
                        <a href="#" panel-name="suite-Actpal_Suite" title="tests.LoginTests" class="method navigator-link" hash-for-method="Checkforgotpassbtn">Checkforgotpassbtn</a> <!-- method navigator-link -->
                      </span>
                      <br/>
                      <span>
                        <img src="passed.png" width="3%"/>
                        <a href="#" panel-name="suite-Actpal_Suite" title="tests.LoginTests" class="method navigator-link" hash-for-method="Createaccount">Createaccount</a> <!-- method navigator-link -->
                      </span>
                      <br/>
                      <span>
                        <img src="passed.png" width="3%"/>
                        <a href="#" panel-name="suite-Actpal_Suite" title="tests.BrandsManagementTest" class="method navigator-link" hash-for-method="EdirActionButtonFlow">EdirActionButtonFlow</a> <!-- method navigator-link -->
                      </span>
                      <br/>
                      <span>
                        <img src="passed.png" width="3%"/>
                        <a href="#" panel-name="suite-Actpal_Suite" title="tests.ActiveProductTest" class="method navigator-link" hash-for-method="TestActiveProductPageLoads">TestActiveProductPageLoads</a> <!-- method navigator-link -->
                      </span>
                      <br/>
                      <span>
                        <img src="passed.png" width="3%"/>
                        <a href="#" panel-name="suite-Actpal_Suite" title="tests.ActiveProductTest" class="method navigator-link" hash-for-method="TestActiveProductView">TestActiveProductView</a> <!-- method navigator-link -->
                      </span>
                      <br/>
                      <span>
                        <img src="passed.png" width="3%"/>
                        <a href="#" panel-name="suite-Actpal_Suite" title="tests.AddProductTest" class="method navigator-link" hash-for-method="TestAddNewProductFullFlow">TestAddNewProductFullFlow</a> <!-- method navigator-link -->
                      </span>
                      <br/>
                      <span>
                        <img src="passed.png" width="3%"/>
                        <a href="#" panel-name="suite-Actpal_Suite" title="tests.ActiveProductTest" class="method navigator-link" hash-for-method="TestAdvancedFilter">TestAdvancedFilter</a> <!-- method navigator-link -->
                      </span>
                      <br/>
                      <span>
                        <img src="passed.png" width="3%"/>
                        <a href="#" panel-name="suite-Actpal_Suite" title="tests.AllProductsTests" class="method navigator-link" hash-for-method="TestAllProductPageLoads">TestAllProductPageLoads</a> <!-- method navigator-link -->
                      </span>
                      <br/>
                      <span>
                        <img src="passed.png" width="3%"/>
                        <a href="#" panel-name="suite-Actpal_Suite" title="tests.ActiveProductTest" class="method navigator-link" hash-for-method="TestExportCSVFunctionality">TestExportCSVFunctionality</a> <!-- method navigator-link -->
                      </span>
                      <br/>
                      <span>
                        <img src="passed.png" width="3%"/>
                        <a href="#" panel-name="suite-Actpal_Suite" title="tests.AllProductsTests" class="method navigator-link" hash-for-method="TestExportCSVFunctionality">TestExportCSVFunctionality</a> <!-- method navigator-link -->
                      </span>
                      <br/>
                      <span>
                        <img src="passed.png" width="3%"/>
                        <a href="#" panel-name="suite-Actpal_Suite" title="tests.ActiveProductTest" class="method navigator-link" hash-for-method="TestFilterProductsByCategory">TestFilterProductsByCategory</a> <!-- method navigator-link -->
                      </span>
                      <br/>
                      <span>
                        <img src="passed.png" width="3%"/>
                        <a href="#" panel-name="suite-Actpal_Suite" title="tests.LoginTests" class="method navigator-link" hash-for-method="TestInvalxpathEmail">TestInvalxpathEmail</a> <!-- method navigator-link -->
                      </span>
                      <br/>
                      <span>
                        <img src="passed.png" width="3%"/>
                        <a href="#" panel-name="suite-Actpal_Suite" title="tests.LoginTests" class="method navigator-link" hash-for-method="TestInvalxpathPassword">TestInvalxpathPassword</a> <!-- method navigator-link -->
                      </span>
                      <br/>
                      <span>
                        <img src="passed.png" width="3%"/>
                        <a href="#" panel-name="suite-Actpal_Suite" title="tests.AddProductTest" class="method navigator-link" hash-for-method="TestMandatoryBasicDetailsValidationSeparate">TestMandatoryBasicDetailsValidationSeparate</a> <!-- method navigator-link -->
                      </span>
                      <br/>
                      <span>
                        <img src="passed.png" width="3%"/>
                        <a href="#" panel-name="suite-Actpal_Suite" title="tests.AllProductsTests" class="method navigator-link" hash-for-method="TestResetButton">TestResetButton</a> <!-- method navigator-link -->
                      </span>
                      <br/>
                      <span>
                        <img src="passed.png" width="3%"/>
                        <a href="#" panel-name="suite-Actpal_Suite" title="tests.ActiveProductTest" class="method navigator-link" hash-for-method="TestResetButton">TestResetButton</a> <!-- method navigator-link -->
                      </span>
                      <br/>
                      <span>
                        <img src="passed.png" width="3%"/>
                        <a href="#" panel-name="suite-Actpal_Suite" title="tests.ForgotPasswordTests" class="method navigator-link" hash-for-method="TestResetPasswordWithValidemail">TestResetPasswordWithValidemail</a> <!-- method navigator-link -->
                      </span>
                      <br/>
                      <span>
                        <img src="passed.png" width="3%"/>
                        <a href="#" panel-name="suite-Actpal_Suite" title="tests.ForgotPasswordTests" class="method navigator-link" hash-for-method="TestResetPasswordWithinvlaidemail">TestResetPasswordWithinvlaidemail</a> <!-- method navigator-link -->
                      </span>
                      <br/>
                      <span>
                        <img src="passed.png" width="3%"/>
                        <a href="#" panel-name="suite-Actpal_Suite" title="tests.ActiveProductTest" class="method navigator-link" hash-for-method="TestSearchKeywordFilter">TestSearchKeywordFilter</a> <!-- method navigator-link -->
                      </span>
                      <br/>
                      <span>
                        <img src="passed.png" width="3%"/>
                        <a href="#" panel-name="suite-Actpal_Suite" title="tests.AllProductsTests" class="method navigator-link" hash-for-method="TestSearchKeywordFilter">TestSearchKeywordFilter</a> <!-- method navigator-link -->
                      </span>
                      <br/>
                      <span>
                        <img src="passed.png" width="3%"/>
                        <a href="#" panel-name="suite-Actpal_Suite" title="tests.ActiveProductTest" class="method navigator-link" hash-for-method="TestSortByFilter">TestSortByFilter</a> <!-- method navigator-link -->
                      </span>
                      <br/>
                      <span>
                        <img src="passed.png" width="3%"/>
                        <a href="#" panel-name="suite-Actpal_Suite" title="tests.ActiveProductTest" class="method navigator-link" hash-for-method="TestStatusFilter">TestStatusFilter</a> <!-- method navigator-link -->
                      </span>
                      <br/>
                      <span>
                        <img src="passed.png" width="3%"/>
                        <a href="#" panel-name="suite-Actpal_Suite" title="tests.AllProductsTests" class="method navigator-link" hash-for-method="TestToggleByIndex">TestToggleByIndex</a> <!-- method navigator-link -->
                      </span>
                      <br/>
                      <span>
                        <img src="passed.png" width="3%"/>
                        <a href="#" panel-name="suite-Actpal_Suite" title="tests.ActiveProductTest" class="method navigator-link" hash-for-method="TestToggleByIndex">TestToggleByIndex</a> <!-- method navigator-link -->
                      </span>
                      <br/>
                      <span>
                        <img src="passed.png" width="3%"/>
                        <a href="#" panel-name="suite-Actpal_Suite" title="tests.RegisterTests" class="method navigator-link" hash-for-method="TestUserRegistration">TestUserRegistration</a> <!-- method navigator-link -->
                      </span>
                      <br/>
                      <span>
                        <img src="passed.png" width="3%"/>
                        <a href="#" panel-name="suite-Actpal_Suite" title="tests.LoginTests" class="method navigator-link" hash-for-method="TestValxpathLogin">TestValxpathLogin</a> <!-- method navigator-link -->
                      </span>
                      <br/>
                      <span>
                        <img src="passed.png" width="3%"/>
                        <a href="#" panel-name="suite-Actpal_Suite" title="tests.RegisterTests" class="method navigator-link" hash-for-method="UserRegistrationDuplicateEmail">UserRegistrationDuplicateEmail</a> <!-- method navigator-link -->
                      </span>
                      <br/>
                      <span>
                        <img src="passed.png" width="3%"/>
                        <a href="#" panel-name="suite-Actpal_Suite" title="tests.RegisterTests" class="method navigator-link" hash-for-method="UserRegistrationDuplicateuserName">UserRegistrationDuplicateuserName</a> <!-- method navigator-link -->
                      </span>
                      <br/>
                      <span>
                        <img src="passed.png" width="3%"/>
                        <a href="#" panel-name="suite-Actpal_Suite" title="tests.OrderManagementTest" class="method navigator-link" hash-for-method="ValidatePriceTaxShippingTotals">ValidatePriceTaxShippingTotals</a> <!-- method navigator-link -->
                      </span>
                      <br/>
                      <span>
                        <img src="passed.png" width="3%"/>
                        <a href="#" panel-name="suite-Actpal_Suite" title="tests.AddProductTest" class="method navigator-link" hash-for-method="VerifyCategorySubcategoryDependency">VerifyCategorySubcategoryDependency</a> <!-- method navigator-link -->
                      </span>
                      <br/>
                      <span>
                        <img src="passed.png" width="3%"/>
                        <a href="#" panel-name="suite-Actpal_Suite" title="tests.OrderManagementTest" class="method navigator-link" hash-for-method="cancleandReturn">cancleandReturn</a> <!-- method navigator-link -->
                      </span>
                      <br/>
                      <span>
                        <img src="passed.png" width="3%"/>
                        <a href="#" panel-name="suite-Actpal_Suite" title="tests.BrandsManagementTest" class="method navigator-link" hash-for-method="checkFullFlowOfBrandManagement">checkFullFlowOfBrandManagement</a> <!-- method navigator-link -->
                      </span>
                      <br/>
                      <span>
                        <img src="passed.png" width="3%"/>
                        <a href="#" panel-name="suite-Actpal_Suite" title="tests.BrandsManagementTest" class="method navigator-link" hash-for-method="resetButtonFlow">resetButtonFlow</a> <!-- method navigator-link -->
                      </span>
                      <br/>
                      <span>
                        <img src="passed.png" width="3%"/>
                        <a href="#" panel-name="suite-Actpal_Suite" title="tests.AllProductsTests" class="method navigator-link" hash-for-method="testActionSection">testActionSection</a> <!-- method navigator-link -->
                      </span>
                      <br/>
                      <span>
                        <img src="passed.png" width="3%"/>
                        <a href="#" panel-name="suite-Actpal_Suite" title="tests.Dicountmanagement" class="method navigator-link" hash-for-method="validateAddNewDiscount_PositiveFlow">validateAddNewDiscount_PositiveFlow</a> <!-- method navigator-link -->
                      </span>
                      <br/>
                      <span>
                        <img src="passed.png" width="3%"/>
                        <a href="#" panel-name="suite-Actpal_Suite" title="tests.Dicountmanagement" class="method navigator-link" hash-for-method="validateNoSelection_ShowsError">validateNoSelection_ShowsError</a> <!-- method navigator-link -->
                      </span>
                      <br/>
                      <span>
                        <img src="passed.png" width="3%"/>
                        <a href="#" panel-name="suite-Actpal_Suite" title="tests.Dicountmanagement" class="method navigator-link" hash-for-method="verifyCategorySubcategoryDependency">verifyCategorySubcategoryDependency</a> <!-- method navigator-link -->
                      </span>
                      <br/>
                      <span>
                        <img src="passed.png" width="3%"/>
                        <a href="#" panel-name="suite-Actpal_Suite" title="tests.Dicountmanagement" class="method navigator-link" hash-for-method="verifyDiscountHistoryAndBackButton">verifyDiscountHistoryAndBackButton</a> <!-- method navigator-link -->
                      </span>
                      <br/>
                      <span>
                        <img src="passed.png" width="3%"/>
                        <a href="#" panel-name="suite-Actpal_Suite" title="tests.BrandsManagementTest" class="method navigator-link" hash-for-method="verifyErrorCountTest">verifyErrorCountTest</a> <!-- method navigator-link -->
                      </span>
                      <br/>
                      <span>
                        <img src="passed.png" width="3%"/>
                        <a href="#" panel-name="suite-Actpal_Suite" title="tests.Dicountmanagement" class="method navigator-link" hash-for-method="verifySearchAndCategoryFilter">verifySearchAndCategoryFilter</a> <!-- method navigator-link -->
                      </span>
                      <br/>
                      <span>
                        <img src="passed.png" width="3%"/>
                        <a href="#" panel-name="suite-Actpal_Suite" title="tests.Dicountmanagement" class="method navigator-link" hash-for-method="verifyStatusDropdownSorting">verifyStatusDropdownSorting</a> <!-- method navigator-link -->
                      </span>
                      <br/>
                    </div> <!-- method-list-content passed suite-Actpal_Suite -->
                  </li>
                </ul>
              </div> <!-- suite-section-content -->
            </div> <!-- result-section -->
          </div> <!-- navigator-suite-content -->
        </div> <!-- rounded-window -->
      </div> <!-- suite -->
    </div> <!-- navigator-root -->
    <div class="wrapper">
      <div class="main-panel-root">
        <div panel-name="suite-Actpal_Suite" class="panel Actpal_Suite">
          <div class="suite-Actpal_Suite-class-failed">
            <div class="main-panel-header rounded-window-top">
              <img src="failed.png"/>
              <span class="class-name">tests.AllProductsTests</span>
            </div> <!-- main-panel-header rounded-window-top -->
            <div class="main-panel-content rounded-window-bottom">
              <div class="method">
                <div class="method-content">
                  <a name="TestAdvancedFilter">
                  </a> <!-- TestAdvancedFilter -->
                  <span class="method-name">TestAdvancedFilter</span>
                  <div class="stack-trace">org.openqa.selenium.TimeoutException: Expected condition failed: waiting for visibility of all elements located by By.cssSelector: td.w-12 (tried for 5 second(s) with 500 milliseconds interval)
Build info: version: &apos;4.14.0&apos;, revision: &apos;e5a96349ce&apos;
System info: os.name: &apos;Windows 11&apos;, os.arch: &apos;amd64&apos;, os.version: &apos;10.0&apos;, java.version: &apos;21.0.8&apos;
Driver info: org.openqa.selenium.edge.EdgeDriver
Capabilities {acceptInsecureCerts: false, browserName: MicrosoftEdge, browserVersion: 142.0.3595.69, fedcm:accounts: true, goog:processID: 2840, ms:edgeOptions: {debuggerAddress: localhost:61616}, msedge: {msedgedriverVersion: 142.0.3595.53 (e9d637e9672e..., userDataDir: C:\Users\INSOF_~1\AppData\L...}, networkConnectionEnabled: false, pageLoadStrategy: normal, platformName: windows, proxy: Proxy(), se:cdp: ws://localhost:61616/devtoo..., se:cdpVersion: 142.0.3595.69, setWindowRect: true, strictFileInteractability: false, timeouts: {implicit: 0, pageLoad: 300000, script: 30000}, unhandledPromptBehavior: dismiss and notify, webauthn:extension:credBlob: true, webauthn:extension:largeBlob: true, webauthn:extension:minPinLength: true, webauthn:extension:prf: true, webauthn:virtualAuthenticators: true}
Session ID: 3748ef6807186e26a8e082aec3462e58
	at org.openqa.selenium.support.ui.WebDriverWait.timeoutException(WebDriverWait.java:84)
	at org.openqa.selenium.support.ui.FluentWait.until(FluentWait.java:230)
	at Pages.AllProductsPage.getProductPrices(AllProductsPage.java:510)
	at tests.AllProductsTests.TestAdvancedFilter(AllProductsTests.java:223)
	at java.base/java.util.ArrayList.forEach(ArrayList.java:1596)
... Removed 25 stack frames
</div> <!-- stack-trace -->
                </div> <!-- method-content -->
              </div> <!-- method -->
              <div class="method">
                <div class="method-content">
                  <a name="TestFilterProductsByCategory">
                  </a> <!-- TestFilterProductsByCategory -->
                  <span class="method-name">TestFilterProductsByCategory</span>
                  <div class="stack-trace">org.openqa.selenium.TimeoutException: Expected condition failed: waiting for presence of any elements located by By.xpath: //a[contains(@class,&apos;fs-xsmall&apos;) and contains(@class,&apos;text-secondary&apos;)] (tried for 4 second(s) with 500 milliseconds interval)
Build info: version: &apos;4.14.0&apos;, revision: &apos;e5a96349ce&apos;
System info: os.name: &apos;Windows 11&apos;, os.arch: &apos;amd64&apos;, os.version: &apos;10.0&apos;, java.version: &apos;21.0.8&apos;
Driver info: org.openqa.selenium.edge.EdgeDriver
Capabilities {acceptInsecureCerts: false, browserName: MicrosoftEdge, browserVersion: 142.0.3595.69, fedcm:accounts: true, goog:processID: 5664, ms:edgeOptions: {debuggerAddress: localhost:50944}, msedge: {msedgedriverVersion: 142.0.3595.53 (e9d637e9672e..., userDataDir: C:\Users\INSOF_~1\AppData\L...}, networkConnectionEnabled: false, pageLoadStrategy: normal, platformName: windows, proxy: Proxy(), se:cdp: ws://localhost:50944/devtoo..., se:cdpVersion: 142.0.3595.69, setWindowRect: true, strictFileInteractability: false, timeouts: {implicit: 0, pageLoad: 300000, script: 30000}, unhandledPromptBehavior: dismiss and notify, webauthn:extension:credBlob: true, webauthn:extension:largeBlob: true, webauthn:extension:minPinLength: true, webauthn:extension:prf: true, webauthn:virtualAuthenticators: true}
Session ID: 598cbbd3e8718ca6baae62220ec2051e
	at org.openqa.selenium.support.ui.WebDriverWait.timeoutException(WebDriverWait.java:84)
	at org.openqa.selenium.support.ui.FluentWait.until(FluentWait.java:230)
	at Pages.AllProductsPage.selectCategory(AllProductsPage.java:467)
	at tests.AllProductsTests.TestFilterProductsByCategory(AllProductsTests.java:404)
	at java.base/java.util.ArrayList.forEach(ArrayList.java:1596)
... Removed 25 stack frames
</div> <!-- stack-trace -->
                </div> <!-- method-content -->
              </div> <!-- method -->
              <div class="method">
                <div class="method-content">
                  <a name="TestSortByFilter">
                  </a> <!-- TestSortByFilter -->
                  <span class="method-name">TestSortByFilter</span>
                  <div class="stack-trace">org.openqa.selenium.TimeoutException: Expected condition failed: waiting for visibility of all elements located by By.cssSelector: td.w-12 (tried for 5 second(s) with 500 milliseconds interval)
Build info: version: &apos;4.14.0&apos;, revision: &apos;e5a96349ce&apos;
System info: os.name: &apos;Windows 11&apos;, os.arch: &apos;amd64&apos;, os.version: &apos;10.0&apos;, java.version: &apos;21.0.8&apos;
Driver info: org.openqa.selenium.edge.EdgeDriver
Capabilities {acceptInsecureCerts: false, browserName: MicrosoftEdge, browserVersion: 142.0.3595.69, fedcm:accounts: true, goog:processID: 11380, ms:edgeOptions: {debuggerAddress: localhost:53086}, msedge: {msedgedriverVersion: 142.0.3595.53 (e9d637e9672e..., userDataDir: C:\Users\INSOF_~1\AppData\L...}, networkConnectionEnabled: false, pageLoadStrategy: normal, platformName: windows, proxy: Proxy(), se:cdp: ws://localhost:53086/devtoo..., se:cdpVersion: 142.0.3595.69, setWindowRect: true, strictFileInteractability: false, timeouts: {implicit: 0, pageLoad: 300000, script: 30000}, unhandledPromptBehavior: dismiss and notify, webauthn:extension:credBlob: true, webauthn:extension:largeBlob: true, webauthn:extension:minPinLength: true, webauthn:extension:prf: true, webauthn:virtualAuthenticators: true}
Session ID: ed525bc0edb373bd79dfaf6484de8084
	at org.openqa.selenium.support.ui.WebDriverWait.timeoutException(WebDriverWait.java:84)
	at org.openqa.selenium.support.ui.FluentWait.until(FluentWait.java:230)
	at Pages.AllProductsPage.getProductPrices(AllProductsPage.java:510)
	at tests.AllProductsTests.TestSortByFilter(AllProductsTests.java:117)
	at java.base/java.util.ArrayList.forEach(ArrayList.java:1596)
... Removed 25 stack frames
</div> <!-- stack-trace -->
                </div> <!-- method-content -->
              </div> <!-- method -->
              <div class="method">
                <div class="method-content">
                  <a name="TestStatusFilter">
                  </a> <!-- TestStatusFilter -->
                  <span class="method-name">TestStatusFilter</span>
                  <div class="stack-trace">java.lang.AssertionError: ❌ Some products are NOT Active after applying &apos;Active&apos; filter! expected [true] but found [false]
	at tests.AllProductsTests.TestStatusFilter(AllProductsTests.java:174)
	at java.base/java.util.ArrayList.forEach(ArrayList.java:1596)
... Removed 28 stack frames
</div> <!-- stack-trace -->
                </div> <!-- method-content -->
              </div> <!-- method -->
            </div> <!-- main-panel-content rounded-window-bottom -->
          </div> <!-- suite-Actpal_Suite-class-failed -->
          <div class="suite-Actpal_Suite-class-failed">
            <div class="main-panel-header rounded-window-top">
              <img src="failed.png"/>
              <span class="class-name">tests.OrderManagementTest</span>
            </div> <!-- main-panel-header rounded-window-top -->
            <div class="main-panel-content rounded-window-bottom">
              <div class="method">
                <div class="method-content">
                  <a name="OpenOrderManagmentpage">
                  </a> <!-- OpenOrderManagmentpage -->
                  <span class="method-name">OpenOrderManagmentpage</span>
                  <div class="stack-trace">java.lang.AssertionError: 
❌ Status mismatch!
Expected: Payment Failed
Found Class: activebtn delivered
Found Text: delivered expected [true] but found [false]
	at Pages.OrderManagementPage.checkOrderStatusFilter(OrderManagementPage.java:160)
	at tests.OrderManagementTest.OpenOrderManagmentpage(OrderManagementTest.java:34)
	at java.base/java.util.ArrayList.forEach(ArrayList.java:1596)
... Removed 28 stack frames
</div> <!-- stack-trace -->
                </div> <!-- method-content -->
              </div> <!-- method -->
              <div class="method">
                <div class="method-content">
                  <a name="OrderPage">
                  </a> <!-- OrderPage -->
                  <span class="method-name">OrderPage</span>
                  <div class="stack-trace">org.openqa.selenium.ElementClickInterceptedException: element click intercepted: Element is not clickable at point (651, -8)
  (Session info: MicrosoftEdge=142.0.3595.69)
Build info: version: &apos;4.14.0&apos;, revision: &apos;e5a96349ce&apos;
System info: os.name: &apos;Windows 11&apos;, os.arch: &apos;amd64&apos;, os.version: &apos;10.0&apos;, java.version: &apos;21.0.8&apos;
Driver info: org.openqa.selenium.edge.EdgeDriver
Command: [30a9497ba2fdc4103b3d5b88df94e93b, clickElement {id=f.E72B261B22B96AA77C43C273F60262BD.d.FD74B2274C965AE242C91B62D1F7BB90.e.8113}]
Capabilities {acceptInsecureCerts: false, browserName: MicrosoftEdge, browserVersion: 142.0.3595.69, fedcm:accounts: true, goog:processID: 7416, ms:edgeOptions: {debuggerAddress: localhost:64058}, msedge: {msedgedriverVersion: 142.0.3595.53 (e9d637e9672e..., userDataDir: C:\Users\INSOF_~1\AppData\L...}, networkConnectionEnabled: false, pageLoadStrategy: normal, platformName: windows, proxy: Proxy(), se:cdp: ws://localhost:64058/devtoo..., se:cdpVersion: 142.0.3595.69, setWindowRect: true, strictFileInteractability: false, timeouts: {implicit: 0, pageLoad: 300000, script: 30000}, unhandledPromptBehavior: dismiss and notify, webauthn:extension:credBlob: true, webauthn:extension:largeBlob: true, webauthn:extension:minPinLength: true, webauthn:extension:prf: true, webauthn:virtualAuthenticators: true}
Element: [[[[EdgeDriver: MicrosoftEdge on windows (30a9497ba2fdc4103b3d5b88df94e93b)] -&gt; xpath: //td[@class=&quot;orderStatustd&quot;] ]] -&gt; tag name: a]
Session ID: 30a9497ba2fdc4103b3d5b88df94e93b
	at org.openqa.selenium.remote.codec.w3c.W3CHttpResponseCodec.createException(W3CHttpResponseCodec.java:200)
	at org.openqa.selenium.remote.codec.w3c.W3CHttpResponseCodec.decode(W3CHttpResponseCodec.java:133)
	at org.openqa.selenium.remote.codec.w3c.W3CHttpResponseCodec.decode(W3CHttpResponseCodec.java:52)
	at org.openqa.selenium.remote.HttpCommandExecutor.execute(HttpCommandExecutor.java:191)
	at org.openqa.selenium.remote.service.DriverCommandExecutor.invokeExecute(DriverCommandExecutor.java:196)
	at org.openqa.selenium.remote.service.DriverCommandExecutor.execute(DriverCommandExecutor.java:171)
	at org.openqa.selenium.remote.RemoteWebDriver.execute(RemoteWebDriver.java:602)
	at org.openqa.selenium.remote.RemoteWebElement.execute(RemoteWebElement.java:224)
	at org.openqa.selenium.remote.RemoteWebElement.click(RemoteWebElement.java:77)
	at Pages.OrderManagementPage.validateOrderDetailsByIndex(OrderManagementPage.java:424)
	at Pages.OrderManagementPage.validateTopFiveOrders(OrderManagementPage.java:391)
	at tests.OrderManagementTest.OrderPage(OrderManagementTest.java:92)
	at java.base/java.util.ArrayList.forEach(ArrayList.java:1596)
... Removed 28 stack frames
</div> <!-- stack-trace -->
                </div> <!-- method-content -->
              </div> <!-- method -->
            </div> <!-- main-panel-content rounded-window-bottom -->
          </div> <!-- suite-Actpal_Suite-class-failed -->
          <div class="suite-Actpal_Suite-class-failed">
            <div class="main-panel-header rounded-window-top">
              <img src="failed.png"/>
              <span class="class-name">tests.ActiveProductTest</span>
            </div> <!-- main-panel-header rounded-window-top -->
            <div class="main-panel-content rounded-window-bottom">
              <div class="method">
                <div class="method-content">
                  <a name="testActionSection">
                  </a> <!-- testActionSection -->
                  <span class="method-name">testActionSection</span>
                  <div class="stack-trace">java.lang.IllegalArgumentException: ❌ Invalid index: 0. Must be between 1 and 11
	at Pages.AllProductsPage.clickEditIcon(AllProductsPage.java:337)
	at tests.ActiveProductTest.testActionSection(ActiveProductTest.java:285)
	at java.base/java.util.ArrayList.forEach(ArrayList.java:1596)
... Removed 25 stack frames
</div> <!-- stack-trace -->
                </div> <!-- method-content -->
              </div> <!-- method -->
            </div> <!-- main-panel-content rounded-window-bottom -->
          </div> <!-- suite-Actpal_Suite-class-failed -->
          <div class="suite-Actpal_Suite-class-passed">
            <div class="main-panel-header rounded-window-top">
              <img src="passed.png"/>
              <span class="class-name">tests.AddProductTest</span>
            </div> <!-- main-panel-header rounded-window-top -->
            <div class="main-panel-content rounded-window-bottom">
              <div class="method">
                <div class="method-content">
                  <a name="CheckDupicatproduct">
                  </a> <!-- CheckDupicatproduct -->
                  <span class="method-name">CheckDupicatproduct</span>
                </div> <!-- method-content -->
              </div> <!-- method -->
              <div class="method">
                <div class="method-content">
                  <a name="TestAddNewProductFullFlow">
                  </a> <!-- TestAddNewProductFullFlow -->
                  <span class="method-name">TestAddNewProductFullFlow</span>
                </div> <!-- method-content -->
              </div> <!-- method -->
              <div class="method">
                <div class="method-content">
                  <a name="TestMandatoryBasicDetailsValidationSeparate">
                  </a> <!-- TestMandatoryBasicDetailsValidationSeparate -->
                  <span class="method-name">TestMandatoryBasicDetailsValidationSeparate</span>
                </div> <!-- method-content -->
              </div> <!-- method -->
              <div class="method">
                <div class="method-content">
                  <a name="VerifyCategorySubcategoryDependency">
                  </a> <!-- VerifyCategorySubcategoryDependency -->
                  <span class="method-name">VerifyCategorySubcategoryDependency</span>
                </div> <!-- method-content -->
              </div> <!-- method -->
            </div> <!-- main-panel-content rounded-window-bottom -->
          </div> <!-- suite-Actpal_Suite-class-passed -->
          <div class="suite-Actpal_Suite-class-passed">
            <div class="main-panel-header rounded-window-top">
              <img src="passed.png"/>
              <span class="class-name">tests.AllProductsTests</span>
            </div> <!-- main-panel-header rounded-window-top -->
            <div class="main-panel-content rounded-window-bottom">
              <div class="method">
                <div class="method-content">
                  <a name="AddnewProductBTN">
                  </a> <!-- AddnewProductBTN -->
                  <span class="method-name">AddnewProductBTN</span>
                </div> <!-- method-content -->
              </div> <!-- method -->
              <div class="method">
                <div class="method-content">
                  <a name="TestAllProductPageLoads">
                  </a> <!-- TestAllProductPageLoads -->
                  <span class="method-name">TestAllProductPageLoads</span>
                </div> <!-- method-content -->
              </div> <!-- method -->
              <div class="method">
                <div class="method-content">
                  <a name="TestExportCSVFunctionality">
                  </a> <!-- TestExportCSVFunctionality -->
                  <span class="method-name">TestExportCSVFunctionality</span>
                </div> <!-- method-content -->
              </div> <!-- method -->
              <div class="method">
                <div class="method-content">
                  <a name="TestResetButton">
                  </a> <!-- TestResetButton -->
                  <span class="method-name">TestResetButton</span>
                </div> <!-- method-content -->
              </div> <!-- method -->
              <div class="method">
                <div class="method-content">
                  <a name="TestSearchKeywordFilter">
                  </a> <!-- TestSearchKeywordFilter -->
                  <span class="method-name">TestSearchKeywordFilter</span>
                </div> <!-- method-content -->
              </div> <!-- method -->
              <div class="method">
                <div class="method-content">
                  <a name="TestToggleByIndex">
                  </a> <!-- TestToggleByIndex -->
                  <span class="method-name">TestToggleByIndex</span>
                </div> <!-- method-content -->
              </div> <!-- method -->
              <div class="method">
                <div class="method-content">
                  <a name="testActionSection">
                  </a> <!-- testActionSection -->
                  <span class="method-name">testActionSection</span>
                </div> <!-- method-content -->
              </div> <!-- method -->
            </div> <!-- main-panel-content rounded-window-bottom -->
          </div> <!-- suite-Actpal_Suite-class-passed -->
          <div class="suite-Actpal_Suite-class-passed">
            <div class="main-panel-header rounded-window-top">
              <img src="passed.png"/>
              <span class="class-name">tests.OrderManagementTest</span>
            </div> <!-- main-panel-header rounded-window-top -->
            <div class="main-panel-content rounded-window-bottom">
              <div class="method">
                <div class="method-content">
                  <a name="CalculationlogicforAllOrderValidation">
                  </a> <!-- CalculationlogicforAllOrderValidation -->
                  <span class="method-name">CalculationlogicforAllOrderValidation</span>
                </div> <!-- method-content -->
              </div> <!-- method -->
              <div class="method">
                <div class="method-content">
                  <a name="ValidatePriceTaxShippingTotals">
                  </a> <!-- ValidatePriceTaxShippingTotals -->
                  <span class="method-name">ValidatePriceTaxShippingTotals</span>
                </div> <!-- method-content -->
              </div> <!-- method -->
              <div class="method">
                <div class="method-content">
                  <a name="cancleandReturn">
                  </a> <!-- cancleandReturn -->
                  <span class="method-name">cancleandReturn</span>
                </div> <!-- method-content -->
              </div> <!-- method -->
            </div> <!-- main-panel-content rounded-window-bottom -->
          </div> <!-- suite-Actpal_Suite-class-passed -->
          <div class="suite-Actpal_Suite-class-passed">
            <div class="main-panel-header rounded-window-top">
              <img src="passed.png"/>
              <span class="class-name">tests.ActiveProductTest</span>
            </div> <!-- main-panel-header rounded-window-top -->
            <div class="main-panel-content rounded-window-bottom">
              <div class="method">
                <div class="method-content">
                  <a name="AddnewProductBTN">
                  </a> <!-- AddnewProductBTN -->
                  <span class="method-name">AddnewProductBTN</span>
                </div> <!-- method-content -->
              </div> <!-- method -->
              <div class="method">
                <div class="method-content">
                  <a name="TestActiveProductPageLoads">
                  </a> <!-- TestActiveProductPageLoads -->
                  <span class="method-name">TestActiveProductPageLoads</span>
                </div> <!-- method-content -->
              </div> <!-- method -->
              <div class="method">
                <div class="method-content">
                  <a name="TestActiveProductView">
                  </a> <!-- TestActiveProductView -->
                  <span class="method-name">TestActiveProductView</span>
                </div> <!-- method-content -->
              </div> <!-- method -->
              <div class="method">
                <div class="method-content">
                  <a name="TestAdvancedFilter">
                  </a> <!-- TestAdvancedFilter -->
                  <span class="method-name">TestAdvancedFilter</span>
                </div> <!-- method-content -->
              </div> <!-- method -->
              <div class="method">
                <div class="method-content">
                  <a name="TestExportCSVFunctionality">
                  </a> <!-- TestExportCSVFunctionality -->
                  <span class="method-name">TestExportCSVFunctionality</span>
                </div> <!-- method-content -->
              </div> <!-- method -->
              <div class="method">
                <div class="method-content">
                  <a name="TestFilterProductsByCategory">
                  </a> <!-- TestFilterProductsByCategory -->
                  <span class="method-name">TestFilterProductsByCategory</span>
                </div> <!-- method-content -->
              </div> <!-- method -->
              <div class="method">
                <div class="method-content">
                  <a name="TestResetButton">
                  </a> <!-- TestResetButton -->
                  <span class="method-name">TestResetButton</span>
                </div> <!-- method-content -->
              </div> <!-- method -->
              <div class="method">
                <div class="method-content">
                  <a name="TestSearchKeywordFilter">
                  </a> <!-- TestSearchKeywordFilter -->
                  <span class="method-name">TestSearchKeywordFilter</span>
                </div> <!-- method-content -->
              </div> <!-- method -->
              <div class="method">
                <div class="method-content">
                  <a name="TestSortByFilter">
                  </a> <!-- TestSortByFilter -->
                  <span class="method-name">TestSortByFilter</span>
                </div> <!-- method-content -->
              </div> <!-- method -->
              <div class="method">
                <div class="method-content">
                  <a name="TestStatusFilter">
                  </a> <!-- TestStatusFilter -->
                  <span class="method-name">TestStatusFilter</span>
                </div> <!-- method-content -->
              </div> <!-- method -->
              <div class="method">
                <div class="method-content">
                  <a name="TestToggleByIndex">
                  </a> <!-- TestToggleByIndex -->
                  <span class="method-name">TestToggleByIndex</span>
                </div> <!-- method-content -->
              </div> <!-- method -->
            </div> <!-- main-panel-content rounded-window-bottom -->
          </div> <!-- suite-Actpal_Suite-class-passed -->
          <div class="suite-Actpal_Suite-class-passed">
            <div class="main-panel-header rounded-window-top">
              <img src="passed.png"/>
              <span class="class-name">tests.LoginTests</span>
            </div> <!-- main-panel-header rounded-window-top -->
            <div class="main-panel-content rounded-window-bottom">
              <div class="method">
                <div class="method-content">
                  <a name="Checkforgotpassbtn">
                  </a> <!-- Checkforgotpassbtn -->
                  <span class="method-name">Checkforgotpassbtn</span>
                </div> <!-- method-content -->
              </div> <!-- method -->
              <div class="method">
                <div class="method-content">
                  <a name="Createaccount">
                  </a> <!-- Createaccount -->
                  <span class="method-name">Createaccount</span>
                </div> <!-- method-content -->
              </div> <!-- method -->
              <div class="method">
                <div class="method-content">
                  <a name="TestInvalxpathEmail">
                  </a> <!-- TestInvalxpathEmail -->
                  <span class="method-name">TestInvalxpathEmail</span>
                </div> <!-- method-content -->
              </div> <!-- method -->
              <div class="method">
                <div class="method-content">
                  <a name="TestInvalxpathPassword">
                  </a> <!-- TestInvalxpathPassword -->
                  <span class="method-name">TestInvalxpathPassword</span>
                </div> <!-- method-content -->
              </div> <!-- method -->
              <div class="method">
                <div class="method-content">
                  <a name="TestValxpathLogin">
                  </a> <!-- TestValxpathLogin -->
                  <span class="method-name">TestValxpathLogin</span>
                </div> <!-- method-content -->
              </div> <!-- method -->
            </div> <!-- main-panel-content rounded-window-bottom -->
          </div> <!-- suite-Actpal_Suite-class-passed -->
          <div class="suite-Actpal_Suite-class-passed">
            <div class="main-panel-header rounded-window-top">
              <img src="passed.png"/>
              <span class="class-name">tests.RegisterTests</span>
            </div> <!-- main-panel-header rounded-window-top -->
            <div class="main-panel-content rounded-window-bottom">
              <div class="method">
                <div class="method-content">
                  <a name="TestUserRegistration">
                  </a> <!-- TestUserRegistration -->
                  <span class="method-name">TestUserRegistration</span>
                </div> <!-- method-content -->
              </div> <!-- method -->
              <div class="method">
                <div class="method-content">
                  <a name="UserRegistrationDuplicateEmail">
                  </a> <!-- UserRegistrationDuplicateEmail -->
                  <span class="method-name">UserRegistrationDuplicateEmail</span>
                </div> <!-- method-content -->
              </div> <!-- method -->
              <div class="method">
                <div class="method-content">
                  <a name="UserRegistrationDuplicateuserName">
                  </a> <!-- UserRegistrationDuplicateuserName -->
                  <span class="method-name">UserRegistrationDuplicateuserName</span>
                </div> <!-- method-content -->
              </div> <!-- method -->
            </div> <!-- main-panel-content rounded-window-bottom -->
          </div> <!-- suite-Actpal_Suite-class-passed -->
          <div class="suite-Actpal_Suite-class-passed">
            <div class="main-panel-header rounded-window-top">
              <img src="passed.png"/>
              <span class="class-name">tests.Dicountmanagement</span>
            </div> <!-- main-panel-header rounded-window-top -->
            <div class="main-panel-content rounded-window-bottom">
              <div class="method">
                <div class="method-content">
                  <a name="validateAddNewDiscount_PositiveFlow">
                  </a> <!-- validateAddNewDiscount_PositiveFlow -->
                  <span class="method-name">validateAddNewDiscount_PositiveFlow</span>
                </div> <!-- method-content -->
              </div> <!-- method -->
              <div class="method">
                <div class="method-content">
                  <a name="validateNoSelection_ShowsError">
                  </a> <!-- validateNoSelection_ShowsError -->
                  <span class="method-name">validateNoSelection_ShowsError</span>
                </div> <!-- method-content -->
              </div> <!-- method -->
              <div class="method">
                <div class="method-content">
                  <a name="verifyCategorySubcategoryDependency">
                  </a> <!-- verifyCategorySubcategoryDependency -->
                  <span class="method-name">verifyCategorySubcategoryDependency</span>
                  <em>
(Verify Dropdown Dependency Flow: Category → SubCategory → ProductType)                  </em>
                </div> <!-- method-content -->
              </div> <!-- method -->
              <div class="method">
                <div class="method-content">
                  <a name="verifyDiscountHistoryAndBackButton">
                  </a> <!-- verifyDiscountHistoryAndBackButton -->
                  <span class="method-name">verifyDiscountHistoryAndBackButton</span>
                </div> <!-- method-content -->
              </div> <!-- method -->
              <div class="method">
                <div class="method-content">
                  <a name="verifySearchAndCategoryFilter">
                  </a> <!-- verifySearchAndCategoryFilter -->
                  <span class="method-name">verifySearchAndCategoryFilter</span>
                </div> <!-- method-content -->
              </div> <!-- method -->
              <div class="method">
                <div class="method-content">
                  <a name="verifyStatusDropdownSorting">
                  </a> <!-- verifyStatusDropdownSorting -->
                  <span class="method-name">verifyStatusDropdownSorting</span>
                </div> <!-- method-content -->
              </div> <!-- method -->
            </div> <!-- main-panel-content rounded-window-bottom -->
          </div> <!-- suite-Actpal_Suite-class-passed -->
          <div class="suite-Actpal_Suite-class-passed">
            <div class="main-panel-header rounded-window-top">
              <img src="passed.png"/>
              <span class="class-name">tests.BrandsManagementTest</span>
            </div> <!-- main-panel-header rounded-window-top -->
            <div class="main-panel-content rounded-window-bottom">
              <div class="method">
                <div class="method-content">
                  <a name="AddnewBrandFullflow">
                  </a> <!-- AddnewBrandFullflow -->
                  <span class="method-name">AddnewBrandFullflow</span>
                </div> <!-- method-content -->
              </div> <!-- method -->
              <div class="method">
                <div class="method-content">
                  <a name="EdirActionButtonFlow">
                  </a> <!-- EdirActionButtonFlow -->
                  <span class="method-name">EdirActionButtonFlow</span>
                </div> <!-- method-content -->
              </div> <!-- method -->
              <div class="method">
                <div class="method-content">
                  <a name="checkFullFlowOfBrandManagement">
                  </a> <!-- checkFullFlowOfBrandManagement -->
                  <span class="method-name">checkFullFlowOfBrandManagement</span>
                </div> <!-- method-content -->
              </div> <!-- method -->
              <div class="method">
                <div class="method-content">
                  <a name="resetButtonFlow">
                  </a> <!-- resetButtonFlow -->
                  <span class="method-name">resetButtonFlow</span>
                </div> <!-- method-content -->
              </div> <!-- method -->
              <div class="method">
                <div class="method-content">
                  <a name="verifyErrorCountTest">
                  </a> <!-- verifyErrorCountTest -->
                  <span class="method-name">verifyErrorCountTest</span>
                </div> <!-- method-content -->
              </div> <!-- method -->
            </div> <!-- main-panel-content rounded-window-bottom -->
          </div> <!-- suite-Actpal_Suite-class-passed -->
          <div class="suite-Actpal_Suite-class-passed">
            <div class="main-panel-header rounded-window-top">
              <img src="passed.png"/>
              <span class="class-name">tests.ForgotPasswordTests</span>
            </div> <!-- main-panel-header rounded-window-top -->
            <div class="main-panel-content rounded-window-bottom">
              <div class="method">
                <div class="method-content">
                  <a name="TestResetPasswordWithValidemail">
                  </a> <!-- TestResetPasswordWithValidemail -->
                  <span class="method-name">TestResetPasswordWithValidemail</span>
                </div> <!-- method-content -->
              </div> <!-- method -->
              <div class="method">
                <div class="method-content">
                  <a name="TestResetPasswordWithinvlaidemail">
                  </a> <!-- TestResetPasswordWithinvlaidemail -->
                  <span class="method-name">TestResetPasswordWithinvlaidemail</span>
                </div> <!-- method-content -->
              </div> <!-- method -->
            </div> <!-- main-panel-content rounded-window-bottom -->
          </div> <!-- suite-Actpal_Suite-class-passed -->
        </div> <!-- panel Actpal_Suite -->
        <div panel-name="test-xml-Actpal_Suite" class="panel">
          <div class="main-panel-header rounded-window-top">
            <span class="header-content">C:\Users\insof_f8ae8du\git\ACTPAL_SELLER_AUTOMATION\Actpal\testng.xml</span>
          </div> <!-- main-panel-header rounded-window-top -->
          <div class="main-panel-content rounded-window-bottom">
            <pre>
&lt;?xml version=&quot;1.0&quot; encoding=&quot;UTF-8&quot;?&gt;
&lt;!DOCTYPE suite SYSTEM &quot;https://testng.org/testng-1.0.dtd&quot;&gt;
&lt;suite name=&quot;Actpal Suite&quot; guice-stage=&quot;DEVELOPMENT&quot;&gt;
  &lt;listeners&gt;
    &lt;listener class-name=&quot;base.ExtentListener&quot;/&gt;
  &lt;/listeners&gt;
  &lt;test thread-count=&quot;5&quot; name=&quot;User Authentication Tests&quot;&gt;
    &lt;classes&gt;
      &lt;class name=&quot;tests.RegisterTests&quot;/&gt;
      &lt;class name=&quot;tests.LoginTests&quot;/&gt;
    &lt;/classes&gt;
  &lt;/test&gt; &lt;!-- User Authentication Tests --&gt;
  &lt;test thread-count=&quot;5&quot; name=&quot;Password Recovery Tests&quot;&gt;
    &lt;classes&gt;
      &lt;class name=&quot;tests.ForgotPasswordTests&quot;/&gt;
    &lt;/classes&gt;
  &lt;/test&gt; &lt;!-- Password Recovery Tests --&gt;
  &lt;test thread-count=&quot;5&quot; name=&quot;Product Management Tests&quot;&gt;
    &lt;classes&gt;
      &lt;class name=&quot;tests.AllProductsTests&quot;/&gt;
      &lt;class name=&quot;tests.ActiveProductTest&quot;/&gt;
      &lt;class name=&quot;tests.AddProductTest&quot;/&gt;
    &lt;/classes&gt;
  &lt;/test&gt; &lt;!-- Product Management Tests --&gt;
  &lt;test thread-count=&quot;5&quot; name=&quot;Discount Management Tests&quot;&gt;
    &lt;classes&gt;
      &lt;class name=&quot;tests.Dicountmanagement&quot;/&gt;
      &lt;class name=&quot;tests.BrandsManagementTest&quot;/&gt;
      &lt;class name=&quot;tests.OrderManagementTest&quot;/&gt;
    &lt;/classes&gt;
  &lt;/test&gt; &lt;!-- Discount Management Tests --&gt;
&lt;/suite&gt; &lt;!-- Actpal Suite --&gt;
            </pre>
          </div> <!-- main-panel-content rounded-window-bottom -->
        </div> <!-- panel -->
        <div panel-name="testlist-Actpal_Suite" class="panel">
          <div class="main-panel-header rounded-window-top">
            <span class="header-content">Tests for Actpal Suite</span>
          </div> <!-- main-panel-header rounded-window-top -->
          <div class="main-panel-content rounded-window-bottom">
            <ul>
              <li>
                <span class="test-name">User Authentication Tests (2 classes)</span>
              </li>
              <li>
                <span class="test-name">Password Recovery Tests (1 class)</span>
              </li>
              <li>
                <span class="test-name">Product Management Tests (3 classes)</span>
              </li>
              <li>
                <span class="test-name">Discount Management Tests (3 classes)</span>
              </li>
            </ul>
          </div> <!-- main-panel-content rounded-window-bottom -->
        </div> <!-- panel -->
        <div panel-name="group-Actpal_Suite" class="panel">
          <div class="main-panel-header rounded-window-top">
            <span class="header-content">Groups for Actpal Suite</span>
          </div> <!-- main-panel-header rounded-window-top -->
          <div class="main-panel-content rounded-window-bottom">
          </div> <!-- main-panel-content rounded-window-bottom -->
        </div> <!-- panel -->
        <div panel-name="times-Actpal_Suite" class="panel">
          <div class="main-panel-header rounded-window-top">
            <span class="header-content">Times for Actpal Suite</span>
          </div> <!-- main-panel-header rounded-window-top -->
          <div class="main-panel-content rounded-window-bottom">
            <div class="times-div">
              <script type="text/javascript">
suiteTableInitFunctions.push('tableData_Actpal_Suite');
function tableData_Actpal_Suite() {
var data = new google.visualization.DataTable();
data.addColumn('number', 'Number');
data.addColumn('string', 'Method');
data.addColumn('string', 'Class');
data.addColumn('number', 'Time (ms)');
data.addRows(53);
data.setCell(0, 0, 0)
data.setCell(0, 1, 'verifyStatusDropdownSorting')
data.setCell(0, 2, 'tests.Dicountmanagement')
data.setCell(0, 3, 41284);
data.setCell(1, 0, 1)
data.setCell(1, 1, 'TestSortByFilter')
data.setCell(1, 2, 'tests.ActiveProductTest')
data.setCell(1, 3, 36770);
data.setCell(2, 0, 2)
data.setCell(2, 1, 'AddnewBrandFullflow')
data.setCell(2, 2, 'tests.BrandsManagementTest')
data.setCell(2, 3, 33929);
data.setCell(3, 0, 3)
data.setCell(3, 1, 'TestAddNewProductFullFlow')
data.setCell(3, 2, 'tests.AddProductTest')
data.setCell(3, 3, 30184);
data.setCell(4, 0, 4)
data.setCell(4, 1, 'CalculationlogicforAllOrderValidation')
data.setCell(4, 2, 'tests.OrderManagementTest')
data.setCell(4, 3, 29745);
data.setCell(5, 0, 5)
data.setCell(5, 1, 'OpenOrderManagmentpage')
data.setCell(5, 2, 'tests.OrderManagementTest')
data.setCell(5, 3, 28679);
data.setCell(6, 0, 6)
data.setCell(6, 1, 'TestStatusFilter')
data.setCell(6, 2, 'tests.ActiveProductTest')
data.setCell(6, 3, 28125);
data.setCell(7, 0, 7)
data.setCell(7, 1, 'TestMandatoryBasicDetailsValidationSeparate')
data.setCell(7, 2, 'tests.AddProductTest')
data.setCell(7, 3, 28109);
data.setCell(8, 0, 8)
data.setCell(8, 1, 'validateAddNewDiscount_PositiveFlow')
data.setCell(8, 2, 'tests.Dicountmanagement')
data.setCell(8, 3, 25488);
data.setCell(9, 0, 9)
data.setCell(9, 1, 'TestStatusFilter')
data.setCell(9, 2, 'tests.AllProductsTests')
data.setCell(9, 3, 22812);
data.setCell(10, 0, 10)
data.setCell(10, 1, 'OrderPage')
data.setCell(10, 2, 'tests.OrderManagementTest')
data.setCell(10, 3, 22285);
data.setCell(11, 0, 11)
data.setCell(11, 1, 'TestAdvancedFilter')
data.setCell(11, 2, 'tests.ActiveProductTest')
data.setCell(11, 3, 19885);
data.setCell(12, 0, 12)
data.setCell(12, 1, 'TestResetButton')
data.setCell(12, 2, 'tests.ActiveProductTest')
data.setCell(12, 3, 19450);
data.setCell(13, 0, 13)
data.setCell(13, 1, 'TestActiveProductView')
data.setCell(13, 2, 'tests.ActiveProductTest')
data.setCell(13, 3, 18699);
data.setCell(14, 0, 14)
data.setCell(14, 1, 'testActionSection')
data.setCell(14, 2, 'tests.AllProductsTests')
data.setCell(14, 3, 18537);
data.setCell(15, 0, 15)
data.setCell(15, 1, 'TestSortByFilter')
data.setCell(15, 2, 'tests.AllProductsTests')
data.setCell(15, 3, 18170);
data.setCell(16, 0, 16)
data.setCell(16, 1, 'testActionSection')
data.setCell(16, 2, 'tests.ActiveProductTest')
data.setCell(16, 3, 18121);
data.setCell(17, 0, 17)
data.setCell(17, 1, 'resetButtonFlow')
data.setCell(17, 2, 'tests.BrandsManagementTest')
data.setCell(17, 3, 17976);
data.setCell(18, 0, 18)
data.setCell(18, 1, 'TestFilterProductsByCategory')
data.setCell(18, 2, 'tests.ActiveProductTest')
data.setCell(18, 3, 17076);
data.setCell(19, 0, 19)
data.setCell(19, 1, 'cancleandReturn')
data.setCell(19, 2, 'tests.OrderManagementTest')
data.setCell(19, 3, 16867);
data.setCell(20, 0, 20)
data.setCell(20, 1, 'checkFullFlowOfBrandManagement')
data.setCell(20, 2, 'tests.BrandsManagementTest')
data.setCell(20, 3, 16232);
data.setCell(21, 0, 21)
data.setCell(21, 1, 'TestSearchKeywordFilter')
data.setCell(21, 2, 'tests.ActiveProductTest')
data.setCell(21, 3, 16081);
data.setCell(22, 0, 22)
data.setCell(22, 1, 'AddnewProductBTN')
data.setCell(22, 2, 'tests.ActiveProductTest')
data.setCell(22, 3, 15839);
data.setCell(23, 0, 23)
data.setCell(23, 1, 'TestFilterProductsByCategory')
data.setCell(23, 2, 'tests.AllProductsTests')
data.setCell(23, 3, 15500);
data.setCell(24, 0, 24)
data.setCell(24, 1, 'TestAdvancedFilter')
data.setCell(24, 2, 'tests.AllProductsTests')
data.setCell(24, 3, 15403);
data.setCell(25, 0, 25)
data.setCell(25, 1, 'TestToggleByIndex')
data.setCell(25, 2, 'tests.ActiveProductTest')
data.setCell(25, 3, 15311);
data.setCell(26, 0, 26)
data.setCell(26, 1, 'TestExportCSVFunctionality')
data.setCell(26, 2, 'tests.ActiveProductTest')
data.setCell(26, 3, 14719);
data.setCell(27, 0, 27)
data.setCell(27, 1, 'TestActiveProductPageLoads')
data.setCell(27, 2, 'tests.ActiveProductTest')
data.setCell(27, 3, 14619);
data.setCell(28, 0, 28)
data.setCell(28, 1, 'TestToggleByIndex')
data.setCell(28, 2, 'tests.AllProductsTests')
data.setCell(28, 3, 14086);
data.setCell(29, 0, 29)
data.setCell(29, 1, 'TestUserRegistration')
data.setCell(29, 2, 'tests.RegisterTests')
data.setCell(29, 3, 13004);
data.setCell(30, 0, 30)
data.setCell(30, 1, 'CheckDupicatproduct')
data.setCell(30, 2, 'tests.AddProductTest')
data.setCell(30, 3, 9949);
data.setCell(31, 0, 31)
data.setCell(31, 1, 'EdirActionButtonFlow')
data.setCell(31, 2, 'tests.BrandsManagementTest')
data.setCell(31, 3, 9222);
data.setCell(32, 0, 32)
data.setCell(32, 1, 'ValidatePriceTaxShippingTotals')
data.setCell(32, 2, 'tests.OrderManagementTest')
data.setCell(32, 3, 8574);
data.setCell(33, 0, 33)
data.setCell(33, 1, 'verifyErrorCountTest')
data.setCell(33, 2, 'tests.BrandsManagementTest')
data.setCell(33, 3, 7532);
data.setCell(34, 0, 34)
data.setCell(34, 1, 'AddnewProductBTN')
data.setCell(34, 2, 'tests.AllProductsTests')
data.setCell(34, 3, 7471);
data.setCell(35, 0, 35)
data.setCell(35, 1, 'TestSearchKeywordFilter')
data.setCell(35, 2, 'tests.AllProductsTests')
data.setCell(35, 3, 7032);
data.setCell(36, 0, 36)
data.setCell(36, 1, 'TestResetButton')
data.setCell(36, 2, 'tests.AllProductsTests')
data.setCell(36, 3, 6883);
data.setCell(37, 0, 37)
data.setCell(37, 1, 'VerifyCategorySubcategoryDependency')
data.setCell(37, 2, 'tests.AddProductTest')
data.setCell(37, 3, 6816);
data.setCell(38, 0, 38)
data.setCell(38, 1, 'TestExportCSVFunctionality')
data.setCell(38, 2, 'tests.AllProductsTests')
data.setCell(38, 3, 6057);
data.setCell(39, 0, 39)
data.setCell(39, 1, 'TestAllProductPageLoads')
data.setCell(39, 2, 'tests.AllProductsTests')
data.setCell(39, 3, 5888);
data.setCell(40, 0, 40)
data.setCell(40, 1, 'TestResetPasswordWithinvlaidemail')
data.setCell(40, 2, 'tests.ForgotPasswordTests')
data.setCell(40, 3, 5521);
data.setCell(41, 0, 41)
data.setCell(41, 1, 'verifyDiscountHistoryAndBackButton')
data.setCell(41, 2, 'tests.Dicountmanagement')
data.setCell(41, 3, 5098);
data.setCell(42, 0, 42)
data.setCell(42, 1, 'UserRegistrationDuplicateEmail')
data.setCell(42, 2, 'tests.RegisterTests')
data.setCell(42, 3, 3768);
data.setCell(43, 0, 43)
data.setCell(43, 1, 'UserRegistrationDuplicateuserName')
data.setCell(43, 2, 'tests.RegisterTests')
data.setCell(43, 3, 3556);
data.setCell(44, 0, 44)
data.setCell(44, 1, 'TestResetPasswordWithValidemail')
data.setCell(44, 2, 'tests.ForgotPasswordTests')
data.setCell(44, 3, 2613);
data.setCell(45, 0, 45)
data.setCell(45, 1, 'TestValxpathLogin')
data.setCell(45, 2, 'tests.LoginTests')
data.setCell(45, 3, 2421);
data.setCell(46, 0, 46)
data.setCell(46, 1, 'verifyCategorySubcategoryDependency')
data.setCell(46, 2, 'tests.Dicountmanagement')
data.setCell(46, 3, 1349);
data.setCell(47, 0, 47)
data.setCell(47, 1, 'verifySearchAndCategoryFilter')
data.setCell(47, 2, 'tests.Dicountmanagement')
data.setCell(47, 3, 901);
data.setCell(48, 0, 48)
data.setCell(48, 1, 'TestInvalxpathPassword')
data.setCell(48, 2, 'tests.LoginTests')
data.setCell(48, 3, 866);
data.setCell(49, 0, 49)
data.setCell(49, 1, 'TestInvalxpathEmail')
data.setCell(49, 2, 'tests.LoginTests')
data.setCell(49, 3, 719);
data.setCell(50, 0, 50)
data.setCell(50, 1, 'validateNoSelection_ShowsError')
data.setCell(50, 2, 'tests.Dicountmanagement')
data.setCell(50, 3, 518);
data.setCell(51, 0, 51)
data.setCell(51, 1, 'Checkforgotpassbtn')
data.setCell(51, 2, 'tests.LoginTests')
data.setCell(51, 3, 421);
data.setCell(52, 0, 52)
data.setCell(52, 1, 'Createaccount')
data.setCell(52, 2, 'tests.LoginTests')
data.setCell(52, 3, 411);
window.suiteTableData['Actpal_Suite']= { tableData: data, tableDiv: 'times-div-Actpal_Suite'}
return data;
}
              </script>
              <span class="suite-total-time">Total running time: 12 minutes</span>
              <div id="times-div-Actpal_Suite">
              </div> <!-- times-div-Actpal_Suite -->
            </div> <!-- times-div -->
          </div> <!-- main-panel-content rounded-window-bottom -->
        </div> <!-- panel -->
        <div panel-name="reporter-Actpal_Suite" class="panel">
          <div class="main-panel-header rounded-window-top">
            <span class="header-content">Reporter output for Actpal Suite</span>
          </div> <!-- main-panel-header rounded-window-top -->
          <div class="main-panel-content rounded-window-bottom">
          </div> <!-- main-panel-content rounded-window-bottom -->
        </div> <!-- panel -->
        <div panel-name="ignored-methods-Actpal_Suite" class="panel">
          <div class="main-panel-header rounded-window-top">
            <span class="header-content">1 ignored method</span>
          </div> <!-- main-panel-header rounded-window-top -->
          <div class="main-panel-content rounded-window-bottom">
            <div class="ignored-class-div">
              <span class="ignored-class-name">tests.AllProductsTests</span>
              <div class="ignored-methods-div">
                <span class="ignored-method-name">testPagination</span>
                <br/>
              </div> <!-- ignored-methods-div -->
            </div> <!-- ignored-class-div -->
          </div> <!-- main-panel-content rounded-window-bottom -->
        </div> <!-- panel -->
        <div panel-name="chronological-Actpal_Suite" class="panel">
          <div class="main-panel-header rounded-window-top">
            <span class="header-content">Methods in chronological order</span>
          </div> <!-- main-panel-header rounded-window-top -->
          <div class="main-panel-content rounded-window-bottom">
            <div class="chronological-class">
              <div class="chronological-class-name">tests.RegisterTests</div> <!-- chronological-class-name -->
              <div class="configuration-method before">
                <span class="method-name">setUp</span>
                <span class="method-start">0 ms</span>
              </div> <!-- configuration-method before -->
              <div class="test-method">
                <span class="method-name">TestUserRegistration</span>
                <span class="method-start">2354 ms</span>
              </div> <!-- test-method -->
              <div class="configuration-method after">
                <span class="method-name">tearDown</span>
                <span class="method-start">15367 ms</span>
              </div> <!-- configuration-method after -->
              <div class="configuration-method before">
                <span class="method-name">setUp</span>
                <span class="method-start">15748 ms</span>
              </div> <!-- configuration-method before -->
              <div class="test-method">
                <span class="method-name">UserRegistrationDuplicateEmail</span>
                <span class="method-start">17020 ms</span>
              </div> <!-- test-method -->
              <div class="configuration-method after">
                <span class="method-name">tearDown</span>
                <span class="method-start">20788 ms</span>
              </div> <!-- configuration-method after -->
              <div class="configuration-method before">
                <span class="method-name">setUp</span>
                <span class="method-start">21068 ms</span>
              </div> <!-- configuration-method before -->
              <div class="test-method">
                <span class="method-name">UserRegistrationDuplicateuserName</span>
                <span class="method-start">22184 ms</span>
              </div> <!-- test-method -->
              <div class="configuration-method after">
                <span class="method-name">tearDown</span>
                <span class="method-start">25741 ms</span>
              </div> <!-- configuration-method after -->
            </div> <!-- chronological-class -->
            <div class="chronological-class">
              <div class="chronological-class-name">tests.LoginTests</div> <!-- chronological-class-name -->
              <div class="configuration-method before">
                <span class="method-name">setUp</span>
                <span class="method-start">26032 ms</span>
              </div> <!-- configuration-method before -->
              <div class="test-method">
                <span class="method-name">TestValxpathLogin</span>
                <span class="method-start">27333 ms</span>
              </div> <!-- test-method -->
              <div class="configuration-method after">
                <span class="method-name">tearDown</span>
                <span class="method-start">29755 ms</span>
              </div> <!-- configuration-method after -->
              <div class="configuration-method before">
                <span class="method-name">setUp</span>
                <span class="method-start">30009 ms</span>
              </div> <!-- configuration-method before -->
              <div class="test-method">
                <span class="method-name">TestInvalxpathEmail</span>
                <span class="method-start">31154 ms</span>
              </div> <!-- test-method -->
              <div class="configuration-method after">
                <span class="method-name">tearDown</span>
                <span class="method-start">31875 ms</span>
              </div> <!-- configuration-method after -->
              <div class="configuration-method before">
                <span class="method-name">setUp</span>
                <span class="method-start">32062 ms</span>
              </div> <!-- configuration-method before -->
              <div class="test-method">
                <span class="method-name">TestInvalxpathPassword</span>
                <span class="method-start">33269 ms</span>
              </div> <!-- test-method -->
              <div class="configuration-method after">
                <span class="method-name">tearDown</span>
                <span class="method-start">34137 ms</span>
              </div> <!-- configuration-method after -->
              <div class="configuration-method before">
                <span class="method-name">setUp</span>
                <span class="method-start">34422 ms</span>
              </div> <!-- configuration-method before -->
              <div class="test-method">
                <span class="method-name">Checkforgotpassbtn</span>
                <span class="method-start">35999 ms</span>
              </div> <!-- test-method -->
              <div class="configuration-method after">
                <span class="method-name">tearDown</span>
                <span class="method-start">36422 ms</span>
              </div> <!-- configuration-method after -->
              <div class="configuration-method before">
                <span class="method-name">setUp</span>
                <span class="method-start">36740 ms</span>
              </div> <!-- configuration-method before -->
              <div class="test-method">
                <span class="method-name">Createaccount</span>
                <span class="method-start">38116 ms</span>
              </div> <!-- test-method -->
              <div class="configuration-method after">
                <span class="method-name">tearDown</span>
                <span class="method-start">38528 ms</span>
              </div> <!-- configuration-method after -->
            </div> <!-- chronological-class -->
            <div class="chronological-class">
              <div class="chronological-class-name">tests.ForgotPasswordTests</div> <!-- chronological-class-name -->
              <div class="configuration-method before">
                <span class="method-name">setUp</span>
                <span class="method-start">39164 ms</span>
              </div> <!-- configuration-method before -->
              <div class="test-method">
                <span class="method-name">TestResetPasswordWithValidemail</span>
                <span class="method-start">40445 ms</span>
              </div> <!-- test-method -->
              <div class="configuration-method after">
                <span class="method-name">tearDown</span>
                <span class="method-start">43063 ms</span>
              </div> <!-- configuration-method after -->
              <div class="configuration-method before">
                <span class="method-name">setUp</span>
                <span class="method-start">43338 ms</span>
              </div> <!-- configuration-method before -->
              <div class="test-method">
                <span class="method-name">TestResetPasswordWithinvlaidemail</span>
                <span class="method-start">44570 ms</span>
              </div> <!-- test-method -->
              <div class="configuration-method after">
                <span class="method-name">tearDown</span>
                <span class="method-start">50099 ms</span>
              </div> <!-- configuration-method after -->
            </div> <!-- chronological-class -->
            <div class="chronological-class">
              <div class="chronological-class-name">tests.AllProductsTests</div> <!-- chronological-class-name -->
              <div class="configuration-method before">
                <span class="method-name">setUp</span>
                <span class="method-start">50453 ms</span>
              </div> <!-- configuration-method before -->
              <div class="test-method">
                <span class="method-name">TestAllProductPageLoads</span>
                <span class="method-start">51606 ms</span>
              </div> <!-- test-method -->
              <div class="configuration-method after">
                <span class="method-name">tearDown</span>
                <span class="method-start">57499 ms</span>
              </div> <!-- configuration-method after -->
              <div class="configuration-method before">
                <span class="method-name">setUp</span>
                <span class="method-start">57855 ms</span>
              </div> <!-- configuration-method before -->
              <div class="test-method">
                <span class="method-name">TestSearchKeywordFilter</span>
                <span class="method-start">59281 ms</span>
              </div> <!-- test-method -->
              <div class="configuration-method after">
                <span class="method-name">tearDown</span>
                <span class="method-start">66315 ms</span>
              </div> <!-- configuration-method after -->
              <div class="configuration-method before">
                <span class="method-name">setUp</span>
                <span class="method-start">66770 ms</span>
              </div> <!-- configuration-method before -->
              <div class="test-method">
                <span class="method-name">TestResetButton</span>
                <span class="method-start">68025 ms</span>
              </div> <!-- test-method -->
              <div class="configuration-method after">
                <span class="method-name">tearDown</span>
                <span class="method-start">74908 ms</span>
              </div> <!-- configuration-method after -->
              <div class="configuration-method before">
                <span class="method-name">setUp</span>
                <span class="method-start">75291 ms</span>
              </div> <!-- configuration-method before -->
              <div class="test-method">
                <span class="method-name">TestExportCSVFunctionality</span>
                <span class="method-start">76752 ms</span>
              </div> <!-- test-method -->
              <div class="configuration-method after">
                <span class="method-name">tearDown</span>
                <span class="method-start">82809 ms</span>
              </div> <!-- configuration-method after -->
              <div class="configuration-method before">
                <span class="method-name">setUp</span>
                <span class="method-start">83128 ms</span>
              </div> <!-- configuration-method before -->
              <div class="test-method">
                <img src="failed.png">
                </img>
                <span class="method-name">TestSortByFilter</span>
                <span class="method-start">84416 ms</span>
              </div> <!-- test-method -->
              <div class="configuration-method after">
                <span class="method-name">tearDown</span>
                <span class="method-start">102595 ms</span>
              </div> <!-- configuration-method after -->
              <div class="configuration-method before">
                <span class="method-name">setUp</span>
                <span class="method-start">102972 ms</span>
              </div> <!-- configuration-method before -->
              <div class="test-method">
                <img src="failed.png">
                </img>
                <span class="method-name">TestStatusFilter</span>
                <span class="method-start">104121 ms</span>
              </div> <!-- test-method -->
              <div class="configuration-method after">
                <span class="method-name">tearDown</span>
                <span class="method-start">126933 ms</span>
              </div> <!-- configuration-method after -->
              <div class="configuration-method before">
                <span class="method-name">setUp</span>
                <span class="method-start">127310 ms</span>
              </div> <!-- configuration-method before -->
              <div class="test-method">
                <img src="failed.png">
                </img>
                <span class="method-name">TestAdvancedFilter</span>
                <span class="method-start">128492 ms</span>
              </div> <!-- test-method -->
              <div class="configuration-method after">
                <span class="method-name">tearDown</span>
                <span class="method-start">143900 ms</span>
              </div> <!-- configuration-method after -->
              <div class="configuration-method before">
                <span class="method-name">setUp</span>
                <span class="method-start">144232 ms</span>
              </div> <!-- configuration-method before -->
              <div class="test-method">
                <span class="method-name">testActionSection</span>
                <span class="method-start">145439 ms</span>
              </div> <!-- test-method -->
              <div class="configuration-method after">
                <span class="method-name">tearDown</span>
                <span class="method-start">163976 ms</span>
              </div> <!-- configuration-method after -->
              <div class="configuration-method before">
                <span class="method-name">setUp</span>
                <span class="method-start">164418 ms</span>
              </div> <!-- configuration-method before -->
              <div class="test-method">
                <span class="method-name">AddnewProductBTN</span>
                <span class="method-start">165487 ms</span>
              </div> <!-- test-method -->
              <div class="configuration-method after">
                <span class="method-name">tearDown</span>
                <span class="method-start">172966 ms</span>
              </div> <!-- configuration-method after -->
              <div class="configuration-method before">
                <span class="method-name">setUp</span>
                <span class="method-start">173289 ms</span>
              </div> <!-- configuration-method before -->
              <div class="test-method">
                <span class="method-name">TestToggleByIndex</span>
                <span class="method-start">174464 ms</span>
              </div> <!-- test-method -->
              <div class="configuration-method after">
                <span class="method-name">tearDown</span>
                <span class="method-start">188552 ms</span>
              </div> <!-- configuration-method after -->
              <div class="configuration-method before">
                <span class="method-name">setUp</span>
                <span class="method-start">188908 ms</span>
              </div> <!-- configuration-method before -->
              <div class="test-method">
                <img src="failed.png">
                </img>
                <span class="method-name">TestFilterProductsByCategory</span>
                <span class="method-start">190409 ms</span>
              </div> <!-- test-method -->
              <div class="configuration-method after">
                <span class="method-name">tearDown</span>
                <span class="method-start">205912 ms</span>
              </div> <!-- configuration-method after -->
            </div> <!-- chronological-class -->
            <div class="chronological-class">
              <div class="chronological-class-name">tests.ActiveProductTest</div> <!-- chronological-class-name -->
              <div class="configuration-method before">
                <span class="method-name">setUp</span>
                <span class="method-start">206280 ms</span>
              </div> <!-- configuration-method before -->
              <div class="test-method">
                <span class="method-name">TestActiveProductPageLoads</span>
                <span class="method-start">207444 ms</span>
              </div> <!-- test-method -->
              <div class="configuration-method after">
                <span class="method-name">tearDown</span>
                <span class="method-start">222063 ms</span>
              </div> <!-- configuration-method after -->
              <div class="configuration-method before">
                <span class="method-name">setUp</span>
                <span class="method-start">222924 ms</span>
              </div> <!-- configuration-method before -->
              <div class="test-method">
                <span class="method-name">TestSearchKeywordFilter</span>
                <span class="method-start">224063 ms</span>
              </div> <!-- test-method -->
              <div class="configuration-method after">
                <span class="method-name">tearDown</span>
                <span class="method-start">240144 ms</span>
              </div> <!-- configuration-method after -->
              <div class="configuration-method before">
                <span class="method-name">setUp</span>
                <span class="method-start">240560 ms</span>
              </div> <!-- configuration-method before -->
              <div class="test-method">
                <span class="method-name">TestResetButton</span>
                <span class="method-start">241861 ms</span>
              </div> <!-- test-method -->
              <div class="configuration-method after">
                <span class="method-name">tearDown</span>
                <span class="method-start">261311 ms</span>
              </div> <!-- configuration-method after -->
              <div class="configuration-method before">
                <span class="method-name">setUp</span>
                <span class="method-start">262312 ms</span>
              </div> <!-- configuration-method before -->
              <div class="test-method">
                <span class="method-name">TestExportCSVFunctionality</span>
                <span class="method-start">263535 ms</span>
              </div> <!-- test-method -->
              <div class="configuration-method after">
                <span class="method-name">tearDown</span>
                <span class="method-start">278259 ms</span>
              </div> <!-- configuration-method after -->
              <div class="configuration-method before">
                <span class="method-name">setUp</span>
                <span class="method-start">278907 ms</span>
              </div> <!-- configuration-method before -->
              <div class="test-method">
                <span class="method-name">TestSortByFilter</span>
                <span class="method-start">280228 ms</span>
              </div> <!-- test-method -->
              <div class="configuration-method after">
                <span class="method-name">tearDown</span>
                <span class="method-start">316998 ms</span>
              </div> <!-- configuration-method after -->
              <div class="configuration-method before">
                <span class="method-name">setUp</span>
                <span class="method-start">317380 ms</span>
              </div> <!-- configuration-method before -->
              <div class="test-method">
                <span class="method-name">TestStatusFilter</span>
                <span class="method-start">318896 ms</span>
              </div> <!-- test-method -->
              <div class="configuration-method after">
                <span class="method-name">tearDown</span>
                <span class="method-start">347037 ms</span>
              </div> <!-- configuration-method after -->
              <div class="configuration-method before">
                <span class="method-name">setUp</span>
                <span class="method-start">347413 ms</span>
              </div> <!-- configuration-method before -->
              <div class="test-method">
                <span class="method-name">TestAdvancedFilter</span>
                <span class="method-start">348829 ms</span>
              </div> <!-- test-method -->
              <div class="configuration-method after">
                <span class="method-name">tearDown</span>
                <span class="method-start">368714 ms</span>
              </div> <!-- configuration-method after -->
              <div class="configuration-method before">
                <span class="method-name">setUp</span>
                <span class="method-start">369018 ms</span>
              </div> <!-- configuration-method before -->
              <div class="test-method">
                <img src="failed.png">
                </img>
                <span class="method-name">testActionSection</span>
                <span class="method-start">370190 ms</span>
              </div> <!-- test-method -->
              <div class="configuration-method after">
                <span class="method-name">tearDown</span>
                <span class="method-start">388311 ms</span>
              </div> <!-- configuration-method after -->
              <div class="configuration-method before">
                <span class="method-name">setUp</span>
                <span class="method-start">388650 ms</span>
              </div> <!-- configuration-method before -->
              <div class="test-method">
                <span class="method-name">AddnewProductBTN</span>
                <span class="method-start">390093 ms</span>
              </div> <!-- test-method -->
              <div class="configuration-method after">
                <span class="method-name">tearDown</span>
                <span class="method-start">405940 ms</span>
              </div> <!-- configuration-method after -->
              <div class="configuration-method before">
                <span class="method-name">setUp</span>
                <span class="method-start">406740 ms</span>
              </div> <!-- configuration-method before -->
              <div class="test-method">
                <span class="method-name">TestToggleByIndex</span>
                <span class="method-start">407936 ms</span>
              </div> <!-- test-method -->
              <div class="configuration-method after">
                <span class="method-name">tearDown</span>
                <span class="method-start">423250 ms</span>
              </div> <!-- configuration-method after -->
              <div class="configuration-method before">
                <span class="method-name">setUp</span>
                <span class="method-start">423579 ms</span>
              </div> <!-- configuration-method before -->
              <div class="test-method">
                <span class="method-name">TestFilterProductsByCategory</span>
                <span class="method-start">424686 ms</span>
              </div> <!-- test-method -->
              <div class="configuration-method after">
                <span class="method-name">tearDown</span>
                <span class="method-start">441778 ms</span>
              </div> <!-- configuration-method after -->
              <div class="configuration-method before">
                <span class="method-name">setUp</span>
                <span class="method-start">442170 ms</span>
              </div> <!-- configuration-method before -->
              <div class="test-method">
                <span class="method-name">TestActiveProductView</span>
                <span class="method-start">443786 ms</span>
              </div> <!-- test-method -->
              <div class="configuration-method after">
                <span class="method-name">tearDown</span>
                <span class="method-start">462485 ms</span>
              </div> <!-- configuration-method after -->
            </div> <!-- chronological-class -->
            <div class="chronological-class">
              <div class="chronological-class-name">tests.AddProductTest</div> <!-- chronological-class-name -->
              <div class="configuration-method before">
                <span class="method-name">setUp</span>
                <span class="method-start">462860 ms</span>
              </div> <!-- configuration-method before -->
              <div class="test-method">
                <span class="method-name">TestAddNewProductFullFlow</span>
                <span class="method-start">464142 ms</span>
              </div> <!-- test-method -->
              <div class="configuration-method after">
                <span class="method-name">tearDown</span>
                <span class="method-start">494326 ms</span>
              </div> <!-- configuration-method after -->
              <div class="configuration-method before">
                <span class="method-name">setUp</span>
                <span class="method-start">494764 ms</span>
              </div> <!-- configuration-method before -->
              <div class="test-method">
                <span class="method-name">CheckDupicatproduct</span>
                <span class="method-start">496211 ms</span>
              </div> <!-- test-method -->
              <div class="configuration-method after">
                <span class="method-name">tearDown</span>
                <span class="method-start">506160 ms</span>
              </div> <!-- configuration-method after -->
              <div class="configuration-method before">
                <span class="method-name">setUp</span>
                <span class="method-start">506517 ms</span>
              </div> <!-- configuration-method before -->
              <div class="test-method">
                <span class="method-name">TestMandatoryBasicDetailsValidationSeparate</span>
                <span class="method-start">507755 ms</span>
              </div> <!-- test-method -->
              <div class="configuration-method after">
                <span class="method-name">tearDown</span>
                <span class="method-start">535864 ms</span>
              </div> <!-- configuration-method after -->
              <div class="configuration-method before">
                <span class="method-name">setUp</span>
                <span class="method-start">536283 ms</span>
              </div> <!-- configuration-method before -->
              <div class="test-method">
                <span class="method-name">VerifyCategorySubcategoryDependency</span>
                <span class="method-start">537618 ms</span>
              </div> <!-- test-method -->
              <div class="configuration-method after">
                <span class="method-name">tearDown</span>
                <span class="method-start">544436 ms</span>
              </div> <!-- configuration-method after -->
            </div> <!-- chronological-class -->
            <div class="chronological-class">
              <div class="chronological-class-name">tests.Dicountmanagement</div> <!-- chronological-class-name -->
              <div class="configuration-method before">
                <span class="method-name">setUp</span>
                <span class="method-start">544893 ms</span>
              </div> <!-- configuration-method before -->
              <div class="configuration-method before">
                <span class="method-name">setUpTest</span>
                <span class="method-start">546376 ms</span>
              </div> <!-- configuration-method before -->
              <div class="test-method">
                <span class="method-name">validateAddNewDiscount_PositiveFlow</span>
                <span class="method-start">550573 ms</span>
              </div> <!-- test-method -->
              <div class="configuration-method after">
                <span class="method-name">tearDown</span>
                <span class="method-start">576061 ms</span>
              </div> <!-- configuration-method after -->
              <div class="configuration-method before">
                <span class="method-name">setUp</span>
                <span class="method-start">576430 ms</span>
              </div> <!-- configuration-method before -->
              <div class="configuration-method before">
                <span class="method-name">setUpTest</span>
                <span class="method-start">577439 ms</span>
              </div> <!-- configuration-method before -->
              <div class="test-method">
                <span class="method-name">verifyCategorySubcategoryDependency</span>
                <span class="method-start">582998 ms</span>
              </div> <!-- test-method -->
              <div class="configuration-method after">
                <span class="method-name">tearDown</span>
                <span class="method-start">584348 ms</span>
              </div> <!-- configuration-method after -->
              <div class="configuration-method before">
                <span class="method-name">setUp</span>
                <span class="method-start">585154 ms</span>
              </div> <!-- configuration-method before -->
              <div class="configuration-method before">
                <span class="method-name">setUpTest</span>
                <span class="method-start">586341 ms</span>
              </div> <!-- configuration-method before -->
              <div class="test-method">
                <span class="method-name">validateNoSelection_ShowsError</span>
                <span class="method-start">590759 ms</span>
              </div> <!-- test-method -->
              <div class="configuration-method after">
                <span class="method-name">tearDown</span>
                <span class="method-start">591277 ms</span>
              </div> <!-- configuration-method after -->
              <div class="configuration-method before">
                <span class="method-name">setUp</span>
                <span class="method-start">591710 ms</span>
              </div> <!-- configuration-method before -->
              <div class="configuration-method before">
                <span class="method-name">setUpTest</span>
                <span class="method-start">593058 ms</span>
              </div> <!-- configuration-method before -->
              <div class="test-method">
                <span class="method-name">verifyDiscountHistoryAndBackButton</span>
                <span class="method-start">597279 ms</span>
              </div> <!-- test-method -->
              <div class="configuration-method after">
                <span class="method-name">tearDown</span>
                <span class="method-start">602377 ms</span>
              </div> <!-- configuration-method after -->
              <div class="configuration-method before">
                <span class="method-name">setUp</span>
                <span class="method-start">602746 ms</span>
              </div> <!-- configuration-method before -->
              <div class="configuration-method before">
                <span class="method-name">setUpTest</span>
                <span class="method-start">604191 ms</span>
              </div> <!-- configuration-method before -->
              <div class="test-method">
                <span class="method-name">verifyStatusDropdownSorting</span>
                <span class="method-start">608680 ms</span>
              </div> <!-- test-method -->
              <div class="configuration-method after">
                <span class="method-name">tearDown</span>
                <span class="method-start">649964 ms</span>
              </div> <!-- configuration-method after -->
              <div class="configuration-method before">
                <span class="method-name">setUp</span>
                <span class="method-start">650325 ms</span>
              </div> <!-- configuration-method before -->
              <div class="configuration-method before">
                <span class="method-name">setUpTest</span>
                <span class="method-start">651406 ms</span>
              </div> <!-- configuration-method before -->
              <div class="test-method">
                <span class="method-name">verifySearchAndCategoryFilter</span>
                <span class="method-start">656052 ms</span>
              </div> <!-- test-method -->
              <div class="configuration-method after">
                <span class="method-name">tearDown</span>
                <span class="method-start">656955 ms</span>
              </div> <!-- configuration-method after -->
            </div> <!-- chronological-class -->
            <div class="chronological-class">
              <div class="chronological-class-name">tests.BrandsManagementTest</div> <!-- chronological-class-name -->
              <div class="configuration-method before">
                <span class="method-name">setUp</span>
                <span class="method-start">657206 ms</span>
              </div> <!-- configuration-method before -->
              <div class="test-method">
                <span class="method-name">checkFullFlowOfBrandManagement</span>
                <span class="method-start">658327 ms</span>
              </div> <!-- test-method -->
              <div class="configuration-method after">
                <span class="method-name">tearDown</span>
                <span class="method-start">674559 ms</span>
              </div> <!-- configuration-method after -->
              <div class="configuration-method before">
                <span class="method-name">setUp</span>
                <span class="method-start">674937 ms</span>
              </div> <!-- configuration-method before -->
              <div class="test-method">
                <span class="method-name">resetButtonFlow</span>
                <span class="method-start">676456 ms</span>
              </div> <!-- test-method -->
              <div class="configuration-method after">
                <span class="method-name">tearDown</span>
                <span class="method-start">694432 ms</span>
              </div> <!-- configuration-method after -->
              <div class="configuration-method before">
                <span class="method-name">setUp</span>
                <span class="method-start">694784 ms</span>
              </div> <!-- configuration-method before -->
              <div class="test-method">
                <span class="method-name">AddnewBrandFullflow</span>
                <span class="method-start">695972 ms</span>
              </div> <!-- test-method -->
              <div class="configuration-method after">
                <span class="method-name">tearDown</span>
                <span class="method-start">729901 ms</span>
              </div> <!-- configuration-method after -->
              <div class="configuration-method before">
                <span class="method-name">setUp</span>
                <span class="method-start">730309 ms</span>
              </div> <!-- configuration-method before -->
              <div class="test-method">
                <span class="method-name">verifyErrorCountTest</span>
                <span class="method-start">731354 ms</span>
              </div> <!-- test-method -->
              <div class="configuration-method after">
                <span class="method-name">tearDown</span>
                <span class="method-start">738887 ms</span>
              </div> <!-- configuration-method after -->
              <div class="configuration-method before">
                <span class="method-name">setUp</span>
                <span class="method-start">739303 ms</span>
              </div> <!-- configuration-method before -->
              <div class="test-method">
                <span class="method-name">EdirActionButtonFlow</span>
                <span class="method-start">740452 ms</span>
              </div> <!-- test-method -->
              <div class="configuration-method after">
                <span class="method-name">tearDown</span>
                <span class="method-start">749677 ms</span>
              </div> <!-- configuration-method after -->
            </div> <!-- chronological-class -->
            <div class="chronological-class">
              <div class="chronological-class-name">tests.OrderManagementTest</div> <!-- chronological-class-name -->
              <div class="configuration-method before">
                <span class="method-name">setUp</span>
                <span class="method-start">750237 ms</span>
              </div> <!-- configuration-method before -->
              <div class="test-method">
                <img src="failed.png">
                </img>
                <span class="method-name">OpenOrderManagmentpage</span>
                <span class="method-start">751894 ms</span>
              </div> <!-- test-method -->
              <div class="configuration-method after">
                <span class="method-name">tearDown</span>
                <span class="method-start">780573 ms</span>
              </div> <!-- configuration-method after -->
              <div class="configuration-method before">
                <span class="method-name">setUp</span>
                <span class="method-start">781013 ms</span>
              </div> <!-- configuration-method before -->
              <div class="test-method">
                <span class="method-name">CalculationlogicforAllOrderValidation</span>
                <span class="method-start">782336 ms</span>
              </div> <!-- test-method -->
              <div class="configuration-method after">
                <span class="method-name">tearDown</span>
                <span class="method-start">812095 ms</span>
              </div> <!-- configuration-method after -->
              <div class="configuration-method before">
                <span class="method-name">setUp</span>
                <span class="method-start">812474 ms</span>
              </div> <!-- configuration-method before -->
              <div class="test-method">
                <span class="method-name">ValidatePriceTaxShippingTotals</span>
                <span class="method-start">813816 ms</span>
              </div> <!-- test-method -->
              <div class="configuration-method after">
                <span class="method-name">tearDown</span>
                <span class="method-start">822390 ms</span>
              </div> <!-- configuration-method after -->
              <div class="configuration-method before">
                <span class="method-name">setUp</span>
                <span class="method-start">822849 ms</span>
              </div> <!-- configuration-method before -->
              <div class="test-method">
                <img src="failed.png">
                </img>
                <span class="method-name">OrderPage</span>
                <span class="method-start">824140 ms</span>
              </div> <!-- test-method -->
              <div class="configuration-method after">
                <span class="method-name">tearDown</span>
                <span class="method-start">846427 ms</span>
              </div> <!-- configuration-method after -->
              <div class="configuration-method before">
                <span class="method-name">setUp</span>
                <span class="method-start">846804 ms</span>
              </div> <!-- configuration-method before -->
              <div class="test-method">
                <span class="method-name">cancleandReturn</span>
                <span class="method-start">847950 ms</span>
              </div> <!-- test-method -->
              <div class="configuration-method after">
                <span class="method-name">tearDown</span>
                <span class="method-start">864821 ms</span>
              </div> <!-- configuration-method after -->
          </div> <!-- main-panel-content rounded-window-bottom -->
        </div> <!-- panel -->
      </div> <!-- main-panel-root -->
    </div> <!-- wrapper -->
  </body>
<script type="text/javascript" src="testng-reports2.js"></script>
</html>
