<?xml version="1.0" encoding="UTF-8"?>
<testng-results ignored="0" total="2" passed="2" failed="0" skipped="0">
  <reporter-output>
  </reporter-output>
  <suite started-at="2025-11-14T10:37:54 IST" name="Default suite" finished-at="2025-11-14T10:39:14 IST" duration-ms="80283">
    <groups>
    </groups>
    <test started-at="2025-11-14T10:37:54 IST" name="Default test" finished-at="2025-11-14T10:39:14 IST" duration-ms="80283">
      <class name="tests.TargetSettingTest">
        <test-method is-config="true" signature="setUp()[pri:0, instance:tests.TargetSettingTest@38425407]" started-at="2025-11-14T10:37:54 IST" name="setUp" finished-at="2025-11-14T10:37:58 IST" duration-ms="4216" status="PASS">
          <reporter-output>
          </reporter-output>
        </test-method> <!-- setUp -->
        <test-method signature="OpenTargetOpenPage()[pri:1, instance:tests.TargetSettingTest@38425407]" started-at="2025-11-14T10:37:58 IST" name="OpenTargetOpenPage" finished-at="2025-11-14T10:38:17 IST" duration-ms="19210" status="PASS">
          <reporter-output>
          </reporter-output>
        </test-method> <!-- OpenTargetOpenPage -->
        <test-method is-config="true" signature="tearDown()[pri:0, instance:tests.TargetSettingTest@38425407]" started-at="2025-11-14T10:38:18 IST" name="tearDown" finished-at="2025-11-14T10:38:18 IST" duration-ms="325" status="PASS">
          <reporter-output>
          </reporter-output>
        </test-method> <!-- tearDown -->
        <test-method is-config="true" signature="setUp()[pri:0, instance:tests.TargetSettingTest@38425407]" started-at="2025-11-14T10:38:18 IST" name="setUp" finished-at="2025-11-14T10:38:19 IST" duration-ms="1665" status="PASS">
          <reporter-output>
          </reporter-output>
        </test-method> <!-- setUp -->
        <test-method signature="addnewTargetingFullFlow()[pri:2, instance:tests.TargetSettingTest@38425407]" started-at="2025-11-14T10:38:19 IST" name="addnewTargetingFullFlow" finished-at="2025-11-14T10:39:14 IST" duration-ms="54019" status="PASS">
          <reporter-output>
          </reporter-output>
        </test-method> <!-- addnewTargetingFullFlow -->
        <test-method is-config="true" signature="tearDown()[pri:0, instance:tests.TargetSettingTest@38425407]" started-at="2025-11-14T10:39:14 IST" name="tearDown" finished-at="2025-11-14T10:39:14 IST" duration-ms="786" status="PASS">
          <reporter-output>
          </reporter-output>
        </test-method> <!-- tearDown -->
      </class> <!-- tests.TargetSettingTest -->
    </test> <!-- Default test -->
  </suite> <!-- Default suite -->
</testng-results>
