<?xml version="1.0" encoding="UTF-8"?>
<testng-results ignored="0" total="1" passed="0" failed="1" skipped="0">
  <reporter-output>
  </reporter-output>
  <suite started-at="2025-11-08T19:18:50 IST" name="Default suite" finished-at="2025-11-08T19:19:08 IST" duration-ms="18252">
    <groups>
    </groups>
    <test started-at="2025-11-08T19:18:50 IST" name="Default test" finished-at="2025-11-08T19:19:08 IST" duration-ms="18252">
      <class name="tests.OrderManagementTest">
        <test-method is-config="true" signature="setUp()[pri:0, instance:tests.OrderManagementTest@54d9d12d]" started-at="2025-11-08T19:18:50 IST" name="setUp" finished-at="2025-11-08T19:18:52 IST" duration-ms="2057" status="PASS">
          <reporter-output>
          </reporter-output>
        </test-method> <!-- setUp -->
        <test-method signature="OpenOrderManagmentpage()[pri:1, instance:tests.OrderManagementTest@54d9d12d]" started-at="2025-11-08T19:18:52 IST" name="OpenOrderManagmentpage" finished-at="2025-11-08T19:19:08 IST" duration-ms="15634" status="FAIL">
          <exception class="java.lang.AssertionError">
            <message>
              <![CDATA[❌ Wrong status shown!
Expected: Payment Failed
Found Class: activeBtn Delivered expected [true] but found [false]]]>
            </message>
            <full-stacktrace>
              <![CDATA[java.lang.AssertionError: ❌ Wrong status shown!
Expected: Payment Failed
Found Class: activeBtn Delivered expected [true] but found [false]
at org.testng.Assert.fail(Assert.java:111)
at org.testng.Assert.failNotEquals(Assert.java:1578)
at org.testng.Assert.assertTrue(Assert.java:57)
at Pages.OrderManagementPage.checkOrderStatusFilter(OrderManagementPage.java:96)
at tests.OrderManagementTest.OpenOrderManagmentpage(OrderManagementTest.java:33)
at java.base/jdk.internal.reflect.DirectMethodHandleAccessor.invoke(DirectMethodHandleAccessor.java:103)
at java.base/java.lang.reflect.Method.invoke(Method.java:580)
at org.testng.internal.invokers.MethodInvocationHelper.invokeMethod(MethodInvocationHelper.java:141)
at org.testng.internal.invokers.TestInvoker.invokeMethod(TestInvoker.java:686)
at org.testng.internal.invokers.TestInvoker.invokeTestMethod(TestInvoker.java:230)
at org.testng.internal.invokers.MethodRunner.runInSequence(MethodRunner.java:63)
at org.testng.internal.invokers.TestInvoker$MethodInvocationAgent.invoke(TestInvoker.java:992)
at org.testng.internal.invokers.TestInvoker.invokeTestMethods(TestInvoker.java:203)
at org.testng.internal.invokers.TestMethodWorker.invokeTestMethods(TestMethodWorker.java:154)
at org.testng.internal.invokers.TestMethodWorker.run(TestMethodWorker.java:134)
at java.base/java.util.ArrayList.forEach(ArrayList.java:1596)
at org.testng.TestRunner.privateRun(TestRunner.java:739)
at org.testng.TestRunner.run(TestRunner.java:614)
at org.testng.SuiteRunner.runTest(SuiteRunner.java:421)
at org.testng.SuiteRunner.runSequentially(SuiteRunner.java:413)
at org.testng.SuiteRunner.privateRun(SuiteRunner.java:373)
at org.testng.SuiteRunner.run(SuiteRunner.java:312)
at org.testng.SuiteRunnerWorker.runSuite(SuiteRunnerWorker.java:52)
at org.testng.SuiteRunnerWorker.run(SuiteRunnerWorker.java:95)
at org.testng.TestNG.runSuitesSequentially(TestNG.java:1274)
at org.testng.TestNG.runSuitesLocally(TestNG.java:1208)
at org.testng.TestNG.runSuites(TestNG.java:1112)
at org.testng.TestNG.run(TestNG.java:1079)
at org.testng.remote.AbstractRemoteTestNG.run(AbstractRemoteTestNG.java:115)
at org.testng.remote.RemoteTestNG.initAndRun(RemoteTestNG.java:293)
at org.testng.remote.RemoteTestNG.main(RemoteTestNG.java:91)
]]>
            </full-stacktrace>
          </exception> <!-- java.lang.AssertionError -->
          <reporter-output>
          </reporter-output>
        </test-method> <!-- OpenOrderManagmentpage -->
        <test-method is-config="true" signature="tearDown()[pri:0, instance:tests.OrderManagementTest@54d9d12d]" started-at="2025-11-08T19:19:08 IST" name="tearDown" finished-at="2025-11-08T19:19:08 IST" duration-ms="502" status="PASS">
          <reporter-output>
          </reporter-output>
        </test-method> <!-- tearDown -->
      </class> <!-- tests.OrderManagementTest -->
    </test> <!-- Default test -->
  </suite> <!-- Default suite -->
</testng-results>
