<?xml version="1.0" encoding="UTF-8"?>
<testng-results ignored="0" total="1" passed="1" failed="0" skipped="0">
  <reporter-output>
  </reporter-output>
  <suite started-at="2025-11-12T18:39:21 IST" name="Default suite" finished-at="2025-11-12T18:39:55 IST" duration-ms="34103">
    <groups>
    </groups>
    <test started-at="2025-11-12T18:39:21 IST" name="Default test" finished-at="2025-11-12T18:39:55 IST" duration-ms="34103">
      <class name="tests.FollowersListTest">
        <test-method is-config="true" signature="setUp()[pri:0, instance:tests.FollowersListTest@54d9d12d]" started-at="2025-11-12T18:39:21 IST" name="setUp" finished-at="2025-11-12T18:39:22 IST" duration-ms="1430" status="PASS">
          <reporter-output>
          </reporter-output>
        </test-method> <!-- setUp -->
        <test-method signature="OpenFollowerListpage()[pri:1, instance:tests.FollowersListTest@54d9d12d]" started-at="2025-11-12T18:39:22 IST" name="OpenFollowerListpage" finished-at="2025-11-12T18:39:55 IST" duration-ms="32397" status="PASS">
          <reporter-output>
          </reporter-output>
        </test-method> <!-- OpenFollowerListpage -->
        <test-method is-config="true" signature="tearDown()[pri:0, instance:tests.FollowersListTest@54d9d12d]" started-at="2025-11-12T18:39:55 IST" name="tearDown" finished-at="2025-11-12T18:39:55 IST" duration-ms="251" status="PASS">
          <reporter-output>
          </reporter-output>
        </test-method> <!-- tearDown -->
      </class> <!-- tests.FollowersListTest -->
    </test> <!-- Default test -->
  </suite> <!-- Default suite -->
</testng-results>
