<?xml version="1.0" encoding="UTF-8"?>
<testng-results ignored="0" total="53" passed="46" failed="7" skipped="0">
  <reporter-output>
  </reporter-output>
  <suite started-at="2025-11-12T10:19:26 IST" name="Actpal Suite" finished-at="2025-11-12T10:33:51 IST" duration-ms="865492">
    <groups>
    </groups>
    <test started-at="2025-11-12T10:19:26 IST" name="User Authentication Tests" finished-at="2025-11-12T10:20:05 IST" duration-ms="38816">
      <class name="tests.LoginTests">
        <test-method is-config="true" signature="setUp()[pri:0, instance:tests.LoginTests@34129c78]" started-at="2025-11-12T10:19:52 IST" name="setUp" finished-at="2025-11-12T10:19:53 IST" duration-ms="1301" status="PASS">
          <reporter-output>
          </reporter-output>
        </test-method> <!-- setUp -->
        <test-method signature="TestValxpathLogin()[pri:1, instance:tests.LoginTests@34129c78]" started-at="2025-11-12T10:19:53 IST" name="TestValxpathLogin" finished-at="2025-11-12T10:19:56 IST" duration-ms="2421" status="PASS">
          <reporter-output>
          </reporter-output>
        </test-method> <!-- TestValxpathLogin -->
        <test-method is-config="true" signature="tearDown()[pri:0, instance:tests.LoginTests@34129c78]" started-at="2025-11-12T10:19:56 IST" name="tearDown" finished-at="2025-11-12T10:19:56 IST" duration-ms="253" status="PASS">
          <reporter-output>
          </reporter-output>
        </test-method> <!-- tearDown -->
        <test-method is-config="true" signature="setUp()[pri:0, instance:tests.LoginTests@34129c78]" started-at="2025-11-12T10:19:56 IST" name="setUp" finished-at="2025-11-12T10:19:57 IST" duration-ms="1145" status="PASS">
          <reporter-output>
          </reporter-output>
        </test-method> <!-- setUp -->
        <test-method signature="TestInvalxpathEmail()[pri:2, instance:tests.LoginTests@34129c78]" started-at="2025-11-12T10:19:57 IST" name="TestInvalxpathEmail" finished-at="2025-11-12T10:19:58 IST" duration-ms="719" status="PASS">
          <reporter-output>
          </reporter-output>
        </test-method> <!-- TestInvalxpathEmail -->
        <test-method is-config="true" signature="tearDown()[pri:0, instance:tests.LoginTests@34129c78]" started-at="2025-11-12T10:19:58 IST" name="tearDown" finished-at="2025-11-12T10:19:58 IST" duration-ms="186" status="PASS">
          <reporter-output>
          </reporter-output>
        </test-method> <!-- tearDown -->
        <test-method is-config="true" signature="setUp()[pri:0, instance:tests.LoginTests@34129c78]" started-at="2025-11-12T10:19:58 IST" name="setUp" finished-at="2025-11-12T10:19:59 IST" duration-ms="1207" status="PASS">
          <reporter-output>
          </reporter-output>
        </test-method> <!-- setUp -->
        <test-method signature="TestInvalxpathPassword()[pri:3, instance:tests.LoginTests@34129c78]" started-at="2025-11-12T10:19:59 IST" name="TestInvalxpathPassword" finished-at="2025-11-12T10:20:00 IST" duration-ms="866" status="PASS">
          <reporter-output>
          </reporter-output>
        </test-method> <!-- TestInvalxpathPassword -->
        <test-method is-config="true" signature="tearDown()[pri:0, instance:tests.LoginTests@34129c78]" started-at="2025-11-12T10:20:00 IST" name="tearDown" finished-at="2025-11-12T10:20:00 IST" duration-ms="284" status="PASS">
          <reporter-output>
          </reporter-output>
        </test-method> <!-- tearDown -->
        <test-method is-config="true" signature="setUp()[pri:0, instance:tests.LoginTests@34129c78]" started-at="2025-11-12T10:20:00 IST" name="setUp" finished-at="2025-11-12T10:20:02 IST" duration-ms="1577" status="PASS">
          <reporter-output>
          </reporter-output>
        </test-method> <!-- setUp -->
        <test-method signature="Checkforgotpassbtn()[pri:4, instance:tests.LoginTests@34129c78]" started-at="2025-11-12T10:20:02 IST" name="Checkforgotpassbtn" finished-at="2025-11-12T10:20:02 IST" duration-ms="421" status="PASS">
          <reporter-output>
          </reporter-output>
        </test-method> <!-- Checkforgotpassbtn -->
        <test-method is-config="true" signature="tearDown()[pri:0, instance:tests.LoginTests@34129c78]" started-at="2025-11-12T10:20:02 IST" name="tearDown" finished-at="2025-11-12T10:20:03 IST" duration-ms="317" status="PASS">
          <reporter-output>
          </reporter-output>
        </test-method> <!-- tearDown -->
        <test-method is-config="true" signature="setUp()[pri:0, instance:tests.LoginTests@34129c78]" started-at="2025-11-12T10:20:03 IST" name="setUp" finished-at="2025-11-12T10:20:04 IST" duration-ms="1376" status="PASS">
          <reporter-output>
          </reporter-output>
        </test-method> <!-- setUp -->
        <test-method signature="Createaccount()[pri:5, instance:tests.LoginTests@34129c78]" started-at="2025-11-12T10:20:04 IST" name="Createaccount" finished-at="2025-11-12T10:20:04 IST" duration-ms="411" status="PASS">
          <reporter-output>
          </reporter-output>
        </test-method> <!-- Createaccount -->
        <test-method is-config="true" signature="tearDown()[pri:0, instance:tests.LoginTests@34129c78]" started-at="2025-11-12T10:20:04 IST" name="tearDown" finished-at="2025-11-12T10:20:05 IST" duration-ms="196" status="PASS">
          <reporter-output>
          </reporter-output>
        </test-method> <!-- tearDown -->
      </class> <!-- tests.LoginTests -->
      <class name="tests.RegisterTests">
        <test-method is-config="true" signature="setUp()[pri:0, instance:tests.RegisterTests@2235eaab]" started-at="2025-11-12T10:19:26 IST" name="setUp" finished-at="2025-11-12T10:19:28 IST" duration-ms="2352" status="PASS">
          <reporter-output>
          </reporter-output>
        </test-method> <!-- setUp -->
        <test-method signature="TestUserRegistration()[pri:1, instance:tests.RegisterTests@2235eaab]" started-at="2025-11-12T10:19:28 IST" name="TestUserRegistration" finished-at="2025-11-12T10:19:41 IST" duration-ms="13004" status="PASS">
          <reporter-output>
          </reporter-output>
        </test-method> <!-- TestUserRegistration -->
        <test-method is-config="true" signature="tearDown()[pri:0, instance:tests.RegisterTests@2235eaab]" started-at="2025-11-12T10:19:41 IST" name="tearDown" finished-at="2025-11-12T10:19:42 IST" duration-ms="376" status="PASS">
          <reporter-output>
          </reporter-output>
        </test-method> <!-- tearDown -->
        <test-method is-config="true" signature="setUp()[pri:0, instance:tests.RegisterTests@2235eaab]" started-at="2025-11-12T10:19:42 IST" name="setUp" finished-at="2025-11-12T10:19:43 IST" duration-ms="1272" status="PASS">
          <reporter-output>
          </reporter-output>
        </test-method> <!-- setUp -->
        <test-method signature="UserRegistrationDuplicateEmail()[pri:2, instance:tests.RegisterTests@2235eaab]" started-at="2025-11-12T10:19:43 IST" name="UserRegistrationDuplicateEmail" finished-at="2025-11-12T10:19:47 IST" duration-ms="3768" status="PASS">
          <reporter-output>
          </reporter-output>
        </test-method> <!-- UserRegistrationDuplicateEmail -->
        <test-method is-config="true" signature="tearDown()[pri:0, instance:tests.RegisterTests@2235eaab]" started-at="2025-11-12T10:19:47 IST" name="tearDown" finished-at="2025-11-12T10:19:47 IST" duration-ms="279" status="PASS">
          <reporter-output>
          </reporter-output>
        </test-method> <!-- tearDown -->
        <test-method is-config="true" signature="setUp()[pri:0, instance:tests.RegisterTests@2235eaab]" started-at="2025-11-12T10:19:47 IST" name="setUp" finished-at="2025-11-12T10:19:48 IST" duration-ms="1115" status="PASS">
          <reporter-output>
          </reporter-output>
        </test-method> <!-- setUp -->
        <test-method signature="UserRegistrationDuplicateuserName()[pri:3, instance:tests.RegisterTests@2235eaab]" started-at="2025-11-12T10:19:48 IST" name="UserRegistrationDuplicateuserName" finished-at="2025-11-12T10:19:52 IST" duration-ms="3556" status="PASS">
          <reporter-output>
          </reporter-output>
        </test-method> <!-- UserRegistrationDuplicateuserName -->
        <test-method is-config="true" signature="tearDown()[pri:0, instance:tests.RegisterTests@2235eaab]" started-at="2025-11-12T10:19:52 IST" name="tearDown" finished-at="2025-11-12T10:19:52 IST" duration-ms="289" status="PASS">
          <reporter-output>
          </reporter-output>
        </test-method> <!-- tearDown -->
      </class> <!-- tests.RegisterTests -->
    </test> <!-- User Authentication Tests -->
    <test started-at="2025-11-12T10:20:05 IST" name="Password Recovery Tests" finished-at="2025-11-12T10:20:16 IST" duration-ms="11242">
      <class name="tests.ForgotPasswordTests">
        <test-method is-config="true" signature="setUp()[pri:0, instance:tests.ForgotPasswordTests@791d1f8b]" started-at="2025-11-12T10:20:05 IST" name="setUp" finished-at="2025-11-12T10:20:06 IST" duration-ms="1281" status="PASS">
          <reporter-output>
          </reporter-output>
        </test-method> <!-- setUp -->
        <test-method signature="TestResetPasswordWithValidemail()[pri:1, instance:tests.ForgotPasswordTests@791d1f8b]" started-at="2025-11-12T10:20:06 IST" name="TestResetPasswordWithValidemail" finished-at="2025-11-12T10:20:09 IST" duration-ms="2613" status="PASS">
          <reporter-output>
          </reporter-output>
        </test-method> <!-- TestResetPasswordWithValidemail -->
        <test-method is-config="true" signature="tearDown()[pri:0, instance:tests.ForgotPasswordTests@791d1f8b]" started-at="2025-11-12T10:20:09 IST" name="tearDown" finished-at="2025-11-12T10:20:09 IST" duration-ms="274" status="PASS">
          <reporter-output>
          </reporter-output>
        </test-method> <!-- tearDown -->
        <test-method is-config="true" signature="setUp()[pri:0, instance:tests.ForgotPasswordTests@791d1f8b]" started-at="2025-11-12T10:20:09 IST" name="setUp" finished-at="2025-11-12T10:20:10 IST" duration-ms="1231" status="PASS">
          <reporter-output>
          </reporter-output>
        </test-method> <!-- setUp -->
        <test-method signature="TestResetPasswordWithinvlaidemail()[pri:2, instance:tests.ForgotPasswordTests@791d1f8b]" started-at="2025-11-12T10:20:10 IST" name="TestResetPasswordWithinvlaidemail" finished-at="2025-11-12T10:20:16 IST" duration-ms="5521" status="PASS">
          <reporter-output>
          </reporter-output>
        </test-method> <!-- TestResetPasswordWithinvlaidemail -->
        <test-method is-config="true" signature="tearDown()[pri:0, instance:tests.ForgotPasswordTests@791d1f8b]" started-at="2025-11-12T10:20:16 IST" name="tearDown" finished-at="2025-11-12T10:20:16 IST" duration-ms="304" status="PASS">
          <reporter-output>
          </reporter-output>
        </test-method> <!-- tearDown -->
      </class> <!-- tests.ForgotPasswordTests -->
    </test> <!-- Password Recovery Tests -->
    <test started-at="2025-11-12T10:20:16 IST" name="Product Management Tests" finished-at="2025-11-12T10:28:31 IST" duration-ms="494325">
      <class name="tests.AddProductTest">
        <test-method is-config="true" signature="setUp()[pri:0, instance:tests.AddProductTest@39b43d60]" started-at="2025-11-12T10:27:09 IST" name="setUp" finished-at="2025-11-12T10:27:10 IST" duration-ms="1282" status="PASS">
          <reporter-output>
          </reporter-output>
        </test-method> <!-- setUp -->
        <test-method signature="TestAddNewProductFullFlow()[pri:1, instance:tests.AddProductTest@39b43d60]" started-at="2025-11-12T10:27:10 IST" name="TestAddNewProductFullFlow" finished-at="2025-11-12T10:27:40 IST" duration-ms="30184" status="PASS">
          <reporter-output>
          </reporter-output>
        </test-method> <!-- TestAddNewProductFullFlow -->
        <test-method is-config="true" signature="tearDown()[pri:0, instance:tests.AddProductTest@39b43d60]" started-at="2025-11-12T10:27:40 IST" name="tearDown" finished-at="2025-11-12T10:27:41 IST" duration-ms="437" status="PASS">
          <reporter-output>
          </reporter-output>
        </test-method> <!-- tearDown -->
        <test-method is-config="true" signature="setUp()[pri:0, instance:tests.AddProductTest@39b43d60]" started-at="2025-11-12T10:27:41 IST" name="setUp" finished-at="2025-11-12T10:27:42 IST" duration-ms="1447" status="PASS">
          <reporter-output>
          </reporter-output>
        </test-method> <!-- setUp -->
        <test-method signature="CheckDupicatproduct()[pri:2, instance:tests.AddProductTest@39b43d60]" started-at="2025-11-12T10:27:42 IST" name="CheckDupicatproduct" finished-at="2025-11-12T10:27:52 IST" duration-ms="9949" status="PASS">
          <reporter-output>
          </reporter-output>
        </test-method> <!-- CheckDupicatproduct -->
        <test-method is-config="true" signature="tearDown()[pri:0, instance:tests.AddProductTest@39b43d60]" started-at="2025-11-12T10:27:52 IST" name="tearDown" finished-at="2025-11-12T10:27:52 IST" duration-ms="357" status="PASS">
          <reporter-output>
          </reporter-output>
        </test-method> <!-- tearDown -->
        <test-method is-config="true" signature="setUp()[pri:0, instance:tests.AddProductTest@39b43d60]" started-at="2025-11-12T10:27:52 IST" name="setUp" finished-at="2025-11-12T10:27:54 IST" duration-ms="1238" status="PASS">
          <reporter-output>
          </reporter-output>
        </test-method> <!-- setUp -->
        <test-method signature="TestMandatoryBasicDetailsValidationSeparate()[pri:3, instance:tests.AddProductTest@39b43d60]" started-at="2025-11-12T10:27:54 IST" name="TestMandatoryBasicDetailsValidationSeparate" finished-at="2025-11-12T10:28:22 IST" duration-ms="28109" status="PASS">
          <reporter-output>
          </reporter-output>
        </test-method> <!-- TestMandatoryBasicDetailsValidationSeparate -->
        <test-method is-config="true" signature="tearDown()[pri:0, instance:tests.AddProductTest@39b43d60]" started-at="2025-11-12T10:28:22 IST" name="tearDown" finished-at="2025-11-12T10:28:22 IST" duration-ms="419" status="PASS">
          <reporter-output>
          </reporter-output>
        </test-method> <!-- tearDown -->
        <test-method is-config="true" signature="setUp()[pri:0, instance:tests.AddProductTest@39b43d60]" started-at="2025-11-12T10:28:22 IST" name="setUp" finished-at="2025-11-12T10:28:24 IST" duration-ms="1335" status="PASS">
          <reporter-output>
          </reporter-output>
        </test-method> <!-- setUp -->
        <test-method signature="VerifyCategorySubcategoryDependency()[pri:4, instance:tests.AddProductTest@39b43d60]" started-at="2025-11-12T10:28:24 IST" name="VerifyCategorySubcategoryDependency" finished-at="2025-11-12T10:28:30 IST" duration-ms="6816" status="PASS">
          <reporter-output>
          </reporter-output>
        </test-method> <!-- VerifyCategorySubcategoryDependency -->
        <test-method is-config="true" signature="tearDown()[pri:0, instance:tests.AddProductTest@39b43d60]" started-at="2025-11-12T10:28:30 IST" name="tearDown" finished-at="2025-11-12T10:28:31 IST" duration-ms="335" status="PASS">
          <reporter-output>
          </reporter-output>
        </test-method> <!-- tearDown -->
      </class> <!-- tests.AddProductTest -->
      <class name="tests.ActiveProductTest">
        <test-method is-config="true" signature="setUp()[pri:0, instance:tests.ActiveProductTest@42e25b0b]" started-at="2025-11-12T10:22:52 IST" name="setUp" finished-at="2025-11-12T10:22:53 IST" duration-ms="1163" status="PASS">
          <reporter-output>
          </reporter-output>
        </test-method> <!-- setUp -->
        <test-method signature="TestActiveProductPageLoads()[pri:1, instance:tests.ActiveProductTest@42e25b0b]" started-at="2025-11-12T10:22:53 IST" name="TestActiveProductPageLoads" finished-at="2025-11-12T10:23:08 IST" duration-ms="14619" status="PASS">
          <reporter-output>
          </reporter-output>
        </test-method> <!-- TestActiveProductPageLoads -->
        <test-method is-config="true" signature="tearDown()[pri:0, instance:tests.ActiveProductTest@42e25b0b]" started-at="2025-11-12T10:23:08 IST" name="tearDown" finished-at="2025-11-12T10:23:09 IST" duration-ms="860" status="PASS">
          <reporter-output>
          </reporter-output>
        </test-method> <!-- tearDown -->
        <test-method is-config="true" signature="setUp()[pri:0, instance:tests.ActiveProductTest@42e25b0b]" started-at="2025-11-12T10:23:09 IST" name="setUp" finished-at="2025-11-12T10:23:10 IST" duration-ms="1138" status="PASS">
          <reporter-output>
          </reporter-output>
        </test-method> <!-- setUp -->
        <test-method signature="TestSearchKeywordFilter()[pri:2, instance:tests.ActiveProductTest@42e25b0b]" started-at="2025-11-12T10:23:10 IST" name="TestSearchKeywordFilter" finished-at="2025-11-12T10:23:26 IST" duration-ms="16081" status="PASS">
          <reporter-output>
          </reporter-output>
        </test-method> <!-- TestSearchKeywordFilter -->
        <test-method is-config="true" signature="tearDown()[pri:0, instance:tests.ActiveProductTest@42e25b0b]" started-at="2025-11-12T10:23:26 IST" name="tearDown" finished-at="2025-11-12T10:23:26 IST" duration-ms="415" status="PASS">
          <reporter-output>
          </reporter-output>
        </test-method> <!-- tearDown -->
        <test-method is-config="true" signature="setUp()[pri:0, instance:tests.ActiveProductTest@42e25b0b]" started-at="2025-11-12T10:23:26 IST" name="setUp" finished-at="2025-11-12T10:23:28 IST" duration-ms="1301" status="PASS">
          <reporter-output>
          </reporter-output>
        </test-method> <!-- setUp -->
        <test-method signature="TestResetButton()[pri:3, instance:tests.ActiveProductTest@42e25b0b]" started-at="2025-11-12T10:23:28 IST" name="TestResetButton" finished-at="2025-11-12T10:23:47 IST" duration-ms="19450" status="PASS">
          <reporter-output>
          </reporter-output>
        </test-method> <!-- TestResetButton -->
        <test-method is-config="true" signature="tearDown()[pri:0, instance:tests.ActiveProductTest@42e25b0b]" started-at="2025-11-12T10:23:47 IST" name="tearDown" finished-at="2025-11-12T10:23:48 IST" duration-ms="1000" status="PASS">
          <reporter-output>
          </reporter-output>
        </test-method> <!-- tearDown -->
        <test-method is-config="true" signature="setUp()[pri:0, instance:tests.ActiveProductTest@42e25b0b]" started-at="2025-11-12T10:23:48 IST" name="setUp" finished-at="2025-11-12T10:23:49 IST" duration-ms="1223" status="PASS">
          <reporter-output>
          </reporter-output>
        </test-method> <!-- setUp -->
        <test-method signature="TestExportCSVFunctionality()[pri:4, instance:tests.ActiveProductTest@42e25b0b]" started-at="2025-11-12T10:23:49 IST" name="TestExportCSVFunctionality" finished-at="2025-11-12T10:24:04 IST" duration-ms="14719" status="PASS">
          <reporter-output>
          </reporter-output>
        </test-method> <!-- TestExportCSVFunctionality -->
        <test-method is-config="true" signature="tearDown()[pri:0, instance:tests.ActiveProductTest@42e25b0b]" started-at="2025-11-12T10:24:04 IST" name="tearDown" finished-at="2025-11-12T10:24:05 IST" duration-ms="647" status="PASS">
          <reporter-output>
          </reporter-output>
        </test-method> <!-- tearDown -->
        <test-method is-config="true" signature="setUp()[pri:0, instance:tests.ActiveProductTest@42e25b0b]" started-at="2025-11-12T10:24:05 IST" name="setUp" finished-at="2025-11-12T10:24:06 IST" duration-ms="1319" status="PASS">
          <reporter-output>
          </reporter-output>
        </test-method> <!-- setUp -->
        <test-method signature="TestSortByFilter()[pri:5, instance:tests.ActiveProductTest@42e25b0b]" started-at="2025-11-12T10:24:06 IST" name="TestSortByFilter" finished-at="2025-11-12T10:24:43 IST" duration-ms="36770" status="PASS">
          <reporter-output>
          </reporter-output>
        </test-method> <!-- TestSortByFilter -->
        <test-method is-config="true" signature="tearDown()[pri:0, instance:tests.ActiveProductTest@42e25b0b]" started-at="2025-11-12T10:24:43 IST" name="tearDown" finished-at="2025-11-12T10:24:43 IST" duration-ms="381" status="PASS">
          <reporter-output>
          </reporter-output>
        </test-method> <!-- tearDown -->
        <test-method is-config="true" signature="setUp()[pri:0, instance:tests.ActiveProductTest@42e25b0b]" started-at="2025-11-12T10:24:43 IST" name="setUp" finished-at="2025-11-12T10:24:45 IST" duration-ms="1516" status="PASS">
          <reporter-output>
          </reporter-output>
        </test-method> <!-- setUp -->
        <test-method signature="TestStatusFilter()[pri:6, instance:tests.ActiveProductTest@42e25b0b]" started-at="2025-11-12T10:24:45 IST" name="TestStatusFilter" finished-at="2025-11-12T10:25:13 IST" duration-ms="28125" status="PASS">
          <reporter-output>
          </reporter-output>
        </test-method> <!-- TestStatusFilter -->
        <test-method is-config="true" signature="tearDown()[pri:0, instance:tests.ActiveProductTest@42e25b0b]" started-at="2025-11-12T10:25:13 IST" name="tearDown" finished-at="2025-11-12T10:25:13 IST" duration-ms="375" status="PASS">
          <reporter-output>
          </reporter-output>
        </test-method> <!-- tearDown -->
        <test-method is-config="true" signature="setUp()[pri:0, instance:tests.ActiveProductTest@42e25b0b]" started-at="2025-11-12T10:25:13 IST" name="setUp" finished-at="2025-11-12T10:25:15 IST" duration-ms="1416" status="PASS">
          <reporter-output>
          </reporter-output>
        </test-method> <!-- setUp -->
        <test-method signature="TestAdvancedFilter()[pri:7, instance:tests.ActiveProductTest@42e25b0b]" started-at="2025-11-12T10:25:15 IST" name="TestAdvancedFilter" finished-at="2025-11-12T10:25:35 IST" duration-ms="19885" status="PASS">
          <reporter-output>
          </reporter-output>
        </test-method> <!-- TestAdvancedFilter -->
        <test-method is-config="true" signature="tearDown()[pri:0, instance:tests.ActiveProductTest@42e25b0b]" started-at="2025-11-12T10:25:35 IST" name="tearDown" finished-at="2025-11-12T10:25:35 IST" duration-ms="302" status="PASS">
          <reporter-output>
          </reporter-output>
        </test-method> <!-- tearDown -->
        <test-method is-config="true" signature="setUp()[pri:0, instance:tests.ActiveProductTest@42e25b0b]" started-at="2025-11-12T10:25:35 IST" name="setUp" finished-at="2025-11-12T10:25:36 IST" duration-ms="1172" status="PASS">
          <reporter-output>
          </reporter-output>
        </test-method> <!-- setUp -->
        <test-method signature="testActionSection()[pri:9, instance:tests.ActiveProductTest@42e25b0b]" started-at="2025-11-12T10:25:36 IST" name="testActionSection" finished-at="2025-11-12T10:25:54 IST" duration-ms="18121" status="FAIL">
          <exception class="java.lang.IllegalArgumentException">
            <message>
              <![CDATA[❌ Invalid index: 0. Must be between 1 and 11]]>
            </message>
            <full-stacktrace>
              <![CDATA[java.lang.IllegalArgumentException: ❌ Invalid index: 0. Must be between 1 and 11
at Pages.AllProductsPage.clickEditIcon(AllProductsPage.java:337)
at tests.ActiveProductTest.testActionSection(ActiveProductTest.java:285)
at java.base/jdk.internal.reflect.DirectMethodHandleAccessor.invoke(DirectMethodHandleAccessor.java:103)
at java.base/java.lang.reflect.Method.invoke(Method.java:580)
at org.testng.internal.invokers.MethodInvocationHelper.invokeMethod(MethodInvocationHelper.java:141)
at org.testng.internal.invokers.TestInvoker.invokeMethod(TestInvoker.java:686)
at org.testng.internal.invokers.TestInvoker.invokeTestMethod(TestInvoker.java:230)
at org.testng.internal.invokers.MethodRunner.runInSequence(MethodRunner.java:63)
at org.testng.internal.invokers.TestInvoker$MethodInvocationAgent.invoke(TestInvoker.java:992)
at org.testng.internal.invokers.TestInvoker.invokeTestMethods(TestInvoker.java:203)
at org.testng.internal.invokers.TestMethodWorker.invokeTestMethods(TestMethodWorker.java:154)
at org.testng.internal.invokers.TestMethodWorker.run(TestMethodWorker.java:134)
at java.base/java.util.ArrayList.forEach(ArrayList.java:1596)
at org.testng.TestRunner.privateRun(TestRunner.java:739)
at org.testng.TestRunner.run(TestRunner.java:614)
at org.testng.SuiteRunner.runTest(SuiteRunner.java:421)
at org.testng.SuiteRunner.runSequentially(SuiteRunner.java:413)
at org.testng.SuiteRunner.privateRun(SuiteRunner.java:373)
at org.testng.SuiteRunner.run(SuiteRunner.java:312)
at org.testng.SuiteRunnerWorker.runSuite(SuiteRunnerWorker.java:52)
at org.testng.SuiteRunnerWorker.run(SuiteRunnerWorker.java:95)
at org.testng.TestNG.runSuitesSequentially(TestNG.java:1274)
at org.testng.TestNG.runSuitesLocally(TestNG.java:1208)
at org.testng.TestNG.runSuites(TestNG.java:1112)
at org.testng.TestNG.run(TestNG.java:1079)
at org.testng.remote.AbstractRemoteTestNG.run(AbstractRemoteTestNG.java:115)
at org.testng.remote.RemoteTestNG.initAndRun(RemoteTestNG.java:293)
at org.testng.remote.RemoteTestNG.main(RemoteTestNG.java:91)
]]>
            </full-stacktrace>
          </exception> <!-- java.lang.IllegalArgumentException -->
          <reporter-output>
          </reporter-output>
        </test-method> <!-- testActionSection -->
        <test-method is-config="true" signature="tearDown()[pri:0, instance:tests.ActiveProductTest@42e25b0b]" started-at="2025-11-12T10:25:54 IST" name="tearDown" finished-at="2025-11-12T10:25:55 IST" duration-ms="338" status="PASS">
          <reporter-output>
          </reporter-output>
        </test-method> <!-- tearDown -->
        <test-method is-config="true" signature="setUp()[pri:0, instance:tests.ActiveProductTest@42e25b0b]" started-at="2025-11-12T10:25:55 IST" name="setUp" finished-at="2025-11-12T10:25:56 IST" duration-ms="1443" status="PASS">
          <reporter-output>
          </reporter-output>
        </test-method> <!-- setUp -->
        <test-method signature="AddnewProductBTN()[pri:10, instance:tests.ActiveProductTest@42e25b0b]" started-at="2025-11-12T10:25:56 IST" name="AddnewProductBTN" finished-at="2025-11-12T10:26:12 IST" duration-ms="15839" status="PASS">
          <reporter-output>
          </reporter-output>
        </test-method> <!-- AddnewProductBTN -->
        <test-method is-config="true" signature="tearDown()[pri:0, instance:tests.ActiveProductTest@42e25b0b]" started-at="2025-11-12T10:26:12 IST" name="tearDown" finished-at="2025-11-12T10:26:13 IST" duration-ms="799" status="PASS">
          <reporter-output>
          </reporter-output>
        </test-method> <!-- tearDown -->
        <test-method is-config="true" signature="setUp()[pri:0, instance:tests.ActiveProductTest@42e25b0b]" started-at="2025-11-12T10:26:13 IST" name="setUp" finished-at="2025-11-12T10:26:14 IST" duration-ms="1196" status="PASS">
          <reporter-output>
          </reporter-output>
        </test-method> <!-- setUp -->
        <test-method signature="TestToggleByIndex()[pri:11, instance:tests.ActiveProductTest@42e25b0b]" started-at="2025-11-12T10:26:14 IST" name="TestToggleByIndex" finished-at="2025-11-12T10:26:29 IST" duration-ms="15311" status="PASS">
          <reporter-output>
          </reporter-output>
        </test-method> <!-- TestToggleByIndex -->
        <test-method is-config="true" signature="tearDown()[pri:0, instance:tests.ActiveProductTest@42e25b0b]" started-at="2025-11-12T10:26:29 IST" name="tearDown" finished-at="2025-11-12T10:26:29 IST" duration-ms="328" status="PASS">
          <reporter-output>
          </reporter-output>
        </test-method> <!-- tearDown -->
        <test-method is-config="true" signature="setUp()[pri:0, instance:tests.ActiveProductTest@42e25b0b]" started-at="2025-11-12T10:26:29 IST" name="setUp" finished-at="2025-11-12T10:26:31 IST" duration-ms="1106" status="PASS">
          <reporter-output>
          </reporter-output>
        </test-method> <!-- setUp -->
        <test-method signature="TestFilterProductsByCategory()[pri:12, instance:tests.ActiveProductTest@42e25b0b]" started-at="2025-11-12T10:26:31 IST" name="TestFilterProductsByCategory" finished-at="2025-11-12T10:26:48 IST" duration-ms="17076" status="PASS">
          <reporter-output>
          </reporter-output>
        </test-method> <!-- TestFilterProductsByCategory -->
        <test-method is-config="true" signature="tearDown()[pri:0, instance:tests.ActiveProductTest@42e25b0b]" started-at="2025-11-12T10:26:48 IST" name="tearDown" finished-at="2025-11-12T10:26:48 IST" duration-ms="391" status="PASS">
          <reporter-output>
          </reporter-output>
        </test-method> <!-- tearDown -->
        <test-method is-config="true" signature="setUp()[pri:0, instance:tests.ActiveProductTest@42e25b0b]" started-at="2025-11-12T10:26:48 IST" name="setUp" finished-at="2025-11-12T10:26:50 IST" duration-ms="1616" status="PASS">
          <reporter-output>
          </reporter-output>
        </test-method> <!-- setUp -->
        <test-method signature="TestActiveProductView()[pri:13, instance:tests.ActiveProductTest@42e25b0b]" started-at="2025-11-12T10:26:50 IST" name="TestActiveProductView" finished-at="2025-11-12T10:27:08 IST" duration-ms="18699" status="PASS">
          <reporter-output>
          </reporter-output>
        </test-method> <!-- TestActiveProductView -->
        <test-method is-config="true" signature="tearDown()[pri:0, instance:tests.ActiveProductTest@42e25b0b]" started-at="2025-11-12T10:27:08 IST" name="tearDown" finished-at="2025-11-12T10:27:09 IST" duration-ms="374" status="PASS">
          <reporter-output>
          </reporter-output>
        </test-method> <!-- tearDown -->
      </class> <!-- tests.ActiveProductTest -->
      <class name="tests.AllProductsTests">
        <test-method is-config="true" signature="setUp()[pri:0, instance:tests.AllProductsTests@7bf3a5d8]" started-at="2025-11-12T10:20:16 IST" name="setUp" finished-at="2025-11-12T10:20:17 IST" duration-ms="1153" status="PASS">
          <reporter-output>
          </reporter-output>
        </test-method> <!-- setUp -->
        <test-method signature="TestAllProductPageLoads()[pri:1, instance:tests.AllProductsTests@7bf3a5d8]" started-at="2025-11-12T10:20:17 IST" name="TestAllProductPageLoads" finished-at="2025-11-12T10:20:23 IST" duration-ms="5888" status="PASS">
          <reporter-output>
          </reporter-output>
        </test-method> <!-- TestAllProductPageLoads -->
        <test-method is-config="true" signature="tearDown()[pri:0, instance:tests.AllProductsTests@7bf3a5d8]" started-at="2025-11-12T10:20:23 IST" name="tearDown" finished-at="2025-11-12T10:20:24 IST" duration-ms="354" status="PASS">
          <reporter-output>
          </reporter-output>
        </test-method> <!-- tearDown -->
        <test-method is-config="true" signature="setUp()[pri:0, instance:tests.AllProductsTests@7bf3a5d8]" started-at="2025-11-12T10:20:24 IST" name="setUp" finished-at="2025-11-12T10:20:25 IST" duration-ms="1425" status="PASS">
          <reporter-output>
          </reporter-output>
        </test-method> <!-- setUp -->
        <test-method signature="TestSearchKeywordFilter()[pri:2, instance:tests.AllProductsTests@7bf3a5d8]" started-at="2025-11-12T10:20:25 IST" name="TestSearchKeywordFilter" finished-at="2025-11-12T10:20:32 IST" duration-ms="7032" status="PASS">
          <reporter-output>
          </reporter-output>
        </test-method> <!-- TestSearchKeywordFilter -->
        <test-method is-config="true" signature="tearDown()[pri:0, instance:tests.AllProductsTests@7bf3a5d8]" started-at="2025-11-12T10:20:32 IST" name="tearDown" finished-at="2025-11-12T10:20:33 IST" duration-ms="453" status="PASS">
          <reporter-output>
          </reporter-output>
        </test-method> <!-- tearDown -->
        <test-method is-config="true" signature="setUp()[pri:0, instance:tests.AllProductsTests@7bf3a5d8]" started-at="2025-11-12T10:20:33 IST" name="setUp" finished-at="2025-11-12T10:20:34 IST" duration-ms="1254" status="PASS">
          <reporter-output>
          </reporter-output>
        </test-method> <!-- setUp -->
        <test-method signature="TestResetButton()[pri:3, instance:tests.AllProductsTests@7bf3a5d8]" started-at="2025-11-12T10:20:34 IST" name="TestResetButton" finished-at="2025-11-12T10:20:41 IST" duration-ms="6883" status="PASS">
          <reporter-output>
          </reporter-output>
        </test-method> <!-- TestResetButton -->
        <test-method is-config="true" signature="tearDown()[pri:0, instance:tests.AllProductsTests@7bf3a5d8]" started-at="2025-11-12T10:20:41 IST" name="tearDown" finished-at="2025-11-12T10:20:41 IST" duration-ms="382" status="PASS">
          <reporter-output>
          </reporter-output>
        </test-method> <!-- tearDown -->
        <test-method is-config="true" signature="setUp()[pri:0, instance:tests.AllProductsTests@7bf3a5d8]" started-at="2025-11-12T10:20:41 IST" name="setUp" finished-at="2025-11-12T10:20:43 IST" duration-ms="1460" status="PASS">
          <reporter-output>
          </reporter-output>
        </test-method> <!-- setUp -->
        <test-method signature="TestExportCSVFunctionality()[pri:4, instance:tests.AllProductsTests@7bf3a5d8]" started-at="2025-11-12T10:20:43 IST" name="TestExportCSVFunctionality" finished-at="2025-11-12T10:20:49 IST" duration-ms="6057" status="PASS">
          <reporter-output>
          </reporter-output>
        </test-method> <!-- TestExportCSVFunctionality -->
        <test-method is-config="true" signature="tearDown()[pri:0, instance:tests.AllProductsTests@7bf3a5d8]" started-at="2025-11-12T10:20:49 IST" name="tearDown" finished-at="2025-11-12T10:20:49 IST" duration-ms="318" status="PASS">
          <reporter-output>
          </reporter-output>
        </test-method> <!-- tearDown -->
        <test-method is-config="true" signature="setUp()[pri:0, instance:tests.AllProductsTests@7bf3a5d8]" started-at="2025-11-12T10:20:49 IST" name="setUp" finished-at="2025-11-12T10:20:50 IST" duration-ms="1288" status="PASS">
          <reporter-output>
          </reporter-output>
        </test-method> <!-- setUp -->
        <test-method signature="TestSortByFilter()[pri:5, instance:tests.AllProductsTests@7bf3a5d8]" started-at="2025-11-12T10:20:50 IST" name="TestSortByFilter" finished-at="2025-11-12T10:21:08 IST" duration-ms="18170" status="FAIL">
          <exception class="org.openqa.selenium.TimeoutException">
            <message>
              <![CDATA[Expected condition failed: waiting for visibility of all elements located by By.cssSelector: td.w-12 (tried for 5 second(s) with 500 milliseconds interval)
Build info: version: '4.14.0', revision: 'e5a96349ce'
System info: os.name: 'Windows 11', os.arch: 'amd64', os.version: '10.0', java.version: '21.0.8'
Driver info: org.openqa.selenium.edge.EdgeDriver
Capabilities {acceptInsecureCerts: false, browserName: MicrosoftEdge, browserVersion: 142.0.3595.69, fedcm:accounts: true, goog:processID: 11380, ms:edgeOptions: {debuggerAddress: localhost:53086}, msedge: {msedgedriverVersion: 142.0.3595.53 (e9d637e9672e..., userDataDir: C:\Users\INSOF_~1\AppData\L...}, networkConnectionEnabled: false, pageLoadStrategy: normal, platformName: windows, proxy: Proxy(), se:cdp: ws://localhost:53086/devtoo..., se:cdpVersion: 142.0.3595.69, setWindowRect: true, strictFileInteractability: false, timeouts: {implicit: 0, pageLoad: 300000, script: 30000}, unhandledPromptBehavior: dismiss and notify, webauthn:extension:credBlob: true, webauthn:extension:largeBlob: true, webauthn:extension:minPinLength: true, webauthn:extension:prf: true, webauthn:virtualAuthenticators: true}
Session ID: ed525bc0edb373bd79dfaf6484de8084]]>
            </message>
            <full-stacktrace>
              <![CDATA[org.openqa.selenium.TimeoutException: Expected condition failed: waiting for visibility of all elements located by By.cssSelector: td.w-12 (tried for 5 second(s) with 500 milliseconds interval)
Build info: version: '4.14.0', revision: 'e5a96349ce'
System info: os.name: 'Windows 11', os.arch: 'amd64', os.version: '10.0', java.version: '21.0.8'
Driver info: org.openqa.selenium.edge.EdgeDriver
Capabilities {acceptInsecureCerts: false, browserName: MicrosoftEdge, browserVersion: 142.0.3595.69, fedcm:accounts: true, goog:processID: 11380, ms:edgeOptions: {debuggerAddress: localhost:53086}, msedge: {msedgedriverVersion: 142.0.3595.53 (e9d637e9672e..., userDataDir: C:\Users\INSOF_~1\AppData\L...}, networkConnectionEnabled: false, pageLoadStrategy: normal, platformName: windows, proxy: Proxy(), se:cdp: ws://localhost:53086/devtoo..., se:cdpVersion: 142.0.3595.69, setWindowRect: true, strictFileInteractability: false, timeouts: {implicit: 0, pageLoad: 300000, script: 30000}, unhandledPromptBehavior: dismiss and notify, webauthn:extension:credBlob: true, webauthn:extension:largeBlob: true, webauthn:extension:minPinLength: true, webauthn:extension:prf: true, webauthn:virtualAuthenticators: true}
Session ID: ed525bc0edb373bd79dfaf6484de8084
at org.openqa.selenium.support.ui.WebDriverWait.timeoutException(WebDriverWait.java:84)
at org.openqa.selenium.support.ui.FluentWait.until(FluentWait.java:230)
at Pages.AllProductsPage.getProductPrices(AllProductsPage.java:510)
at tests.AllProductsTests.TestSortByFilter(AllProductsTests.java:117)
at java.base/jdk.internal.reflect.DirectMethodHandleAccessor.invoke(DirectMethodHandleAccessor.java:103)
at java.base/java.lang.reflect.Method.invoke(Method.java:580)
at org.testng.internal.invokers.MethodInvocationHelper.invokeMethod(MethodInvocationHelper.java:141)
at org.testng.internal.invokers.TestInvoker.invokeMethod(TestInvoker.java:686)
at org.testng.internal.invokers.TestInvoker.invokeTestMethod(TestInvoker.java:230)
at org.testng.internal.invokers.MethodRunner.runInSequence(MethodRunner.java:63)
at org.testng.internal.invokers.TestInvoker$MethodInvocationAgent.invoke(TestInvoker.java:992)
at org.testng.internal.invokers.TestInvoker.invokeTestMethods(TestInvoker.java:203)
at org.testng.internal.invokers.TestMethodWorker.invokeTestMethods(TestMethodWorker.java:154)
at org.testng.internal.invokers.TestMethodWorker.run(TestMethodWorker.java:134)
at java.base/java.util.ArrayList.forEach(ArrayList.java:1596)
at org.testng.TestRunner.privateRun(TestRunner.java:739)
at org.testng.TestRunner.run(TestRunner.java:614)
at org.testng.SuiteRunner.runTest(SuiteRunner.java:421)
at org.testng.SuiteRunner.runSequentially(SuiteRunner.java:413)
at org.testng.SuiteRunner.privateRun(SuiteRunner.java:373)
at org.testng.SuiteRunner.run(SuiteRunner.java:312)
at org.testng.SuiteRunnerWorker.runSuite(SuiteRunnerWorker.java:52)
at org.testng.SuiteRunnerWorker.run(SuiteRunnerWorker.java:95)
at org.testng.TestNG.runSuitesSequentially(TestNG.java:1274)
at org.testng.TestNG.runSuitesLocally(TestNG.java:1208)
at org.testng.TestNG.runSuites(TestNG.java:1112)
at org.testng.TestNG.run(TestNG.java:1079)
at org.testng.remote.AbstractRemoteTestNG.run(AbstractRemoteTestNG.java:115)
at org.testng.remote.RemoteTestNG.initAndRun(RemoteTestNG.java:293)
at org.testng.remote.RemoteTestNG.main(RemoteTestNG.java:91)
]]>
            </full-stacktrace>
          </exception> <!-- org.openqa.selenium.TimeoutException -->
          <reporter-output>
          </reporter-output>
        </test-method> <!-- TestSortByFilter -->
        <test-method is-config="true" signature="tearDown()[pri:0, instance:tests.AllProductsTests@7bf3a5d8]" started-at="2025-11-12T10:21:08 IST" name="tearDown" finished-at="2025-11-12T10:21:09 IST" duration-ms="376" status="PASS">
          <reporter-output>
          </reporter-output>
        </test-method> <!-- tearDown -->
        <test-method is-config="true" signature="setUp()[pri:0, instance:tests.AllProductsTests@7bf3a5d8]" started-at="2025-11-12T10:21:09 IST" name="setUp" finished-at="2025-11-12T10:21:10 IST" duration-ms="1149" status="PASS">
          <reporter-output>
          </reporter-output>
        </test-method> <!-- setUp -->
        <test-method signature="TestStatusFilter()[pri:6, instance:tests.AllProductsTests@7bf3a5d8]" started-at="2025-11-12T10:21:10 IST" name="TestStatusFilter" finished-at="2025-11-12T10:21:33 IST" duration-ms="22812" status="FAIL">
          <exception class="java.lang.AssertionError">
            <message>
              <![CDATA[❌ Some products are NOT Active after applying 'Active' filter! expected [true] but found [false]]]>
            </message>
            <full-stacktrace>
              <![CDATA[java.lang.AssertionError: ❌ Some products are NOT Active after applying 'Active' filter! expected [true] but found [false]
at org.testng.Assert.fail(Assert.java:111)
at org.testng.Assert.failNotEquals(Assert.java:1578)
at org.testng.Assert.assertTrue(Assert.java:57)
at tests.AllProductsTests.TestStatusFilter(AllProductsTests.java:174)
at java.base/jdk.internal.reflect.DirectMethodHandleAccessor.invoke(DirectMethodHandleAccessor.java:103)
at java.base/java.lang.reflect.Method.invoke(Method.java:580)
at org.testng.internal.invokers.MethodInvocationHelper.invokeMethod(MethodInvocationHelper.java:141)
at org.testng.internal.invokers.TestInvoker.invokeMethod(TestInvoker.java:686)
at org.testng.internal.invokers.TestInvoker.invokeTestMethod(TestInvoker.java:230)
at org.testng.internal.invokers.MethodRunner.runInSequence(MethodRunner.java:63)
at org.testng.internal.invokers.TestInvoker$MethodInvocationAgent.invoke(TestInvoker.java:992)
at org.testng.internal.invokers.TestInvoker.invokeTestMethods(TestInvoker.java:203)
at org.testng.internal.invokers.TestMethodWorker.invokeTestMethods(TestMethodWorker.java:154)
at org.testng.internal.invokers.TestMethodWorker.run(TestMethodWorker.java:134)
at java.base/java.util.ArrayList.forEach(ArrayList.java:1596)
at org.testng.TestRunner.privateRun(TestRunner.java:739)
at org.testng.TestRunner.run(TestRunner.java:614)
at org.testng.SuiteRunner.runTest(SuiteRunner.java:421)
at org.testng.SuiteRunner.runSequentially(SuiteRunner.java:413)
at org.testng.SuiteRunner.privateRun(SuiteRunner.java:373)
at org.testng.SuiteRunner.run(SuiteRunner.java:312)
at org.testng.SuiteRunnerWorker.runSuite(SuiteRunnerWorker.java:52)
at org.testng.SuiteRunnerWorker.run(SuiteRunnerWorker.java:95)
at org.testng.TestNG.runSuitesSequentially(TestNG.java:1274)
at org.testng.TestNG.runSuitesLocally(TestNG.java:1208)
at org.testng.TestNG.runSuites(TestNG.java:1112)
at org.testng.TestNG.run(TestNG.java:1079)
at org.testng.remote.AbstractRemoteTestNG.run(AbstractRemoteTestNG.java:115)
at org.testng.remote.RemoteTestNG.initAndRun(RemoteTestNG.java:293)
at org.testng.remote.RemoteTestNG.main(RemoteTestNG.java:91)
]]>
            </full-stacktrace>
          </exception> <!-- java.lang.AssertionError -->
          <reporter-output>
          </reporter-output>
        </test-method> <!-- TestStatusFilter -->
        <test-method is-config="true" signature="tearDown()[pri:0, instance:tests.AllProductsTests@7bf3a5d8]" started-at="2025-11-12T10:21:33 IST" name="tearDown" finished-at="2025-11-12T10:21:33 IST" duration-ms="376" status="PASS">
          <reporter-output>
          </reporter-output>
        </test-method> <!-- tearDown -->
        <test-method is-config="true" signature="setUp()[pri:0, instance:tests.AllProductsTests@7bf3a5d8]" started-at="2025-11-12T10:21:33 IST" name="setUp" finished-at="2025-11-12T10:21:34 IST" duration-ms="1182" status="PASS">
          <reporter-output>
          </reporter-output>
        </test-method> <!-- setUp -->
        <test-method signature="TestAdvancedFilter()[pri:7, instance:tests.AllProductsTests@7bf3a5d8]" started-at="2025-11-12T10:21:34 IST" name="TestAdvancedFilter" finished-at="2025-11-12T10:21:50 IST" duration-ms="15403" status="FAIL">
          <exception class="org.openqa.selenium.TimeoutException">
            <message>
              <![CDATA[Expected condition failed: waiting for visibility of all elements located by By.cssSelector: td.w-12 (tried for 5 second(s) with 500 milliseconds interval)
Build info: version: '4.14.0', revision: 'e5a96349ce'
System info: os.name: 'Windows 11', os.arch: 'amd64', os.version: '10.0', java.version: '21.0.8'
Driver info: org.openqa.selenium.edge.EdgeDriver
Capabilities {acceptInsecureCerts: false, browserName: MicrosoftEdge, browserVersion: 142.0.3595.69, fedcm:accounts: true, goog:processID: 2840, ms:edgeOptions: {debuggerAddress: localhost:61616}, msedge: {msedgedriverVersion: 142.0.3595.53 (e9d637e9672e..., userDataDir: C:\Users\INSOF_~1\AppData\L...}, networkConnectionEnabled: false, pageLoadStrategy: normal, platformName: windows, proxy: Proxy(), se:cdp: ws://localhost:61616/devtoo..., se:cdpVersion: 142.0.3595.69, setWindowRect: true, strictFileInteractability: false, timeouts: {implicit: 0, pageLoad: 300000, script: 30000}, unhandledPromptBehavior: dismiss and notify, webauthn:extension:credBlob: true, webauthn:extension:largeBlob: true, webauthn:extension:minPinLength: true, webauthn:extension:prf: true, webauthn:virtualAuthenticators: true}
Session ID: 3748ef6807186e26a8e082aec3462e58]]>
            </message>
            <full-stacktrace>
              <![CDATA[org.openqa.selenium.TimeoutException: Expected condition failed: waiting for visibility of all elements located by By.cssSelector: td.w-12 (tried for 5 second(s) with 500 milliseconds interval)
Build info: version: '4.14.0', revision: 'e5a96349ce'
System info: os.name: 'Windows 11', os.arch: 'amd64', os.version: '10.0', java.version: '21.0.8'
Driver info: org.openqa.selenium.edge.EdgeDriver
Capabilities {acceptInsecureCerts: false, browserName: MicrosoftEdge, browserVersion: 142.0.3595.69, fedcm:accounts: true, goog:processID: 2840, ms:edgeOptions: {debuggerAddress: localhost:61616}, msedge: {msedgedriverVersion: 142.0.3595.53 (e9d637e9672e..., userDataDir: C:\Users\INSOF_~1\AppData\L...}, networkConnectionEnabled: false, pageLoadStrategy: normal, platformName: windows, proxy: Proxy(), se:cdp: ws://localhost:61616/devtoo..., se:cdpVersion: 142.0.3595.69, setWindowRect: true, strictFileInteractability: false, timeouts: {implicit: 0, pageLoad: 300000, script: 30000}, unhandledPromptBehavior: dismiss and notify, webauthn:extension:credBlob: true, webauthn:extension:largeBlob: true, webauthn:extension:minPinLength: true, webauthn:extension:prf: true, webauthn:virtualAuthenticators: true}
Session ID: 3748ef6807186e26a8e082aec3462e58
at org.openqa.selenium.support.ui.WebDriverWait.timeoutException(WebDriverWait.java:84)
at org.openqa.selenium.support.ui.FluentWait.until(FluentWait.java:230)
at Pages.AllProductsPage.getProductPrices(AllProductsPage.java:510)
at tests.AllProductsTests.TestAdvancedFilter(AllProductsTests.java:223)
at java.base/jdk.internal.reflect.DirectMethodHandleAccessor.invoke(DirectMethodHandleAccessor.java:103)
at java.base/java.lang.reflect.Method.invoke(Method.java:580)
at org.testng.internal.invokers.MethodInvocationHelper.invokeMethod(MethodInvocationHelper.java:141)
at org.testng.internal.invokers.TestInvoker.invokeMethod(TestInvoker.java:686)
at org.testng.internal.invokers.TestInvoker.invokeTestMethod(TestInvoker.java:230)
at org.testng.internal.invokers.MethodRunner.runInSequence(MethodRunner.java:63)
at org.testng.internal.invokers.TestInvoker$MethodInvocationAgent.invoke(TestInvoker.java:992)
at org.testng.internal.invokers.TestInvoker.invokeTestMethods(TestInvoker.java:203)
at org.testng.internal.invokers.TestMethodWorker.invokeTestMethods(TestMethodWorker.java:154)
at org.testng.internal.invokers.TestMethodWorker.run(TestMethodWorker.java:134)
at java.base/java.util.ArrayList.forEach(ArrayList.java:1596)
at org.testng.TestRunner.privateRun(TestRunner.java:739)
at org.testng.TestRunner.run(TestRunner.java:614)
at org.testng.SuiteRunner.runTest(SuiteRunner.java:421)
at org.testng.SuiteRunner.runSequentially(SuiteRunner.java:413)
at org.testng.SuiteRunner.privateRun(SuiteRunner.java:373)
at org.testng.SuiteRunner.run(SuiteRunner.java:312)
at org.testng.SuiteRunnerWorker.runSuite(SuiteRunnerWorker.java:52)
at org.testng.SuiteRunnerWorker.run(SuiteRunnerWorker.java:95)
at org.testng.TestNG.runSuitesSequentially(TestNG.java:1274)
at org.testng.TestNG.runSuitesLocally(TestNG.java:1208)
at org.testng.TestNG.runSuites(TestNG.java:1112)
at org.testng.TestNG.run(TestNG.java:1079)
at org.testng.remote.AbstractRemoteTestNG.run(AbstractRemoteTestNG.java:115)
at org.testng.remote.RemoteTestNG.initAndRun(RemoteTestNG.java:293)
at org.testng.remote.RemoteTestNG.main(RemoteTestNG.java:91)
]]>
            </full-stacktrace>
          </exception> <!-- org.openqa.selenium.TimeoutException -->
          <reporter-output>
          </reporter-output>
        </test-method> <!-- TestAdvancedFilter -->
        <test-method is-config="true" signature="tearDown()[pri:0, instance:tests.AllProductsTests@7bf3a5d8]" started-at="2025-11-12T10:21:50 IST" name="tearDown" finished-at="2025-11-12T10:21:50 IST" duration-ms="331" status="PASS">
          <reporter-output>
          </reporter-output>
        </test-method> <!-- tearDown -->
        <test-method is-config="true" signature="setUp()[pri:0, instance:tests.AllProductsTests@7bf3a5d8]" started-at="2025-11-12T10:21:50 IST" name="setUp" finished-at="2025-11-12T10:21:51 IST" duration-ms="1207" status="PASS">
          <reporter-output>
          </reporter-output>
        </test-method> <!-- setUp -->
        <test-method signature="testActionSection()[pri:9, instance:tests.AllProductsTests@7bf3a5d8]" started-at="2025-11-12T10:21:51 IST" name="testActionSection" finished-at="2025-11-12T10:22:10 IST" duration-ms="18537" status="PASS">
          <reporter-output>
          </reporter-output>
        </test-method> <!-- testActionSection -->
        <test-method is-config="true" signature="tearDown()[pri:0, instance:tests.AllProductsTests@7bf3a5d8]" started-at="2025-11-12T10:22:10 IST" name="tearDown" finished-at="2025-11-12T10:22:10 IST" duration-ms="441" status="PASS">
          <reporter-output>
          </reporter-output>
        </test-method> <!-- tearDown -->
        <test-method is-config="true" signature="setUp()[pri:0, instance:tests.AllProductsTests@7bf3a5d8]" started-at="2025-11-12T10:22:10 IST" name="setUp" finished-at="2025-11-12T10:22:11 IST" duration-ms="1069" status="PASS">
          <reporter-output>
          </reporter-output>
        </test-method> <!-- setUp -->
        <test-method signature="AddnewProductBTN()[pri:10, instance:tests.AllProductsTests@7bf3a5d8]" started-at="2025-11-12T10:22:11 IST" name="AddnewProductBTN" finished-at="2025-11-12T10:22:19 IST" duration-ms="7471" status="PASS">
          <reporter-output>
          </reporter-output>
        </test-method> <!-- AddnewProductBTN -->
        <test-method is-config="true" signature="tearDown()[pri:0, instance:tests.AllProductsTests@7bf3a5d8]" started-at="2025-11-12T10:22:19 IST" name="tearDown" finished-at="2025-11-12T10:22:19 IST" duration-ms="322" status="PASS">
          <reporter-output>
          </reporter-output>
        </test-method> <!-- tearDown -->
        <test-method is-config="true" signature="setUp()[pri:0, instance:tests.AllProductsTests@7bf3a5d8]" started-at="2025-11-12T10:22:19 IST" name="setUp" finished-at="2025-11-12T10:22:20 IST" duration-ms="1175" status="PASS">
          <reporter-output>
          </reporter-output>
        </test-method> <!-- setUp -->
        <test-method signature="TestToggleByIndex()[pri:11, instance:tests.AllProductsTests@7bf3a5d8]" started-at="2025-11-12T10:22:20 IST" name="TestToggleByIndex" finished-at="2025-11-12T10:22:34 IST" duration-ms="14086" status="PASS">
          <reporter-output>
          </reporter-output>
        </test-method> <!-- TestToggleByIndex -->
        <test-method is-config="true" signature="tearDown()[pri:0, instance:tests.AllProductsTests@7bf3a5d8]" started-at="2025-11-12T10:22:34 IST" name="tearDown" finished-at="2025-11-12T10:22:35 IST" duration-ms="355" status="PASS">
          <reporter-output>
          </reporter-output>
        </test-method> <!-- tearDown -->
        <test-method is-config="true" signature="setUp()[pri:0, instance:tests.AllProductsTests@7bf3a5d8]" started-at="2025-11-12T10:22:35 IST" name="setUp" finished-at="2025-11-12T10:22:36 IST" duration-ms="1500" status="PASS">
          <reporter-output>
          </reporter-output>
        </test-method> <!-- setUp -->
        <test-method signature="TestFilterProductsByCategory()[pri:12, instance:tests.AllProductsTests@7bf3a5d8]" started-at="2025-11-12T10:22:36 IST" name="TestFilterProductsByCategory" finished-at="2025-11-12T10:22:52 IST" duration-ms="15500" status="FAIL">
          <exception class="org.openqa.selenium.TimeoutException">
            <message>
              <![CDATA[Expected condition failed: waiting for presence of any elements located by By.xpath: //a[contains(@class,'fs-xsmall') and contains(@class,'text-secondary')] (tried for 4 second(s) with 500 milliseconds interval)
Build info: version: '4.14.0', revision: 'e5a96349ce'
System info: os.name: 'Windows 11', os.arch: 'amd64', os.version: '10.0', java.version: '21.0.8'
Driver info: org.openqa.selenium.edge.EdgeDriver
Capabilities {acceptInsecureCerts: false, browserName: MicrosoftEdge, browserVersion: 142.0.3595.69, fedcm:accounts: true, goog:processID: 5664, ms:edgeOptions: {debuggerAddress: localhost:50944}, msedge: {msedgedriverVersion: 142.0.3595.53 (e9d637e9672e..., userDataDir: C:\Users\INSOF_~1\AppData\L...}, networkConnectionEnabled: false, pageLoadStrategy: normal, platformName: windows, proxy: Proxy(), se:cdp: ws://localhost:50944/devtoo..., se:cdpVersion: 142.0.3595.69, setWindowRect: true, strictFileInteractability: false, timeouts: {implicit: 0, pageLoad: 300000, script: 30000}, unhandledPromptBehavior: dismiss and notify, webauthn:extension:credBlob: true, webauthn:extension:largeBlob: true, webauthn:extension:minPinLength: true, webauthn:extension:prf: true, webauthn:virtualAuthenticators: true}
Session ID: 598cbbd3e8718ca6baae62220ec2051e]]>
            </message>
            <full-stacktrace>
              <![CDATA[org.openqa.selenium.TimeoutException: Expected condition failed: waiting for presence of any elements located by By.xpath: //a[contains(@class,'fs-xsmall') and contains(@class,'text-secondary')] (tried for 4 second(s) with 500 milliseconds interval)
Build info: version: '4.14.0', revision: 'e5a96349ce'
System info: os.name: 'Windows 11', os.arch: 'amd64', os.version: '10.0', java.version: '21.0.8'
Driver info: org.openqa.selenium.edge.EdgeDriver
Capabilities {acceptInsecureCerts: false, browserName: MicrosoftEdge, browserVersion: 142.0.3595.69, fedcm:accounts: true, goog:processID: 5664, ms:edgeOptions: {debuggerAddress: localhost:50944}, msedge: {msedgedriverVersion: 142.0.3595.53 (e9d637e9672e..., userDataDir: C:\Users\INSOF_~1\AppData\L...}, networkConnectionEnabled: false, pageLoadStrategy: normal, platformName: windows, proxy: Proxy(), se:cdp: ws://localhost:50944/devtoo..., se:cdpVersion: 142.0.3595.69, setWindowRect: true, strictFileInteractability: false, timeouts: {implicit: 0, pageLoad: 300000, script: 30000}, unhandledPromptBehavior: dismiss and notify, webauthn:extension:credBlob: true, webauthn:extension:largeBlob: true, webauthn:extension:minPinLength: true, webauthn:extension:prf: true, webauthn:virtualAuthenticators: true}
Session ID: 598cbbd3e8718ca6baae62220ec2051e
at org.openqa.selenium.support.ui.WebDriverWait.timeoutException(WebDriverWait.java:84)
at org.openqa.selenium.support.ui.FluentWait.until(FluentWait.java:230)
at Pages.AllProductsPage.selectCategory(AllProductsPage.java:467)
at tests.AllProductsTests.TestFilterProductsByCategory(AllProductsTests.java:404)
at java.base/jdk.internal.reflect.DirectMethodHandleAccessor.invoke(DirectMethodHandleAccessor.java:103)
at java.base/java.lang.reflect.Method.invoke(Method.java:580)
at org.testng.internal.invokers.MethodInvocationHelper.invokeMethod(MethodInvocationHelper.java:141)
at org.testng.internal.invokers.TestInvoker.invokeMethod(TestInvoker.java:686)
at org.testng.internal.invokers.TestInvoker.invokeTestMethod(TestInvoker.java:230)
at org.testng.internal.invokers.MethodRunner.runInSequence(MethodRunner.java:63)
at org.testng.internal.invokers.TestInvoker$MethodInvocationAgent.invoke(TestInvoker.java:992)
at org.testng.internal.invokers.TestInvoker.invokeTestMethods(TestInvoker.java:203)
at org.testng.internal.invokers.TestMethodWorker.invokeTestMethods(TestMethodWorker.java:154)
at org.testng.internal.invokers.TestMethodWorker.run(TestMethodWorker.java:134)
at java.base/java.util.ArrayList.forEach(ArrayList.java:1596)
at org.testng.TestRunner.privateRun(TestRunner.java:739)
at org.testng.TestRunner.run(TestRunner.java:614)
at org.testng.SuiteRunner.runTest(SuiteRunner.java:421)
at org.testng.SuiteRunner.runSequentially(SuiteRunner.java:413)
at org.testng.SuiteRunner.privateRun(SuiteRunner.java:373)
at org.testng.SuiteRunner.run(SuiteRunner.java:312)
at org.testng.SuiteRunnerWorker.runSuite(SuiteRunnerWorker.java:52)
at org.testng.SuiteRunnerWorker.run(SuiteRunnerWorker.java:95)
at org.testng.TestNG.runSuitesSequentially(TestNG.java:1274)
at org.testng.TestNG.runSuitesLocally(TestNG.java:1208)
at org.testng.TestNG.runSuites(TestNG.java:1112)
at org.testng.TestNG.run(TestNG.java:1079)
at org.testng.remote.AbstractRemoteTestNG.run(AbstractRemoteTestNG.java:115)
at org.testng.remote.RemoteTestNG.initAndRun(RemoteTestNG.java:293)
at org.testng.remote.RemoteTestNG.main(RemoteTestNG.java:91)
]]>
            </full-stacktrace>
          </exception> <!-- org.openqa.selenium.TimeoutException -->
          <reporter-output>
          </reporter-output>
        </test-method> <!-- TestFilterProductsByCategory -->
        <test-method is-config="true" signature="tearDown()[pri:0, instance:tests.AllProductsTests@7bf3a5d8]" started-at="2025-11-12T10:22:52 IST" name="tearDown" finished-at="2025-11-12T10:22:52 IST" duration-ms="367" status="PASS">
          <reporter-output>
          </reporter-output>
        </test-method> <!-- tearDown -->
      </class> <!-- tests.AllProductsTests -->
    </test> <!-- Product Management Tests -->
    <test started-at="2025-11-12T10:28:31 IST" name="Discount Management Tests" finished-at="2025-11-12T10:33:51 IST" duration-ms="320513">
      <class name="tests.OrderManagementTest">
        <test-method is-config="true" signature="setUp()[pri:0, instance:tests.OrderManagementTest@895e367]" started-at="2025-11-12T10:31:56 IST" name="setUp" finished-at="2025-11-12T10:31:58 IST" duration-ms="1656" status="PASS">
          <reporter-output>
          </reporter-output>
        </test-method> <!-- setUp -->
        <test-method signature="OpenOrderManagmentpage()[pri:1, instance:tests.OrderManagementTest@895e367]" started-at="2025-11-12T10:31:58 IST" name="OpenOrderManagmentpage" finished-at="2025-11-12T10:32:26 IST" duration-ms="28679" status="FAIL">
          <exception class="java.lang.AssertionError">
            <message>
              <![CDATA[
❌ Status mismatch!
Expected: Payment Failed
Found Class: activebtn delivered
Found Text: delivered expected [true] but found [false]]]>
            </message>
            <full-stacktrace>
              <![CDATA[java.lang.AssertionError: 
❌ Status mismatch!
Expected: Payment Failed
Found Class: activebtn delivered
Found Text: delivered expected [true] but found [false]
at org.testng.Assert.fail(Assert.java:111)
at org.testng.Assert.failNotEquals(Assert.java:1578)
at org.testng.Assert.assertTrue(Assert.java:57)
at Pages.OrderManagementPage.checkOrderStatusFilter(OrderManagementPage.java:160)
at tests.OrderManagementTest.OpenOrderManagmentpage(OrderManagementTest.java:34)
at java.base/jdk.internal.reflect.DirectMethodHandleAccessor.invoke(DirectMethodHandleAccessor.java:103)
at java.base/java.lang.reflect.Method.invoke(Method.java:580)
at org.testng.internal.invokers.MethodInvocationHelper.invokeMethod(MethodInvocationHelper.java:141)
at org.testng.internal.invokers.TestInvoker.invokeMethod(TestInvoker.java:686)
at org.testng.internal.invokers.TestInvoker.invokeTestMethod(TestInvoker.java:230)
at org.testng.internal.invokers.MethodRunner.runInSequence(MethodRunner.java:63)
at org.testng.internal.invokers.TestInvoker$MethodInvocationAgent.invoke(TestInvoker.java:992)
at org.testng.internal.invokers.TestInvoker.invokeTestMethods(TestInvoker.java:203)
at org.testng.internal.invokers.TestMethodWorker.invokeTestMethods(TestMethodWorker.java:154)
at org.testng.internal.invokers.TestMethodWorker.run(TestMethodWorker.java:134)
at java.base/java.util.ArrayList.forEach(ArrayList.java:1596)
at org.testng.TestRunner.privateRun(TestRunner.java:739)
at org.testng.TestRunner.run(TestRunner.java:614)
at org.testng.SuiteRunner.runTest(SuiteRunner.java:421)
at org.testng.SuiteRunner.runSequentially(SuiteRunner.java:413)
at org.testng.SuiteRunner.privateRun(SuiteRunner.java:373)
at org.testng.SuiteRunner.run(SuiteRunner.java:312)
at org.testng.SuiteRunnerWorker.runSuite(SuiteRunnerWorker.java:52)
at org.testng.SuiteRunnerWorker.run(SuiteRunnerWorker.java:95)
at org.testng.TestNG.runSuitesSequentially(TestNG.java:1274)
at org.testng.TestNG.runSuitesLocally(TestNG.java:1208)
at org.testng.TestNG.runSuites(TestNG.java:1112)
at org.testng.TestNG.run(TestNG.java:1079)
at org.testng.remote.AbstractRemoteTestNG.run(AbstractRemoteTestNG.java:115)
at org.testng.remote.RemoteTestNG.initAndRun(RemoteTestNG.java:293)
at org.testng.remote.RemoteTestNG.main(RemoteTestNG.java:91)
]]>
            </full-stacktrace>
          </exception> <!-- java.lang.AssertionError -->
          <reporter-output>
          </reporter-output>
        </test-method> <!-- OpenOrderManagmentpage -->
        <test-method is-config="true" signature="tearDown()[pri:0, instance:tests.OrderManagementTest@895e367]" started-at="2025-11-12T10:32:26 IST" name="tearDown" finished-at="2025-11-12T10:32:27 IST" duration-ms="439" status="PASS">
          <reporter-output>
          </reporter-output>
        </test-method> <!-- tearDown -->
        <test-method is-config="true" signature="setUp()[pri:0, instance:tests.OrderManagementTest@895e367]" started-at="2025-11-12T10:32:27 IST" name="setUp" finished-at="2025-11-12T10:32:28 IST" duration-ms="1323" status="PASS">
          <reporter-output>
          </reporter-output>
        </test-method> <!-- setUp -->
        <test-method signature="CalculationlogicforAllOrderValidation()[pri:2, instance:tests.OrderManagementTest@895e367]" started-at="2025-11-12T10:32:28 IST" name="CalculationlogicforAllOrderValidation" finished-at="2025-11-12T10:32:58 IST" duration-ms="29745" status="PASS">
          <reporter-output>
          </reporter-output>
        </test-method> <!-- CalculationlogicforAllOrderValidation -->
        <test-method is-config="true" signature="tearDown()[pri:0, instance:tests.OrderManagementTest@895e367]" started-at="2025-11-12T10:32:58 IST" name="tearDown" finished-at="2025-11-12T10:32:58 IST" duration-ms="378" status="PASS">
          <reporter-output>
          </reporter-output>
        </test-method> <!-- tearDown -->
        <test-method is-config="true" signature="setUp()[pri:0, instance:tests.OrderManagementTest@895e367]" started-at="2025-11-12T10:32:58 IST" name="setUp" finished-at="2025-11-12T10:33:00 IST" duration-ms="1342" status="PASS">
          <reporter-output>
          </reporter-output>
        </test-method> <!-- setUp -->
        <test-method signature="ValidatePriceTaxShippingTotals()[pri:3, instance:tests.OrderManagementTest@895e367]" started-at="2025-11-12T10:33:00 IST" name="ValidatePriceTaxShippingTotals" finished-at="2025-11-12T10:33:08 IST" duration-ms="8574" status="PASS">
          <reporter-output>
          </reporter-output>
        </test-method> <!-- ValidatePriceTaxShippingTotals -->
        <test-method is-config="true" signature="tearDown()[pri:0, instance:tests.OrderManagementTest@895e367]" started-at="2025-11-12T10:33:08 IST" name="tearDown" finished-at="2025-11-12T10:33:09 IST" duration-ms="458" status="PASS">
          <reporter-output>
          </reporter-output>
        </test-method> <!-- tearDown -->
        <test-method is-config="true" signature="setUp()[pri:0, instance:tests.OrderManagementTest@895e367]" started-at="2025-11-12T10:33:09 IST" name="setUp" finished-at="2025-11-12T10:33:10 IST" duration-ms="1291" status="PASS">
          <reporter-output>
          </reporter-output>
        </test-method> <!-- setUp -->
        <test-method signature="OrderPage()[pri:4, instance:tests.OrderManagementTest@895e367]" started-at="2025-11-12T10:33:10 IST" name="OrderPage" finished-at="2025-11-12T10:33:32 IST" duration-ms="22285" status="FAIL">
          <exception class="org.openqa.selenium.ElementClickInterceptedException">
            <message>
              <![CDATA[element click intercepted: Element is not clickable at point (651, -8)
  (Session info: MicrosoftEdge=142.0.3595.69)
Build info: version: '4.14.0', revision: 'e5a96349ce'
System info: os.name: 'Windows 11', os.arch: 'amd64', os.version: '10.0', java.version: '21.0.8'
Driver info: org.openqa.selenium.edge.EdgeDriver
Command: [30a9497ba2fdc4103b3d5b88df94e93b, clickElement {id=f.E72B261B22B96AA77C43C273F60262BD.d.FD74B2274C965AE242C91B62D1F7BB90.e.8113}]
Capabilities {acceptInsecureCerts: false, browserName: MicrosoftEdge, browserVersion: 142.0.3595.69, fedcm:accounts: true, goog:processID: 7416, ms:edgeOptions: {debuggerAddress: localhost:64058}, msedge: {msedgedriverVersion: 142.0.3595.53 (e9d637e9672e..., userDataDir: C:\Users\INSOF_~1\AppData\L...}, networkConnectionEnabled: false, pageLoadStrategy: normal, platformName: windows, proxy: Proxy(), se:cdp: ws://localhost:64058/devtoo..., se:cdpVersion: 142.0.3595.69, setWindowRect: true, strictFileInteractability: false, timeouts: {implicit: 0, pageLoad: 300000, script: 30000}, unhandledPromptBehavior: dismiss and notify, webauthn:extension:credBlob: true, webauthn:extension:largeBlob: true, webauthn:extension:minPinLength: true, webauthn:extension:prf: true, webauthn:virtualAuthenticators: true}
Element: [[[[EdgeDriver: MicrosoftEdge on windows (30a9497ba2fdc4103b3d5b88df94e93b)] -> xpath: //td[@class="orderStatustd"] ]] -> tag name: a]
Session ID: 30a9497ba2fdc4103b3d5b88df94e93b]]>
            </message>
            <full-stacktrace>
              <![CDATA[org.openqa.selenium.ElementClickInterceptedException: element click intercepted: Element is not clickable at point (651, -8)
  (Session info: MicrosoftEdge=142.0.3595.69)
Build info: version: '4.14.0', revision: 'e5a96349ce'
System info: os.name: 'Windows 11', os.arch: 'amd64', os.version: '10.0', java.version: '21.0.8'
Driver info: org.openqa.selenium.edge.EdgeDriver
Command: [30a9497ba2fdc4103b3d5b88df94e93b, clickElement {id=f.E72B261B22B96AA77C43C273F60262BD.d.FD74B2274C965AE242C91B62D1F7BB90.e.8113}]
Capabilities {acceptInsecureCerts: false, browserName: MicrosoftEdge, browserVersion: 142.0.3595.69, fedcm:accounts: true, goog:processID: 7416, ms:edgeOptions: {debuggerAddress: localhost:64058}, msedge: {msedgedriverVersion: 142.0.3595.53 (e9d637e9672e..., userDataDir: C:\Users\INSOF_~1\AppData\L...}, networkConnectionEnabled: false, pageLoadStrategy: normal, platformName: windows, proxy: Proxy(), se:cdp: ws://localhost:64058/devtoo..., se:cdpVersion: 142.0.3595.69, setWindowRect: true, strictFileInteractability: false, timeouts: {implicit: 0, pageLoad: 300000, script: 30000}, unhandledPromptBehavior: dismiss and notify, webauthn:extension:credBlob: true, webauthn:extension:largeBlob: true, webauthn:extension:minPinLength: true, webauthn:extension:prf: true, webauthn:virtualAuthenticators: true}
Element: [[[[EdgeDriver: MicrosoftEdge on windows (30a9497ba2fdc4103b3d5b88df94e93b)] -> xpath: //td[@class="orderStatustd"] ]] -> tag name: a]
Session ID: 30a9497ba2fdc4103b3d5b88df94e93b
at java.base/jdk.internal.reflect.DirectConstructorHandleAccessor.newInstance(DirectConstructorHandleAccessor.java:62)
at java.base/java.lang.reflect.Constructor.newInstanceWithCaller(Constructor.java:502)
at java.base/java.lang.reflect.Constructor.newInstance(Constructor.java:486)
at org.openqa.selenium.remote.codec.w3c.W3CHttpResponseCodec.createException(W3CHttpResponseCodec.java:200)
at org.openqa.selenium.remote.codec.w3c.W3CHttpResponseCodec.decode(W3CHttpResponseCodec.java:133)
at org.openqa.selenium.remote.codec.w3c.W3CHttpResponseCodec.decode(W3CHttpResponseCodec.java:52)
at org.openqa.selenium.remote.HttpCommandExecutor.execute(HttpCommandExecutor.java:191)
at org.openqa.selenium.remote.service.DriverCommandExecutor.invokeExecute(DriverCommandExecutor.java:196)
at org.openqa.selenium.remote.service.DriverCommandExecutor.execute(DriverCommandExecutor.java:171)
at org.openqa.selenium.remote.RemoteWebDriver.execute(RemoteWebDriver.java:602)
at org.openqa.selenium.remote.RemoteWebElement.execute(RemoteWebElement.java:224)
at org.openqa.selenium.remote.RemoteWebElement.click(RemoteWebElement.java:77)
at Pages.OrderManagementPage.validateOrderDetailsByIndex(OrderManagementPage.java:424)
at Pages.OrderManagementPage.validateTopFiveOrders(OrderManagementPage.java:391)
at tests.OrderManagementTest.OrderPage(OrderManagementTest.java:92)
at java.base/jdk.internal.reflect.DirectMethodHandleAccessor.invoke(DirectMethodHandleAccessor.java:103)
at java.base/java.lang.reflect.Method.invoke(Method.java:580)
at org.testng.internal.invokers.MethodInvocationHelper.invokeMethod(MethodInvocationHelper.java:141)
at org.testng.internal.invokers.TestInvoker.invokeMethod(TestInvoker.java:686)
at org.testng.internal.invokers.TestInvoker.invokeTestMethod(TestInvoker.java:230)
at org.testng.internal.invokers.MethodRunner.runInSequence(MethodRunner.java:63)
at org.testng.internal.invokers.TestInvoker$MethodInvocationAgent.invoke(TestInvoker.java:992)
at org.testng.internal.invokers.TestInvoker.invokeTestMethods(TestInvoker.java:203)
at org.testng.internal.invokers.TestMethodWorker.invokeTestMethods(TestMethodWorker.java:154)
at org.testng.internal.invokers.TestMethodWorker.run(TestMethodWorker.java:134)
at java.base/java.util.ArrayList.forEach(ArrayList.java:1596)
at org.testng.TestRunner.privateRun(TestRunner.java:739)
at org.testng.TestRunner.run(TestRunner.java:614)
at org.testng.SuiteRunner.runTest(SuiteRunner.java:421)
at org.testng.SuiteRunner.runSequentially(SuiteRunner.java:413)
at org.testng.SuiteRunner.privateRun(SuiteRunner.java:373)
at org.testng.SuiteRunner.run(SuiteRunner.java:312)
at org.testng.SuiteRunnerWorker.runSuite(SuiteRunnerWorker.java:52)
at org.testng.SuiteRunnerWorker.run(SuiteRunnerWorker.java:95)
at org.testng.TestNG.runSuitesSequentially(TestNG.java:1274)
at org.testng.TestNG.runSuitesLocally(TestNG.java:1208)
at org.testng.TestNG.runSuites(TestNG.java:1112)
at org.testng.TestNG.run(TestNG.java:1079)
at org.testng.remote.AbstractRemoteTestNG.run(AbstractRemoteTestNG.java:115)
at org.testng.remote.RemoteTestNG.initAndRun(RemoteTestNG.java:293)
at org.testng.remote.RemoteTestNG.main(RemoteTestNG.java:91)
]]>
            </full-stacktrace>
          </exception> <!-- org.openqa.selenium.ElementClickInterceptedException -->
          <reporter-output>
          </reporter-output>
        </test-method> <!-- OrderPage -->
        <test-method is-config="true" signature="tearDown()[pri:0, instance:tests.OrderManagementTest@895e367]" started-at="2025-11-12T10:33:32 IST" name="tearDown" finished-at="2025-11-12T10:33:33 IST" duration-ms="376" status="PASS">
          <reporter-output>
          </reporter-output>
        </test-method> <!-- tearDown -->
        <test-method is-config="true" signature="setUp()[pri:0, instance:tests.OrderManagementTest@895e367]" started-at="2025-11-12T10:33:33 IST" name="setUp" finished-at="2025-11-12T10:33:34 IST" duration-ms="1146" status="PASS">
          <reporter-output>
          </reporter-output>
        </test-method> <!-- setUp -->
        <test-method signature="cancleandReturn()[pri:5, instance:tests.OrderManagementTest@895e367]" started-at="2025-11-12T10:33:34 IST" name="cancleandReturn" finished-at="2025-11-12T10:33:51 IST" duration-ms="16867" status="PASS">
          <reporter-output>
          </reporter-output>
        </test-method> <!-- cancleandReturn -->
        <test-method is-config="true" signature="tearDown()[pri:0, instance:tests.OrderManagementTest@895e367]" started-at="2025-11-12T10:33:51 IST" name="tearDown" finished-at="2025-11-12T10:33:51 IST" duration-ms="579" status="PASS">
          <reporter-output>
          </reporter-output>
        </test-method> <!-- tearDown -->
      </class> <!-- tests.OrderManagementTest -->
      <class name="tests.BrandsManagementTest">
        <test-method is-config="true" signature="setUp()[pri:0, instance:tests.BrandsManagementTest@463fd068]" started-at="2025-11-12T10:30:23 IST" name="setUp" finished-at="2025-11-12T10:30:24 IST" duration-ms="1121" status="PASS">
          <reporter-output>
          </reporter-output>
        </test-method> <!-- setUp -->
        <test-method signature="checkFullFlowOfBrandManagement()[pri:1, instance:tests.BrandsManagementTest@463fd068]" started-at="2025-11-12T10:30:24 IST" name="checkFullFlowOfBrandManagement" finished-at="2025-11-12T10:30:40 IST" duration-ms="16232" status="PASS">
          <reporter-output>
          </reporter-output>
        </test-method> <!-- checkFullFlowOfBrandManagement -->
        <test-method is-config="true" signature="tearDown()[pri:0, instance:tests.BrandsManagementTest@463fd068]" started-at="2025-11-12T10:30:40 IST" name="tearDown" finished-at="2025-11-12T10:30:41 IST" duration-ms="378" status="PASS">
          <reporter-output>
          </reporter-output>
        </test-method> <!-- tearDown -->
        <test-method is-config="true" signature="setUp()[pri:0, instance:tests.BrandsManagementTest@463fd068]" started-at="2025-11-12T10:30:41 IST" name="setUp" finished-at="2025-11-12T10:30:42 IST" duration-ms="1519" status="PASS">
          <reporter-output>
          </reporter-output>
        </test-method> <!-- setUp -->
        <test-method signature="resetButtonFlow()[pri:2, instance:tests.BrandsManagementTest@463fd068]" started-at="2025-11-12T10:30:42 IST" name="resetButtonFlow" finished-at="2025-11-12T10:31:00 IST" duration-ms="17976" status="PASS">
          <reporter-output>
          </reporter-output>
        </test-method> <!-- resetButtonFlow -->
        <test-method is-config="true" signature="tearDown()[pri:0, instance:tests.BrandsManagementTest@463fd068]" started-at="2025-11-12T10:31:00 IST" name="tearDown" finished-at="2025-11-12T10:31:01 IST" duration-ms="352" status="PASS">
          <reporter-output>
          </reporter-output>
        </test-method> <!-- tearDown -->
        <test-method is-config="true" signature="setUp()[pri:0, instance:tests.BrandsManagementTest@463fd068]" started-at="2025-11-12T10:31:01 IST" name="setUp" finished-at="2025-11-12T10:31:02 IST" duration-ms="1188" status="PASS">
          <reporter-output>
          </reporter-output>
        </test-method> <!-- setUp -->
        <test-method signature="AddnewBrandFullflow()[pri:3, instance:tests.BrandsManagementTest@463fd068]" started-at="2025-11-12T10:31:02 IST" name="AddnewBrandFullflow" finished-at="2025-11-12T10:31:36 IST" duration-ms="33929" status="PASS">
          <reporter-output>
          </reporter-output>
        </test-method> <!-- AddnewBrandFullflow -->
        <test-method is-config="true" signature="tearDown()[pri:0, instance:tests.BrandsManagementTest@463fd068]" started-at="2025-11-12T10:31:36 IST" name="tearDown" finished-at="2025-11-12T10:31:36 IST" duration-ms="408" status="PASS">
          <reporter-output>
          </reporter-output>
        </test-method> <!-- tearDown -->
        <test-method is-config="true" signature="setUp()[pri:0, instance:tests.BrandsManagementTest@463fd068]" started-at="2025-11-12T10:31:36 IST" name="setUp" finished-at="2025-11-12T10:31:37 IST" duration-ms="1045" status="PASS">
          <reporter-output>
          </reporter-output>
        </test-method> <!-- setUp -->
        <test-method signature="verifyErrorCountTest()[pri:4, instance:tests.BrandsManagementTest@463fd068]" started-at="2025-11-12T10:31:37 IST" name="verifyErrorCountTest" finished-at="2025-11-12T10:31:45 IST" duration-ms="7532" status="PASS">
          <reporter-output>
          </reporter-output>
        </test-method> <!-- verifyErrorCountTest -->
        <test-method is-config="true" signature="tearDown()[pri:0, instance:tests.BrandsManagementTest@463fd068]" started-at="2025-11-12T10:31:45 IST" name="tearDown" finished-at="2025-11-12T10:31:45 IST" duration-ms="415" status="PASS">
          <reporter-output>
          </reporter-output>
        </test-method> <!-- tearDown -->
        <test-method is-config="true" signature="setUp()[pri:0, instance:tests.BrandsManagementTest@463fd068]" started-at="2025-11-12T10:31:45 IST" name="setUp" finished-at="2025-11-12T10:31:46 IST" duration-ms="1149" status="PASS">
          <reporter-output>
          </reporter-output>
        </test-method> <!-- setUp -->
        <test-method signature="EdirActionButtonFlow()[pri:5, instance:tests.BrandsManagementTest@463fd068]" started-at="2025-11-12T10:31:46 IST" name="EdirActionButtonFlow" finished-at="2025-11-12T10:31:56 IST" duration-ms="9222" status="PASS">
          <reporter-output>
          </reporter-output>
        </test-method> <!-- EdirActionButtonFlow -->
        <test-method is-config="true" signature="tearDown()[pri:0, instance:tests.BrandsManagementTest@463fd068]" started-at="2025-11-12T10:31:56 IST" name="tearDown" finished-at="2025-11-12T10:31:56 IST" duration-ms="559" status="PASS">
          <reporter-output>
          </reporter-output>
        </test-method> <!-- tearDown -->
      </class> <!-- tests.BrandsManagementTest -->
      <class name="tests.Dicountmanagement">
        <test-method is-config="true" signature="setUp()[pri:0, instance:tests.Dicountmanagement@3fa247d1]" started-at="2025-11-12T10:28:31 IST" name="setUp" finished-at="2025-11-12T10:28:32 IST" duration-ms="1482" status="PASS">
          <reporter-output>
          </reporter-output>
        </test-method> <!-- setUp -->
        <test-method is-config="true" signature="setUpTest()[pri:0, instance:tests.Dicountmanagement@3fa247d1]" started-at="2025-11-12T10:28:32 IST" name="setUpTest" finished-at="2025-11-12T10:28:36 IST" duration-ms="4197" status="PASS">
          <reporter-output>
          </reporter-output>
        </test-method> <!-- setUpTest -->
        <test-method signature="validateAddNewDiscount_PositiveFlow()[pri:1, instance:tests.Dicountmanagement@3fa247d1]" started-at="2025-11-12T10:28:36 IST" name="validateAddNewDiscount_PositiveFlow" finished-at="2025-11-12T10:29:02 IST" duration-ms="25488" status="PASS">
          <reporter-output>
          </reporter-output>
        </test-method> <!-- validateAddNewDiscount_PositiveFlow -->
        <test-method is-config="true" signature="tearDown()[pri:0, instance:tests.Dicountmanagement@3fa247d1]" started-at="2025-11-12T10:29:02 IST" name="tearDown" finished-at="2025-11-12T10:29:02 IST" duration-ms="368" status="PASS">
          <reporter-output>
          </reporter-output>
        </test-method> <!-- tearDown -->
        <test-method is-config="true" signature="setUp()[pri:0, instance:tests.Dicountmanagement@3fa247d1]" started-at="2025-11-12T10:29:02 IST" name="setUp" finished-at="2025-11-12T10:29:03 IST" duration-ms="1008" status="PASS">
          <reporter-output>
          </reporter-output>
        </test-method> <!-- setUp -->
        <test-method is-config="true" signature="setUpTest()[pri:0, instance:tests.Dicountmanagement@3fa247d1]" started-at="2025-11-12T10:29:03 IST" name="setUpTest" finished-at="2025-11-12T10:29:09 IST" duration-ms="5559" status="PASS">
          <reporter-output>
          </reporter-output>
        </test-method> <!-- setUpTest -->
        <test-method signature="verifyCategorySubcategoryDependency()[pri:2, instance:tests.Dicountmanagement@3fa247d1]" started-at="2025-11-12T10:29:09 IST" name="verifyCategorySubcategoryDependency" description="Verify Dropdown Dependency Flow: Category → SubCategory → ProductType" finished-at="2025-11-12T10:29:10 IST" duration-ms="1349" status="PASS">
          <reporter-output>
          </reporter-output>
        </test-method> <!-- verifyCategorySubcategoryDependency -->
        <test-method is-config="true" signature="tearDown()[pri:0, instance:tests.Dicountmanagement@3fa247d1]" started-at="2025-11-12T10:29:10 IST" name="tearDown" finished-at="2025-11-12T10:29:11 IST" duration-ms="805" status="PASS">
          <reporter-output>
          </reporter-output>
        </test-method> <!-- tearDown -->
        <test-method is-config="true" signature="setUp()[pri:0, instance:tests.Dicountmanagement@3fa247d1]" started-at="2025-11-12T10:29:11 IST" name="setUp" finished-at="2025-11-12T10:29:12 IST" duration-ms="1187" status="PASS">
          <reporter-output>
          </reporter-output>
        </test-method> <!-- setUp -->
        <test-method is-config="true" signature="setUpTest()[pri:0, instance:tests.Dicountmanagement@3fa247d1]" started-at="2025-11-12T10:29:12 IST" name="setUpTest" finished-at="2025-11-12T10:29:17 IST" duration-ms="4418" status="PASS">
          <reporter-output>
          </reporter-output>
        </test-method> <!-- setUpTest -->
        <test-method signature="validateNoSelection_ShowsError()[pri:3, instance:tests.Dicountmanagement@3fa247d1]" started-at="2025-11-12T10:29:17 IST" name="validateNoSelection_ShowsError" finished-at="2025-11-12T10:29:17 IST" duration-ms="518" status="PASS">
          <reporter-output>
          </reporter-output>
        </test-method> <!-- validateNoSelection_ShowsError -->
        <test-method is-config="true" signature="tearDown()[pri:0, instance:tests.Dicountmanagement@3fa247d1]" started-at="2025-11-12T10:29:17 IST" name="tearDown" finished-at="2025-11-12T10:29:18 IST" duration-ms="432" status="PASS">
          <reporter-output>
          </reporter-output>
        </test-method> <!-- tearDown -->
        <test-method is-config="true" signature="setUp()[pri:0, instance:tests.Dicountmanagement@3fa247d1]" started-at="2025-11-12T10:29:18 IST" name="setUp" finished-at="2025-11-12T10:29:19 IST" duration-ms="1346" status="PASS">
          <reporter-output>
          </reporter-output>
        </test-method> <!-- setUp -->
        <test-method is-config="true" signature="setUpTest()[pri:0, instance:tests.Dicountmanagement@3fa247d1]" started-at="2025-11-12T10:29:19 IST" name="setUpTest" finished-at="2025-11-12T10:29:23 IST" duration-ms="4221" status="PASS">
          <reporter-output>
          </reporter-output>
        </test-method> <!-- setUpTest -->
        <test-method signature="verifyDiscountHistoryAndBackButton()[pri:4, instance:tests.Dicountmanagement@3fa247d1]" started-at="2025-11-12T10:29:23 IST" name="verifyDiscountHistoryAndBackButton" finished-at="2025-11-12T10:29:28 IST" duration-ms="5098" status="PASS">
          <reporter-output>
          </reporter-output>
        </test-method> <!-- verifyDiscountHistoryAndBackButton -->
        <test-method is-config="true" signature="tearDown()[pri:0, instance:tests.Dicountmanagement@3fa247d1]" started-at="2025-11-12T10:29:28 IST" name="tearDown" finished-at="2025-11-12T10:29:29 IST" duration-ms="368" status="PASS">
          <reporter-output>
          </reporter-output>
        </test-method> <!-- tearDown -->
        <test-method is-config="true" signature="setUp()[pri:0, instance:tests.Dicountmanagement@3fa247d1]" started-at="2025-11-12T10:29:29 IST" name="setUp" finished-at="2025-11-12T10:29:30 IST" duration-ms="1443" status="PASS">
          <reporter-output>
          </reporter-output>
        </test-method> <!-- setUp -->
        <test-method is-config="true" signature="setUpTest()[pri:0, instance:tests.Dicountmanagement@3fa247d1]" started-at="2025-11-12T10:29:30 IST" name="setUpTest" finished-at="2025-11-12T10:29:35 IST" duration-ms="4489" status="PASS">
          <reporter-output>
          </reporter-output>
        </test-method> <!-- setUpTest -->
        <test-method signature="verifyStatusDropdownSorting()[pri:5, instance:tests.Dicountmanagement@3fa247d1]" started-at="2025-11-12T10:29:35 IST" name="verifyStatusDropdownSorting" finished-at="2025-11-12T10:30:16 IST" duration-ms="41284" status="PASS">
          <reporter-output>
          </reporter-output>
        </test-method> <!-- verifyStatusDropdownSorting -->
        <test-method is-config="true" signature="tearDown()[pri:0, instance:tests.Dicountmanagement@3fa247d1]" started-at="2025-11-12T10:30:16 IST" name="tearDown" finished-at="2025-11-12T10:30:16 IST" duration-ms="361" status="PASS">
          <reporter-output>
          </reporter-output>
        </test-method> <!-- tearDown -->
        <test-method is-config="true" signature="setUp()[pri:0, instance:tests.Dicountmanagement@3fa247d1]" started-at="2025-11-12T10:30:16 IST" name="setUp" finished-at="2025-11-12T10:30:17 IST" duration-ms="1081" status="PASS">
          <reporter-output>
          </reporter-output>
        </test-method> <!-- setUp -->
        <test-method is-config="true" signature="setUpTest()[pri:0, instance:tests.Dicountmanagement@3fa247d1]" started-at="2025-11-12T10:30:17 IST" name="setUpTest" finished-at="2025-11-12T10:30:22 IST" duration-ms="4645" status="PASS">
          <reporter-output>
          </reporter-output>
        </test-method> <!-- setUpTest -->
        <test-method signature="verifySearchAndCategoryFilter()[pri:6, instance:tests.Dicountmanagement@3fa247d1]" started-at="2025-11-12T10:30:22 IST" name="verifySearchAndCategoryFilter" finished-at="2025-11-12T10:30:23 IST" duration-ms="901" status="PASS">
          <reporter-output>
          </reporter-output>
        </test-method> <!-- verifySearchAndCategoryFilter -->
        <test-method is-config="true" signature="tearDown()[pri:0, instance:tests.Dicountmanagement@3fa247d1]" started-at="2025-11-12T10:30:23 IST" name="tearDown" finished-at="2025-11-12T10:30:23 IST" duration-ms="251" status="PASS">
          <reporter-output>
          </reporter-output>
        </test-method> <!-- tearDown -->
      </class> <!-- tests.Dicountmanagement -->
    </test> <!-- Discount Management Tests -->
  </suite> <!-- Actpal Suite -->
</testng-results>
