<?xml version="1.0" encoding="UTF-8"?>
<!-- Generated by org.testng.reporters.JUnitXMLReporter -->
<testsuite ignored="11" hostname="InSoftLink" failures="1" tests="1" name="Default test" time="20.716" errors="0" timestamp="2025-11-11T17:33:52 IST">
  <testcase classname="tests.ActiveProductTest" name="testActionSection" time="17.232">
    <failure type="java.lang.IllegalArgumentException" message="❌ Invalid index: 0. Must be between 1 and 11">
      <![CDATA[java.lang.IllegalArgumentException: ❌ Invalid index: 0. Must be between 1 and 11
at Pages.AllProductsPage.clickEditIcon(AllProductsPage.java:337)
at tests.ActiveProductTest.testActionSection(ActiveProductTest.java:285)
at java.base/jdk.internal.reflect.DirectMethodHandleAccessor.invoke(DirectMethodHandleAccessor.java:103)
at java.base/java.lang.reflect.Method.invoke(Method.java:580)
at org.testng.internal.invokers.MethodInvocationHelper.invokeMethod(MethodInvocationHelper.java:141)
at org.testng.internal.invokers.TestInvoker.invokeMethod(TestInvoker.java:686)
at org.testng.internal.invokers.TestInvoker.invokeTestMethod(TestInvoker.java:230)
at org.testng.internal.invokers.MethodRunner.runInSequence(MethodRunner.java:63)
at org.testng.internal.invokers.TestInvoker$MethodInvocationAgent.invoke(TestInvoker.java:992)
at org.testng.internal.invokers.TestInvoker.invokeTestMethods(TestInvoker.java:203)
at org.testng.internal.invokers.TestMethodWorker.invokeTestMethods(TestMethodWorker.java:154)
at org.testng.internal.invokers.TestMethodWorker.run(TestMethodWorker.java:134)
at java.base/java.util.ArrayList.forEach(ArrayList.java:1596)
at org.testng.TestRunner.privateRun(TestRunner.java:739)
at org.testng.TestRunner.run(TestRunner.java:614)
at org.testng.SuiteRunner.runTest(SuiteRunner.java:421)
at org.testng.SuiteRunner.runSequentially(SuiteRunner.java:413)
at org.testng.SuiteRunner.privateRun(SuiteRunner.java:373)
at org.testng.SuiteRunner.run(SuiteRunner.java:312)
at org.testng.SuiteRunnerWorker.runSuite(SuiteRunnerWorker.java:52)
at org.testng.SuiteRunnerWorker.run(SuiteRunnerWorker.java:95)
at org.testng.TestNG.runSuitesSequentially(TestNG.java:1274)
at org.testng.TestNG.runSuitesLocally(TestNG.java:1208)
at org.testng.TestNG.runSuites(TestNG.java:1112)
at org.testng.TestNG.run(TestNG.java:1079)
at org.testng.remote.AbstractRemoteTestNG.run(AbstractRemoteTestNG.java:115)
at org.testng.remote.RemoteTestNG.initAndRun(RemoteTestNG.java:293)
at org.testng.remote.RemoteTestNG.main(RemoteTestNG.java:91)
]]>
    </failure>
  </testcase> <!-- testActionSection -->
  <testcase classname="tests.ActiveProductTest" name="TestResetButton" time="0.0">
    <ignored/>
  </testcase> <!-- TestResetButton -->
  <testcase classname="tests.ActiveProductTest" name="TestSearchKeywordFilter" time="0.0">
    <ignored/>
  </testcase> <!-- TestSearchKeywordFilter -->
  <testcase classname="tests.ActiveProductTest" name="TestActiveProductView" time="0.0">
    <ignored/>
  </testcase> <!-- TestActiveProductView -->
  <testcase classname="tests.ActiveProductTest" name="TestToggleByIndex" time="0.0">
    <ignored/>
  </testcase> <!-- TestToggleByIndex -->
  <testcase classname="tests.ActiveProductTest" name="TestAdvancedFilter" time="0.0">
    <ignored/>
  </testcase> <!-- TestAdvancedFilter -->
  <testcase classname="tests.ActiveProductTest" name="TestExportCSVFunctionality" time="0.0">
    <ignored/>
  </testcase> <!-- TestExportCSVFunctionality -->
  <testcase classname="tests.ActiveProductTest" name="AddnewProductBTN" time="0.0">
    <ignored/>
  </testcase> <!-- AddnewProductBTN -->
  <testcase classname="tests.ActiveProductTest" name="TestFilterProductsByCategory" time="0.0">
    <ignored/>
  </testcase> <!-- TestFilterProductsByCategory -->
  <testcase classname="tests.ActiveProductTest" name="TestSortByFilter" time="0.0">
    <ignored/>
  </testcase> <!-- TestSortByFilter -->
  <testcase classname="tests.ActiveProductTest" name="TestActiveProductPageLoads" time="0.0">
    <ignored/>
  </testcase> <!-- TestActiveProductPageLoads -->
  <testcase classname="tests.ActiveProductTest" name="TestStatusFilter" time="0.0">
    <ignored/>
  </testcase> <!-- TestStatusFilter -->
</testsuite> <!-- Default test -->
