<?xml version="1.0" encoding="UTF-8"?>
<!-- Generated by org.testng.reporters.JUnitXMLReporter -->
<testsuite ignored="0" hostname="InSoftLink" failures="0" tests="3" name="Default test" time="76.022" errors="0" timestamp="2025-11-10T17:56:26 IST">
  <testcase classname="tests.OrderManagementTest" name="OpenOrderManagmentpage" time="37.73"/>
  <testcase classname="tests.OrderManagementTest" name="CalculationlogicforAllOrderValidation" time="27.414"/>
  <testcase classname="tests.OrderManagementTest" name="ValidatePriceTaxShippingTotals" time="5.798"/>
</testsuite> <!-- Default test -->
