<?xml version="1.0" encoding="UTF-8"?>
<!-- Generated by org.testng.reporters.JUnitXMLReporter -->
<testsuite ignored="1" hostname="InSoftLink" failures="6" tests="39" name="AllTests" time="563.858" errors="0" timestamp="2025-10-27T12:16:00 IST">
  <testcase classname="tests.RegisterTests" name="TestUserRegistration" time="7.543"/>
  <testcase classname="tests.RegisterTests" name="UserRegistrationDuplicateEmail" time="3.318"/>
  <testcase classname="tests.RegisterTests" name="UserRegistrationDuplicateuserName" time="3.544"/>
  <testcase classname="tests.LoginTests" name="TestValxpathLogin" time="1.796"/>
  <testcase classname="tests.LoginTests" name="TestInvalxpathEmail" time="0.281"/>
  <testcase classname="tests.LoginTests" name="TestInvalxpathPassword" time="0.299"/>
  <testcase classname="tests.LoginTests" name="Checkforgotpassbtn" time="0.313"/>
  <testcase classname="tests.LoginTests" name="Createaccount" time="0.331"/>
  <testcase classname="tests.ForgotPasswordTests" name="TestResetPasswordWithValidemail" time="2.252"/>
  <testcase classname="tests.ForgotPasswordTests" name="TestResetPasswordWithinvlaidemail" time="3.843"/>
  <testcase classname="tests.AddProductTest" name="TestAddNewProductFullFlow" time="10.634">
    <failure type="org.openqa.selenium.StaleElementReferenceException" message="stale element reference: stale element not found in the current frame
  (Session info: MicrosoftEdge=141.0.3537.99)
For documentation on this error, please visit: https://www.selenium.dev/documentation/webdriver/troubleshooting/errors#stale-element-reference-exception
Build info: version: &amp;apos;4.14.0&amp;apos;, revision: &amp;apos;e5a96349ce&amp;apos;
System info: os.name: &amp;apos;Windows 11&amp;apos;, os.arch: &amp;apos;amd64&amp;apos;, os.version: &amp;apos;10.0&amp;apos;, java.version: &amp;apos;21.0.8&amp;apos;
Driver info: org.openqa.selenium.edge.EdgeDriver
Command: [5376615b2f193e8eba730185d86fb9bb, clickElement {id=f.C66D3813C8C5DE40054DAC9C83FE9BB5.d.1F7DFBC2A8BA7663956395B06BF839ED.e.367}]
Capabilities {acceptInsecureCerts: false, browserName: MicrosoftEdge, browserVersion: 141.0.3537.99, fedcm:accounts: true, ms:edgeOptions: {debuggerAddress: localhost:59648}, msedge: {msedgedriverVersion: 140.0.3485.81 (5f3674d4b466..., userDataDir: C:\Users\INSOF_~1\AppData\L...}, networkConnectionEnabled: false, pageLoadStrategy: normal, platformName: windows, proxy: Proxy(), se:cdp: ws://localhost:59648/devtoo..., se:cdpVersion: 141.0.3537.99, setWindowRect: true, strictFileInteractability: false, timeouts: {implicit: 0, pageLoad: 300000, script: 30000}, unhandledPromptBehavior: dismiss and notify, webauthn:extension:credBlob: true, webauthn:extension:largeBlob: true, webauthn:extension:minPinLength: true, webauthn:extension:prf: true, webauthn:virtualAuthenticators: true}
Element: [[EdgeDriver: MicrosoftEdge on windows (5376615b2f193e8eba730185d86fb9bb)] -&amp;gt; xpath: //input[@id=&amp;apos;flexRadioDefault1&amp;apos;]]
Session ID: 5376615b2f193e8eba730185d86fb9bb">
      <![CDATA[org.openqa.selenium.StaleElementReferenceException: stale element reference: stale element not found in the current frame
  (Session info: MicrosoftEdge=141.0.3537.99)
For documentation on this error, please visit: https://www.selenium.dev/documentation/webdriver/troubleshooting/errors#stale-element-reference-exception
Build info: version: '4.14.0', revision: 'e5a96349ce'
System info: os.name: 'Windows 11', os.arch: 'amd64', os.version: '10.0', java.version: '21.0.8'
Driver info: org.openqa.selenium.edge.EdgeDriver
Command: [5376615b2f193e8eba730185d86fb9bb, clickElement {id=f.C66D3813C8C5DE40054DAC9C83FE9BB5.d.1F7DFBC2A8BA7663956395B06BF839ED.e.367}]
Capabilities {acceptInsecureCerts: false, browserName: MicrosoftEdge, browserVersion: 141.0.3537.99, fedcm:accounts: true, ms:edgeOptions: {debuggerAddress: localhost:59648}, msedge: {msedgedriverVersion: 140.0.3485.81 (5f3674d4b466..., userDataDir: C:\Users\INSOF_~1\AppData\L...}, networkConnectionEnabled: false, pageLoadStrategy: normal, platformName: windows, proxy: Proxy(), se:cdp: ws://localhost:59648/devtoo..., se:cdpVersion: 141.0.3537.99, setWindowRect: true, strictFileInteractability: false, timeouts: {implicit: 0, pageLoad: 300000, script: 30000}, unhandledPromptBehavior: dismiss and notify, webauthn:extension:credBlob: true, webauthn:extension:largeBlob: true, webauthn:extension:minPinLength: true, webauthn:extension:prf: true, webauthn:virtualAuthenticators: true}
Element: [[EdgeDriver: MicrosoftEdge on windows (5376615b2f193e8eba730185d86fb9bb)] -> xpath: //input[@id='flexRadioDefault1']]
Session ID: 5376615b2f193e8eba730185d86fb9bb
at org.openqa.selenium.remote.codec.w3c.W3CHttpResponseCodec.createException(W3CHttpResponseCodec.java:200)
at org.openqa.selenium.remote.codec.w3c.W3CHttpResponseCodec.decode(W3CHttpResponseCodec.java:133)
at org.openqa.selenium.remote.codec.w3c.W3CHttpResponseCodec.decode(W3CHttpResponseCodec.java:52)
at org.openqa.selenium.remote.HttpCommandExecutor.execute(HttpCommandExecutor.java:191)
at org.openqa.selenium.remote.service.DriverCommandExecutor.invokeExecute(DriverCommandExecutor.java:196)
at org.openqa.selenium.remote.service.DriverCommandExecutor.execute(DriverCommandExecutor.java:171)
at org.openqa.selenium.remote.RemoteWebDriver.execute(RemoteWebDriver.java:602)
at org.openqa.selenium.remote.RemoteWebElement.execute(RemoteWebElement.java:224)
at org.openqa.selenium.remote.RemoteWebElement.click(RemoteWebElement.java:77)
at Pages.AddProductPage.selectDiscountOption(AddProductPage.java:188)
at tests.AddProductTest.TestAddNewProductFullFlow(AddProductTest.java:78)
at java.base/java.util.ArrayList.forEach(ArrayList.java:1596)
... Removed 28 stack frames]]>
    </failure>
  </testcase> <!-- TestAddNewProductFullFlow -->
  <testcase classname="tests.AddProductTest" name="CheckDupicatproduct" time="8.126"/>
  <testcase classname="tests.AddProductTest" name="TestMandatoryBasicDetailsValidationSeparate" time="17.847"/>
  <testcase classname="tests.AddProductTest" name="VerifyCategorySubcategoryDependency" time="5.752"/>
  <testcase classname="tests.AllProductsTests" name="TestAllProductPageLoads" time="5.539"/>
  <testcase classname="tests.AllProductsTests" name="TestSearchKeywordFilter" time="5.738"/>
  <testcase classname="tests.AllProductsTests" name="TestResetButton" time="6.15"/>
  <testcase classname="tests.AllProductsTests" name="TestExportCSVFunctionality" time="3.702"/>
  <testcase classname="tests.AllProductsTests" name="TestSortByFilter" time="23.04">
    <failure type="java.lang.AssertionError" message="Low to High Discount sorting failed expected [true] but found [false]">
      <![CDATA[java.lang.AssertionError: Low to High Discount sorting failed expected [true] but found [false]
at tests.AllProductsTests.TestSortByFilter(AllProductsTests.java:135)
at java.base/java.util.ArrayList.forEach(ArrayList.java:1596)
... Removed 28 stack frames]]>
    </failure>
  </testcase> <!-- TestSortByFilter -->
  <testcase classname="tests.AllProductsTests" name="TestStatusFilter" time="11.835">
    <failure type="java.lang.AssertionError" message="❌ Some products are NOT Active after applying &amp;apos;Active&amp;apos; filter! expected [true] but found [false]">
      <![CDATA[java.lang.AssertionError: ❌ Some products are NOT Active after applying 'Active' filter! expected [true] but found [false]
at tests.AllProductsTests.TestStatusFilter(AllProductsTests.java:174)
at java.base/java.util.ArrayList.forEach(ArrayList.java:1596)
... Removed 28 stack frames]]>
    </failure>
  </testcase> <!-- TestStatusFilter -->
  <testcase classname="tests.AllProductsTests" name="TestAdvancedFilter" time="13.337"/>
  <testcase classname="tests.AllProductsTests" name="testActionSection" time="21.578">
    <failure type="java.lang.IllegalArgumentException" message="Invalid row index: 0">
      <![CDATA[java.lang.IllegalArgumentException: Invalid row index: 0
at Pages.AllProductsPage.clickEditIcon(AllProductsPage.java:295)
at tests.AllProductsTests.testActionSection(AllProductsTests.java:297)
at java.base/java.util.ArrayList.forEach(ArrayList.java:1596)
... Removed 25 stack frames]]>
    </failure>
  </testcase> <!-- testActionSection -->
  <testcase classname="tests.AllProductsTests" name="AddnewProductBTN" time="4.042"/>
  <testcase classname="tests.AllProductsTests" name="TestToggleByIndex" time="10.843"/>
  <testcase classname="tests.AllProductsTests" name="TestFilterProductsByCategory" time="8.799"/>
  <testcase classname="tests.ActiveProductTest" name="TestActiveProductPageLoads" time="13.396"/>
  <testcase classname="tests.ActiveProductTest" name="TestSearchKeywordFilter" time="14.606"/>
  <testcase classname="tests.ActiveProductTest" name="TestResetButton" time="14.684"/>
  <testcase classname="tests.ActiveProductTest" name="TestExportCSVFunctionality" time="13.38"/>
  <testcase classname="tests.ActiveProductTest" name="TestSortByFilter" time="32.242"/>
  <testcase classname="tests.ActiveProductTest" name="TestStatusFilter" time="23.426"/>
  <testcase classname="tests.ActiveProductTest" name="TestAdvancedFilter" time="18.112"/>
  <testcase classname="tests.ActiveProductTest" name="testActionSection" time="25.174">
    <failure type="java.lang.IllegalArgumentException" message="Invalid row index: 0">
      <![CDATA[java.lang.IllegalArgumentException: Invalid row index: 0
at Pages.AllProductsPage.clickEditIcon(AllProductsPage.java:295)
at tests.ActiveProductTest.testActionSection(ActiveProductTest.java:285)
at java.base/java.util.ArrayList.forEach(ArrayList.java:1596)
... Removed 25 stack frames]]>
    </failure>
  </testcase> <!-- testActionSection -->
  <testcase classname="tests.ActiveProductTest" name="AddnewProductBTN" time="14.302"/>
  <testcase classname="tests.ActiveProductTest" name="TestToggleByIndex" time="15.188"/>
  <testcase classname="tests.ActiveProductTest" name="TestFilterProductsByCategory" time="16.189"/>
  <testcase classname="tests.ActiveProductTest" name="TestActiveProductView" time="16.203"/>
  <testcase classname="tests.Dicountmanagement" name="OpenDicountmanagemntpage" time="37.103"/>
  <testcase classname="tests.Dicountmanagement" name="OpenDicountmanagemt" time="31.257">
    <failure type="org.openqa.selenium.ElementClickInterceptedException" message="element click intercepted: Element &amp;lt;a class=&amp;quot;btn defaultBrownBtn me-2&amp;quot; href=&amp;quot;/Discount/discount_history&amp;quot;&amp;gt;...&amp;lt;/a&amp;gt; is not clickable at point (1463, 120). Other element would receive the click: &amp;lt;div role=&amp;quot;dialog&amp;quot; aria-modal=&amp;quot;true&amp;quot; class=&amp;quot;fade modal modal show&amp;quot; tabindex=&amp;quot;-1&amp;quot; style=&amp;quot;display: block; padding-right: 10px;&amp;quot;&amp;gt;...&amp;lt;/div&amp;gt;
  (Session info: MicrosoftEdge=141.0.3537.99)
Build info: version: &amp;apos;4.14.0&amp;apos;, revision: &amp;apos;e5a96349ce&amp;apos;
System info: os.name: &amp;apos;Windows 11&amp;apos;, os.arch: &amp;apos;amd64&amp;apos;, os.version: &amp;apos;10.0&amp;apos;, java.version: &amp;apos;21.0.8&amp;apos;
Driver info: org.openqa.selenium.edge.EdgeDriver
Command: [2730dc6f8156bc7087dc545a6550b4a0, clickElement {id=f.342E2B2303BB6DAAFA7E94AF898D3979.d.B7CCFE13C1FFF546C807DE9BED3207F4.e.377}]
Capabilities {acceptInsecureCerts: false, browserName: MicrosoftEdge, browserVersion: 141.0.3537.99, fedcm:accounts: true, ms:edgeOptions: {debuggerAddress: localhost:51644}, msedge: {msedgedriverVersion: 140.0.3485.81 (5f3674d4b466..., userDataDir: C:\Users\INSOF_~1\AppData\L...}, networkConnectionEnabled: false, pageLoadStrategy: normal, platformName: windows, proxy: Proxy(), se:cdp: ws://localhost:51644/devtoo..., se:cdpVersion: 141.0.3537.99, setWindowRect: true, strictFileInteractability: false, timeouts: {implicit: 0, pageLoad: 300000, script: 30000}, unhandledPromptBehavior: dismiss and notify, webauthn:extension:credBlob: true, webauthn:extension:largeBlob: true, webauthn:extension:minPinLength: true, webauthn:extension:prf: true, webauthn:virtualAuthenticators: true}
Element: [[EdgeDriver: MicrosoftEdge on windows (2730dc6f8156bc7087dc545a6550b4a0)] -&amp;gt; xpath: //a[@class=&amp;apos;btn defaultBrownBtn me-2&amp;apos;]]
Session ID: 2730dc6f8156bc7087dc545a6550b4a0">
      <![CDATA[org.openqa.selenium.ElementClickInterceptedException: element click intercepted: Element <a class="btn defaultBrownBtn me-2" href="/Discount/discount_history">...</a> is not clickable at point (1463, 120). Other element would receive the click: <div role="dialog" aria-modal="true" class="fade modal modal show" tabindex="-1" style="display: block; padding-right: 10px;">...</div>
  (Session info: MicrosoftEdge=141.0.3537.99)
Build info: version: '4.14.0', revision: 'e5a96349ce'
System info: os.name: 'Windows 11', os.arch: 'amd64', os.version: '10.0', java.version: '21.0.8'
Driver info: org.openqa.selenium.edge.EdgeDriver
Command: [2730dc6f8156bc7087dc545a6550b4a0, clickElement {id=f.342E2B2303BB6DAAFA7E94AF898D3979.d.B7CCFE13C1FFF546C807DE9BED3207F4.e.377}]
Capabilities {acceptInsecureCerts: false, browserName: MicrosoftEdge, browserVersion: 141.0.3537.99, fedcm:accounts: true, ms:edgeOptions: {debuggerAddress: localhost:51644}, msedge: {msedgedriverVersion: 140.0.3485.81 (5f3674d4b466..., userDataDir: C:\Users\INSOF_~1\AppData\L...}, networkConnectionEnabled: false, pageLoadStrategy: normal, platformName: windows, proxy: Proxy(), se:cdp: ws://localhost:51644/devtoo..., se:cdpVersion: 141.0.3537.99, setWindowRect: true, strictFileInteractability: false, timeouts: {implicit: 0, pageLoad: 300000, script: 30000}, unhandledPromptBehavior: dismiss and notify, webauthn:extension:credBlob: true, webauthn:extension:largeBlob: true, webauthn:extension:minPinLength: true, webauthn:extension:prf: true, webauthn:virtualAuthenticators: true}
Element: [[EdgeDriver: MicrosoftEdge on windows (2730dc6f8156bc7087dc545a6550b4a0)] -> xpath: //a[@class='btn defaultBrownBtn me-2']]
Session ID: 2730dc6f8156bc7087dc545a6550b4a0
at org.openqa.selenium.remote.codec.w3c.W3CHttpResponseCodec.createException(W3CHttpResponseCodec.java:200)
at org.openqa.selenium.remote.codec.w3c.W3CHttpResponseCodec.decode(W3CHttpResponseCodec.java:133)
at org.openqa.selenium.remote.codec.w3c.W3CHttpResponseCodec.decode(W3CHttpResponseCodec.java:52)
at org.openqa.selenium.remote.HttpCommandExecutor.execute(HttpCommandExecutor.java:191)
at org.openqa.selenium.remote.service.DriverCommandExecutor.invokeExecute(DriverCommandExecutor.java:196)
at org.openqa.selenium.remote.service.DriverCommandExecutor.execute(DriverCommandExecutor.java:171)
at org.openqa.selenium.remote.RemoteWebDriver.execute(RemoteWebDriver.java:602)
at org.openqa.selenium.remote.RemoteWebElement.execute(RemoteWebElement.java:224)
at org.openqa.selenium.remote.RemoteWebElement.click(RemoteWebElement.java:77)
at Pages.Discountmanagement.openDiscountHistoryAndVerify(Discountmanagement.java:278)
at tests.Dicountmanagement.OpenDicountmanagemt(Dicountmanagement.java:42)
at java.base/java.util.ArrayList.forEach(ArrayList.java:1596)
... Removed 28 stack frames]]>
    </failure>
  </testcase> <!-- OpenDicountmanagemt -->
  <testcase classname="tests.AllProductsTests" name="testPagination" time="0.0">
    <ignored/>
  </testcase> <!-- testPagination -->
</testsuite> <!-- AllTests -->
