<?xml version="1.0" encoding="UTF-8"?>
<!-- Generated by org.testng.reporters.JUnitXMLReporter -->
<testsuite ignored="0" hostname="InSoftLink" failures="0" tests="14" name="Discount Management Tests" time="266.367" errors="0" timestamp="2025-11-10T19:05:03 IST">
  <testcase classname="tests.Dicountmanagement" name="validateAddNewDiscount_PositiveFlow" time="34.587"/>
  <testcase classname="tests.Dicountmanagement" name="verifyCategorySubcategoryDependency" time="0.948"/>
  <testcase classname="tests.Dicountmanagement" name="validateNoSelection_ShowsError" time="0.343"/>
  <testcase classname="tests.Dicountmanagement" name="verifyDiscountHistoryAndBackButton" time="4.871"/>
  <testcase classname="tests.Dicountmanagement" name="verifyStatusDropdownSorting" time="41.028"/>
  <testcase classname="tests.Dicountmanagement" name="verifySearchAndCategoryFilter" time="0.373"/>
  <testcase classname="tests.BrandsManagementTest" name="checkFullFlowOfBrandManagement" time="14.811"/>
  <testcase classname="tests.BrandsManagementTest" name="resetButtonFlow" time="16.502"/>
  <testcase classname="tests.BrandsManagementTest" name="AddnewBrandFullflow" time="29.73"/>
  <testcase classname="tests.BrandsManagementTest" name="verifyErrorCountTest" time="5.522"/>
  <testcase classname="tests.BrandsManagementTest" name="EdirActionButtonFlow" time="8.382"/>
  <testcase classname="tests.OrderManagementTest" name="OpenOrderManagmentpage" time="36.687"/>
  <testcase classname="tests.OrderManagementTest" name="CalculationlogicforAllOrderValidation" time="29.616"/>
  <testcase classname="tests.OrderManagementTest" name="ValidatePriceTaxShippingTotals" time="4.235"/>
</testsuite> <!-- Discount Management Tests -->
