<?xml version="1.0" encoding="UTF-8"?>
<!-- Generated by org.testng.reporters.JUnitXMLReporter -->
<testsuite ignored="0" hostname="InSoftLink" failures="4" tests="18" name="Discount Management Tests" time="401.4" errors="0" timestamp="2025-11-13T14:55:28 IST">
  <testcase classname="tests.Dicountmanagement" name="validateAddNewDiscount_PositiveFlow" time="6.211">
    <failure type="org.openqa.selenium.ElementClickInterceptedException" message="element click intercepted: Element &amp;lt;span class=&amp;quot;mob-m-hide&amp;quot;&amp;gt;...&amp;lt;/span&amp;gt; is not clickable at point (1714, 103). Other element would receive the click: &amp;lt;div role=&amp;quot;dialog&amp;quot; aria-modal=&amp;quot;true&amp;quot; class=&amp;quot;fade modal modal show&amp;quot; tabindex=&amp;quot;-1&amp;quot; style=&amp;quot;display: block;&amp;quot;&amp;gt;...&amp;lt;/div&amp;gt;
  (Session info: MicrosoftEdge=142.0.3595.76)
Build info: version: &amp;apos;4.14.0&amp;apos;, revision: &amp;apos;e5a96349ce&amp;apos;
System info: os.name: &amp;apos;Windows 11&amp;apos;, os.arch: &amp;apos;amd64&amp;apos;, os.version: &amp;apos;10.0&amp;apos;, java.version: &amp;apos;21.0.8&amp;apos;
Driver info: org.openqa.selenium.edge.EdgeDriver
Command: [b3b90eff56e8d8b12cd7e986bd840601, clickElement {id=f.DF20C1D15C41F66DABD19E9AD05774AB.d.D058AE6CF18716051019A254B41A8A46.e.2670}]
Capabilities {acceptInsecureCerts: false, browserName: MicrosoftEdge, browserVersion: 142.0.3595.76, fedcm:accounts: true, goog:processID: 13192, ms:edgeOptions: {debuggerAddress: localhost:50072}, msedge: {msedgedriverVersion: 142.0.3595.53 (e9d637e9672e..., userDataDir: C:\Users\INSOF_~1\AppData\L...}, networkConnectionEnabled: false, pageLoadStrategy: normal, platformName: windows, proxy: Proxy(), se:cdp: ws://localhost:50072/devtoo..., se:cdpVersion: 142.0.3595.76, setWindowRect: true, strictFileInteractability: false, timeouts: {implicit: 0, pageLoad: 300000, script: 30000}, unhandledPromptBehavior: dismiss and notify, webauthn:extension:credBlob: true, webauthn:extension:largeBlob: true, webauthn:extension:minPinLength: true, webauthn:extension:prf: true, webauthn:virtualAuthenticators: true}
Element: [[EdgeDriver: MicrosoftEdge on windows (b3b90eff56e8d8b12cd7e986bd840601)] -&amp;gt; xpath: //span[@class=&amp;apos;mob-m-hide&amp;apos;]]
Session ID: b3b90eff56e8d8b12cd7e986bd840601">
      <![CDATA[org.openqa.selenium.ElementClickInterceptedException: element click intercepted: Element <span class="mob-m-hide">...</span> is not clickable at point (1714, 103). Other element would receive the click: <div role="dialog" aria-modal="true" class="fade modal modal show" tabindex="-1" style="display: block;">...</div>
  (Session info: MicrosoftEdge=142.0.3595.76)
Build info: version: '4.14.0', revision: 'e5a96349ce'
System info: os.name: 'Windows 11', os.arch: 'amd64', os.version: '10.0', java.version: '21.0.8'
Driver info: org.openqa.selenium.edge.EdgeDriver
Command: [b3b90eff56e8d8b12cd7e986bd840601, clickElement {id=f.DF20C1D15C41F66DABD19E9AD05774AB.d.D058AE6CF18716051019A254B41A8A46.e.2670}]
Capabilities {acceptInsecureCerts: false, browserName: MicrosoftEdge, browserVersion: 142.0.3595.76, fedcm:accounts: true, goog:processID: 13192, ms:edgeOptions: {debuggerAddress: localhost:50072}, msedge: {msedgedriverVersion: 142.0.3595.53 (e9d637e9672e..., userDataDir: C:\Users\INSOF_~1\AppData\L...}, networkConnectionEnabled: false, pageLoadStrategy: normal, platformName: windows, proxy: Proxy(), se:cdp: ws://localhost:50072/devtoo..., se:cdpVersion: 142.0.3595.76, setWindowRect: true, strictFileInteractability: false, timeouts: {implicit: 0, pageLoad: 300000, script: 30000}, unhandledPromptBehavior: dismiss and notify, webauthn:extension:credBlob: true, webauthn:extension:largeBlob: true, webauthn:extension:minPinLength: true, webauthn:extension:prf: true, webauthn:virtualAuthenticators: true}
Element: [[EdgeDriver: MicrosoftEdge on windows (b3b90eff56e8d8b12cd7e986bd840601)] -> xpath: //span[@class='mob-m-hide']]
Session ID: b3b90eff56e8d8b12cd7e986bd840601
at org.openqa.selenium.remote.codec.w3c.W3CHttpResponseCodec.createException(W3CHttpResponseCodec.java:200)
at org.openqa.selenium.remote.codec.w3c.W3CHttpResponseCodec.decode(W3CHttpResponseCodec.java:133)
at org.openqa.selenium.remote.codec.w3c.W3CHttpResponseCodec.decode(W3CHttpResponseCodec.java:52)
at org.openqa.selenium.remote.HttpCommandExecutor.execute(HttpCommandExecutor.java:191)
at org.openqa.selenium.remote.service.DriverCommandExecutor.invokeExecute(DriverCommandExecutor.java:196)
at org.openqa.selenium.remote.service.DriverCommandExecutor.execute(DriverCommandExecutor.java:171)
at org.openqa.selenium.remote.RemoteWebDriver.execute(RemoteWebDriver.java:602)
at org.openqa.selenium.remote.RemoteWebElement.execute(RemoteWebElement.java:224)
at org.openqa.selenium.remote.RemoteWebElement.click(RemoteWebElement.java:77)
at Pages.Discountmanagement.SearchValidation(Discountmanagement.java:276)
at tests.Dicountmanagement.validateAddNewDiscount_PositiveFlow(Dicountmanagement.java:55)
at java.base/java.util.ArrayList.forEach(ArrayList.java:1596)
... Removed 28 stack frames]]>
    </failure>
  </testcase> <!-- validateAddNewDiscount_PositiveFlow -->
  <testcase classname="tests.Dicountmanagement" name="verifyCategorySubcategoryDependency" time="2.24"/>
  <testcase classname="tests.Dicountmanagement" name="validateNoSelection_ShowsError" time="10.214">
    <failure type="org.openqa.selenium.ElementNotInteractableException" message="element not interactable
  (Session info: MicrosoftEdge=142.0.3595.76)
Build info: version: &amp;apos;4.14.0&amp;apos;, revision: &amp;apos;e5a96349ce&amp;apos;
System info: os.name: &amp;apos;Windows 11&amp;apos;, os.arch: &amp;apos;amd64&amp;apos;, os.version: &amp;apos;10.0&amp;apos;, java.version: &amp;apos;21.0.8&amp;apos;
Driver info: org.openqa.selenium.edge.EdgeDriver
Command: [1e58d682227878737781aa8bda5946e0, clickElement {id=f.361E7403CC7C0DED7A2FC40CEFF1190E.d.1E2DECDEDFAB7771BE32C025F6E1AC29.e.2954}]
Capabilities {acceptInsecureCerts: false, browserName: MicrosoftEdge, browserVersion: 142.0.3595.76, fedcm:accounts: true, goog:processID: 20420, ms:edgeOptions: {debuggerAddress: localhost:54529}, msedge: {msedgedriverVersion: 142.0.3595.53 (e9d637e9672e..., userDataDir: C:\Users\INSOF_~1\AppData\L...}, networkConnectionEnabled: false, pageLoadStrategy: normal, platformName: windows, proxy: Proxy(), se:cdp: ws://localhost:54529/devtoo..., se:cdpVersion: 142.0.3595.76, setWindowRect: true, strictFileInteractability: false, timeouts: {implicit: 0, pageLoad: 300000, script: 30000}, unhandledPromptBehavior: dismiss and notify, webauthn:extension:credBlob: true, webauthn:extension:largeBlob: true, webauthn:extension:minPinLength: true, webauthn:extension:prf: true, webauthn:virtualAuthenticators: true}
Element: [[EdgeDriver: MicrosoftEdge on windows (1e58d682227878737781aa8bda5946e0)] -&amp;gt; xpath: //span[normalize-space()=&amp;apos;Add New Discount&amp;apos;]]
Session ID: 1e58d682227878737781aa8bda5946e0">
      <![CDATA[org.openqa.selenium.ElementNotInteractableException: element not interactable
  (Session info: MicrosoftEdge=142.0.3595.76)
Build info: version: '4.14.0', revision: 'e5a96349ce'
System info: os.name: 'Windows 11', os.arch: 'amd64', os.version: '10.0', java.version: '21.0.8'
Driver info: org.openqa.selenium.edge.EdgeDriver
Command: [1e58d682227878737781aa8bda5946e0, clickElement {id=f.361E7403CC7C0DED7A2FC40CEFF1190E.d.1E2DECDEDFAB7771BE32C025F6E1AC29.e.2954}]
Capabilities {acceptInsecureCerts: false, browserName: MicrosoftEdge, browserVersion: 142.0.3595.76, fedcm:accounts: true, goog:processID: 20420, ms:edgeOptions: {debuggerAddress: localhost:54529}, msedge: {msedgedriverVersion: 142.0.3595.53 (e9d637e9672e..., userDataDir: C:\Users\INSOF_~1\AppData\L...}, networkConnectionEnabled: false, pageLoadStrategy: normal, platformName: windows, proxy: Proxy(), se:cdp: ws://localhost:54529/devtoo..., se:cdpVersion: 142.0.3595.76, setWindowRect: true, strictFileInteractability: false, timeouts: {implicit: 0, pageLoad: 300000, script: 30000}, unhandledPromptBehavior: dismiss and notify, webauthn:extension:credBlob: true, webauthn:extension:largeBlob: true, webauthn:extension:minPinLength: true, webauthn:extension:prf: true, webauthn:virtualAuthenticators: true}
Element: [[EdgeDriver: MicrosoftEdge on windows (1e58d682227878737781aa8bda5946e0)] -> xpath: //span[normalize-space()='Add New Discount']]
Session ID: 1e58d682227878737781aa8bda5946e0
at org.openqa.selenium.remote.codec.w3c.W3CHttpResponseCodec.createException(W3CHttpResponseCodec.java:200)
at org.openqa.selenium.remote.codec.w3c.W3CHttpResponseCodec.decode(W3CHttpResponseCodec.java:133)
at org.openqa.selenium.remote.codec.w3c.W3CHttpResponseCodec.decode(W3CHttpResponseCodec.java:52)
at org.openqa.selenium.remote.HttpCommandExecutor.execute(HttpCommandExecutor.java:191)
at org.openqa.selenium.remote.service.DriverCommandExecutor.invokeExecute(DriverCommandExecutor.java:196)
at org.openqa.selenium.remote.service.DriverCommandExecutor.execute(DriverCommandExecutor.java:171)
at org.openqa.selenium.remote.RemoteWebDriver.execute(RemoteWebDriver.java:602)
at org.openqa.selenium.remote.RemoteWebElement.execute(RemoteWebElement.java:224)
at org.openqa.selenium.remote.RemoteWebElement.click(RemoteWebElement.java:77)
at Pages.Discountmanagement.openAddDiscountForm(Discountmanagement.java:395)
at tests.Dicountmanagement.validateNoSelection_ShowsError(Dicountmanagement.java:117)
at java.base/java.util.ArrayList.forEach(ArrayList.java:1596)
... Removed 28 stack frames]]>
    </failure>
  </testcase> <!-- validateNoSelection_ShowsError -->
  <testcase classname="tests.Dicountmanagement" name="verifyDiscountHistoryAndBackButton" time="2.418"/>
  <testcase classname="tests.Dicountmanagement" name="verifyStatusDropdownSorting" time="41.293"/>
  <testcase classname="tests.Dicountmanagement" name="verifySearchAndCategoryFilter" time="0.888"/>
  <testcase classname="tests.BrandsManagementTest" name="checkFullFlowOfBrandManagement" time="16.816"/>
  <testcase classname="tests.BrandsManagementTest" name="resetButtonFlow" time="18.149"/>
  <testcase classname="tests.BrandsManagementTest" name="AddnewBrandFullflow" time="39.209"/>
  <testcase classname="tests.BrandsManagementTest" name="verifyErrorCountTest" time="10.67"/>
  <testcase classname="tests.BrandsManagementTest" name="EdirActionButtonFlow" time="10.213"/>
  <testcase classname="tests.OrderManagementTest" name="OpenOrderManagmentpage" time="39.323"/>
  <testcase classname="tests.OrderManagementTest" name="CalculationlogicforAllOrderValidation" time="53.034"/>
  <testcase classname="tests.OrderManagementTest" name="ValidatePriceTaxShippingTotals" time="6.166"/>
  <testcase classname="tests.OrderManagementTest" name="OrderPage" time="23.558">
    <failure type="java.lang.AssertionError" message="Row 1 total mismatch! expected [11.64] but found [46.56]">
      <![CDATA[java.lang.AssertionError: Row 1 total mismatch! expected [11.64] but found [46.56]
at Pages.OrderManagementPage.validateOrderProductCalculations(OrderManagementPage.java:508)
at Pages.OrderManagementPage.validateOrderDetailsByIndex(OrderManagementPage.java:464)
at Pages.OrderManagementPage.validateTopFiveOrders(OrderManagementPage.java:401)
at tests.OrderManagementTest.OrderPage(OrderManagementTest.java:92)
at java.base/java.util.ArrayList.forEach(ArrayList.java:1596)
... Removed 28 stack frames]]>
    </failure>
  </testcase> <!-- OrderPage -->
  <testcase classname="tests.OrderManagementTest" name="cancleandReturn" time="26.93"/>
  <testcase classname="tests.FollowersListTest" name="OpenFollowerListpage" time="13.048">
    <failure type="java.lang.AssertionError" message="2nd Delete icon not found before attempting deletion.">
      <![CDATA[java.lang.AssertionError: 2nd Delete icon not found before attempting deletion.
at Pages.FollowersListPage.DeleteValidation(FollowersListPage.java:224)
at tests.FollowersListTest.OpenFollowerListpage(FollowersListTest.java:29)
at java.base/java.util.ArrayList.forEach(ArrayList.java:1596)
... Removed 26 stack frames]]>
    </failure>
  </testcase> <!-- OpenFollowerListpage -->
  <testcase classname="tests.TargetSettingTest" name="OpenTargetOpenPage" time="19.212"/>
</testsuite> <!-- Discount Management Tests -->
