<?xml version="1.0" encoding="UTF-8"?>
<!-- Generated by org.testng.reporters.JUnitXMLReporter -->
<testsuite ignored="0" hostname="InSoftLink" failures="3" tests="17" name="Discount Management Tests" time="292.607" errors="0" timestamp="2025-11-12T18:16:47 IST">
  <testcase classname="tests.Dicountmanagement" name="validateAddNewDiscount_PositiveFlow" time="3.598">
    <failure type="org.openqa.selenium.ElementClickInterceptedException" message="element click intercepted: Element &amp;lt;span class=&amp;quot;mob-m-hide&amp;quot;&amp;gt;...&amp;lt;/span&amp;gt; is not clickable at point (1714, 181). Other element would receive the click: &amp;lt;div role=&amp;quot;dialog&amp;quot; aria-modal=&amp;quot;true&amp;quot; class=&amp;quot;fade modal modal show&amp;quot; tabindex=&amp;quot;-1&amp;quot; style=&amp;quot;display: block;&amp;quot;&amp;gt;...&amp;lt;/div&amp;gt;
  (Session info: MicrosoftEdge=142.0.3595.69)
Build info: version: &amp;apos;4.14.0&amp;apos;, revision: &amp;apos;e5a96349ce&amp;apos;
System info: os.name: &amp;apos;Windows 11&amp;apos;, os.arch: &amp;apos;amd64&amp;apos;, os.version: &amp;apos;10.0&amp;apos;, java.version: &amp;apos;21.0.8&amp;apos;
Driver info: org.openqa.selenium.edge.EdgeDriver
Command: [c826eee00828d087e59e6982cbcdf795, clickElement {id=f.793D5CAF34462F6B665162F63536A774.d.18ED59639746C35F0E43DDE472831E8E.e.2564}]
Capabilities {acceptInsecureCerts: false, browserName: MicrosoftEdge, browserVersion: 142.0.3595.69, fedcm:accounts: true, goog:processID: 23248, ms:edgeOptions: {debuggerAddress: localhost:56089}, msedge: {msedgedriverVersion: 142.0.3595.53 (e9d637e9672e..., userDataDir: C:\Users\INSOF_~1\AppData\L...}, networkConnectionEnabled: false, pageLoadStrategy: normal, platformName: windows, proxy: Proxy(), se:cdp: ws://localhost:56089/devtoo..., se:cdpVersion: 142.0.3595.69, setWindowRect: true, strictFileInteractability: false, timeouts: {implicit: 0, pageLoad: 300000, script: 30000}, unhandledPromptBehavior: dismiss and notify, webauthn:extension:credBlob: true, webauthn:extension:largeBlob: true, webauthn:extension:minPinLength: true, webauthn:extension:prf: true, webauthn:virtualAuthenticators: true}
Element: [[EdgeDriver: MicrosoftEdge on windows (c826eee00828d087e59e6982cbcdf795)] -&amp;gt; xpath: //span[@class=&amp;apos;mob-m-hide&amp;apos;]]
Session ID: c826eee00828d087e59e6982cbcdf795">
      <![CDATA[org.openqa.selenium.ElementClickInterceptedException: element click intercepted: Element <span class="mob-m-hide">...</span> is not clickable at point (1714, 181). Other element would receive the click: <div role="dialog" aria-modal="true" class="fade modal modal show" tabindex="-1" style="display: block;">...</div>
  (Session info: MicrosoftEdge=142.0.3595.69)
Build info: version: '4.14.0', revision: 'e5a96349ce'
System info: os.name: 'Windows 11', os.arch: 'amd64', os.version: '10.0', java.version: '21.0.8'
Driver info: org.openqa.selenium.edge.EdgeDriver
Command: [c826eee00828d087e59e6982cbcdf795, clickElement {id=f.793D5CAF34462F6B665162F63536A774.d.18ED59639746C35F0E43DDE472831E8E.e.2564}]
Capabilities {acceptInsecureCerts: false, browserName: MicrosoftEdge, browserVersion: 142.0.3595.69, fedcm:accounts: true, goog:processID: 23248, ms:edgeOptions: {debuggerAddress: localhost:56089}, msedge: {msedgedriverVersion: 142.0.3595.53 (e9d637e9672e..., userDataDir: C:\Users\INSOF_~1\AppData\L...}, networkConnectionEnabled: false, pageLoadStrategy: normal, platformName: windows, proxy: Proxy(), se:cdp: ws://localhost:56089/devtoo..., se:cdpVersion: 142.0.3595.69, setWindowRect: true, strictFileInteractability: false, timeouts: {implicit: 0, pageLoad: 300000, script: 30000}, unhandledPromptBehavior: dismiss and notify, webauthn:extension:credBlob: true, webauthn:extension:largeBlob: true, webauthn:extension:minPinLength: true, webauthn:extension:prf: true, webauthn:virtualAuthenticators: true}
Element: [[EdgeDriver: MicrosoftEdge on windows (c826eee00828d087e59e6982cbcdf795)] -> xpath: //span[@class='mob-m-hide']]
Session ID: c826eee00828d087e59e6982cbcdf795
at org.openqa.selenium.remote.codec.w3c.W3CHttpResponseCodec.createException(W3CHttpResponseCodec.java:200)
at org.openqa.selenium.remote.codec.w3c.W3CHttpResponseCodec.decode(W3CHttpResponseCodec.java:133)
at org.openqa.selenium.remote.codec.w3c.W3CHttpResponseCodec.decode(W3CHttpResponseCodec.java:52)
at org.openqa.selenium.remote.HttpCommandExecutor.execute(HttpCommandExecutor.java:191)
at org.openqa.selenium.remote.service.DriverCommandExecutor.invokeExecute(DriverCommandExecutor.java:196)
at org.openqa.selenium.remote.service.DriverCommandExecutor.execute(DriverCommandExecutor.java:171)
at org.openqa.selenium.remote.RemoteWebDriver.execute(RemoteWebDriver.java:602)
at org.openqa.selenium.remote.RemoteWebElement.execute(RemoteWebElement.java:224)
at org.openqa.selenium.remote.RemoteWebElement.click(RemoteWebElement.java:77)
at Pages.Discountmanagement.SearchValidation(Discountmanagement.java:276)
at tests.Dicountmanagement.validateAddNewDiscount_PositiveFlow(Dicountmanagement.java:55)
at java.base/java.util.ArrayList.forEach(ArrayList.java:1596)
... Removed 28 stack frames]]>
    </failure>
  </testcase> <!-- validateAddNewDiscount_PositiveFlow -->
  <testcase classname="tests.Dicountmanagement" name="verifyCategorySubcategoryDependency" time="1.73"/>
  <testcase classname="tests.Dicountmanagement" name="validateNoSelection_ShowsError" time="0.495"/>
  <testcase classname="tests.Dicountmanagement" name="verifyDiscountHistoryAndBackButton" time="7.132"/>
  <testcase classname="tests.Dicountmanagement" name="verifyStatusDropdownSorting" time="40.985"/>
  <testcase classname="tests.Dicountmanagement" name="verifySearchAndCategoryFilter" time="0.369"/>
  <testcase classname="tests.BrandsManagementTest" name="checkFullFlowOfBrandManagement" time="14.81"/>
  <testcase classname="tests.BrandsManagementTest" name="resetButtonFlow" time="15.895"/>
  <testcase classname="tests.BrandsManagementTest" name="AddnewBrandFullflow" time="29.682"/>
  <testcase classname="tests.BrandsManagementTest" name="verifyErrorCountTest" time="5.459"/>
  <testcase classname="tests.BrandsManagementTest" name="EdirActionButtonFlow" time="7.272"/>
  <testcase classname="tests.OrderManagementTest" name="OpenOrderManagmentpage" time="24.818">
    <failure type="java.lang.AssertionError" message="
❌ Status mismatch!
Expected: Payment Failed
Found Class: activebtn packed
Found Text: packed expected [true] but found [false]">
      <![CDATA[java.lang.AssertionError: 
❌ Status mismatch!
Expected: Payment Failed
Found Class: activebtn packed
Found Text: packed expected [true] but found [false]
at Pages.OrderManagementPage.checkOrderStatusFilter(OrderManagementPage.java:170)
at tests.OrderManagementTest.OpenOrderManagmentpage(OrderManagementTest.java:34)
at java.base/java.util.ArrayList.forEach(ArrayList.java:1596)
... Removed 28 stack frames]]>
    </failure>
  </testcase> <!-- OpenOrderManagmentpage -->
  <testcase classname="tests.OrderManagementTest" name="CalculationlogicforAllOrderValidation" time="38.471"/>
  <testcase classname="tests.OrderManagementTest" name="ValidatePriceTaxShippingTotals" time="4.635"/>
  <testcase classname="tests.OrderManagementTest" name="OrderPage" time="15.379">
    <failure type="java.lang.AssertionError" message="Row 1 total mismatch! expected [11.64] but found [46.56]">
      <![CDATA[java.lang.AssertionError: Row 1 total mismatch! expected [11.64] but found [46.56]
at Pages.OrderManagementPage.validateOrderProductCalculations(OrderManagementPage.java:508)
at Pages.OrderManagementPage.validateOrderDetailsByIndex(OrderManagementPage.java:464)
at Pages.OrderManagementPage.validateTopFiveOrders(OrderManagementPage.java:401)
at tests.OrderManagementTest.OrderPage(OrderManagementTest.java:92)
at java.base/java.util.ArrayList.forEach(ArrayList.java:1596)
... Removed 28 stack frames]]>
    </failure>
  </testcase> <!-- OrderPage -->
  <testcase classname="tests.OrderManagementTest" name="cancleandReturn" time="20.793"/>
  <testcase classname="tests.FollowersListTest" name="OpenFollowerListpage" time="19.812"/>
</testsuite> <!-- Discount Management Tests -->
