<?xml version="1.0" encoding="UTF-8"?>
<!-- Generated by org.testng.reporters.JUnitXMLReporter -->
<testsuite ignored="0" hostname="InSoftLink" failures="0" tests="11" name="Discount Management Tests" time="214.481" errors="0" timestamp="2025-11-08T18:15:21 IST">
  <testcase classname="tests.Dicountmanagement" name="validateAddNewDiscount_PositiveFlow" time="36.05"/>
  <testcase classname="tests.Dicountmanagement" name="verifyCategorySubcategoryDependency" time="2.087"/>
  <testcase classname="tests.Dicountmanagement" name="validateNoSelection_ShowsError" time="0.419"/>
  <testcase classname="tests.Dicountmanagement" name="verifyDiscountHistoryAndBackButton" time="4.911"/>
  <testcase classname="tests.Dicountmanagement" name="verifyStatusDropdownSorting" time="41.276"/>
  <testcase classname="tests.Dicountmanagement" name="verifySearchAndCategoryFilter" time="0.566"/>
  <testcase classname="tests.BrandsManagementTest" name="checkFullFlowOfBrandManagement" time="19.795"/>
  <testcase classname="tests.BrandsManagementTest" name="resetButtonFlow" time="17.507"/>
  <testcase classname="tests.BrandsManagementTest" name="AddnewBrandFullflow" time="32.099"/>
  <testcase classname="tests.BrandsManagementTest" name="verifyErrorCountTest" time="6.789"/>
  <testcase classname="tests.BrandsManagementTest" name="EdirActionButtonFlow" time="9.209"/>
</testsuite> <!-- Discount Management Tests -->
