<?xml version="1.0" encoding="UTF-8"?>
<!-- Generated by org.testng.reporters.JUnitXMLReporter -->
<testsuite ignored="0" hostname="InSoftLink" failures="4" tests="19" name="Discount Management Tests" time="344.572" errors="0" timestamp="2025-11-15T10:34:58 IST">
  <testcase classname="tests.Dicountmanagement" name="validateAddNewDiscount_PositiveFlow" time="3.976">
    <failure type="org.openqa.selenium.ElementClickInterceptedException" message="element click intercepted: Element &amp;lt;span class=&amp;quot;mob-m-hide&amp;quot;&amp;gt;...&amp;lt;/span&amp;gt; is not clickable at point (1714, 169). Other element would receive the click: &amp;lt;div role=&amp;quot;dialog&amp;quot; aria-modal=&amp;quot;true&amp;quot; class=&amp;quot;fade modal modal show&amp;quot; tabindex=&amp;quot;-1&amp;quot; style=&amp;quot;display: block;&amp;quot;&amp;gt;...&amp;lt;/div&amp;gt;
  (Session info: MicrosoftEdge=142.0.3595.80)
Build info: version: &amp;apos;4.14.0&amp;apos;, revision: &amp;apos;e5a96349ce&amp;apos;
System info: os.name: &amp;apos;Windows 11&amp;apos;, os.arch: &amp;apos;amd64&amp;apos;, os.version: &amp;apos;10.0&amp;apos;, java.version: &amp;apos;21.0.8&amp;apos;
Driver info: org.openqa.selenium.edge.EdgeDriver
Command: [fb238917f230bf71ed67bdad607bb6bc, clickElement {id=f.337FD562DDEB1F0F84E31534A2EDCDE8.d.EC6C208A78FA246F6879A2927666C648.e.2352}]
Capabilities {acceptInsecureCerts: false, browserName: MicrosoftEdge, browserVersion: 142.0.3595.80, fedcm:accounts: true, goog:processID: 8016, ms:edgeOptions: {debuggerAddress: localhost:62590}, msedge: {msedgedriverVersion: 142.0.3595.53 (e9d637e9672e..., userDataDir: C:\Users\INSOF_~1\AppData\L...}, networkConnectionEnabled: false, pageLoadStrategy: normal, platformName: windows, proxy: Proxy(), se:cdp: ws://localhost:62590/devtoo..., se:cdpVersion: 142.0.3595.80, setWindowRect: true, strictFileInteractability: false, timeouts: {implicit: 0, pageLoad: 300000, script: 30000}, unhandledPromptBehavior: dismiss and notify, webauthn:extension:credBlob: true, webauthn:extension:largeBlob: true, webauthn:extension:minPinLength: true, webauthn:extension:prf: true, webauthn:virtualAuthenticators: true}
Element: [[EdgeDriver: MicrosoftEdge on windows (fb238917f230bf71ed67bdad607bb6bc)] -&amp;gt; xpath: //span[@class=&amp;apos;mob-m-hide&amp;apos;]]
Session ID: fb238917f230bf71ed67bdad607bb6bc">
      <![CDATA[org.openqa.selenium.ElementClickInterceptedException: element click intercepted: Element <span class="mob-m-hide">...</span> is not clickable at point (1714, 169). Other element would receive the click: <div role="dialog" aria-modal="true" class="fade modal modal show" tabindex="-1" style="display: block;">...</div>
  (Session info: MicrosoftEdge=142.0.3595.80)
Build info: version: '4.14.0', revision: 'e5a96349ce'
System info: os.name: 'Windows 11', os.arch: 'amd64', os.version: '10.0', java.version: '21.0.8'
Driver info: org.openqa.selenium.edge.EdgeDriver
Command: [fb238917f230bf71ed67bdad607bb6bc, clickElement {id=f.337FD562DDEB1F0F84E31534A2EDCDE8.d.EC6C208A78FA246F6879A2927666C648.e.2352}]
Capabilities {acceptInsecureCerts: false, browserName: MicrosoftEdge, browserVersion: 142.0.3595.80, fedcm:accounts: true, goog:processID: 8016, ms:edgeOptions: {debuggerAddress: localhost:62590}, msedge: {msedgedriverVersion: 142.0.3595.53 (e9d637e9672e..., userDataDir: C:\Users\INSOF_~1\AppData\L...}, networkConnectionEnabled: false, pageLoadStrategy: normal, platformName: windows, proxy: Proxy(), se:cdp: ws://localhost:62590/devtoo..., se:cdpVersion: 142.0.3595.80, setWindowRect: true, strictFileInteractability: false, timeouts: {implicit: 0, pageLoad: 300000, script: 30000}, unhandledPromptBehavior: dismiss and notify, webauthn:extension:credBlob: true, webauthn:extension:largeBlob: true, webauthn:extension:minPinLength: true, webauthn:extension:prf: true, webauthn:virtualAuthenticators: true}
Element: [[EdgeDriver: MicrosoftEdge on windows (fb238917f230bf71ed67bdad607bb6bc)] -> xpath: //span[@class='mob-m-hide']]
Session ID: fb238917f230bf71ed67bdad607bb6bc
at org.openqa.selenium.remote.codec.w3c.W3CHttpResponseCodec.createException(W3CHttpResponseCodec.java:200)
at org.openqa.selenium.remote.codec.w3c.W3CHttpResponseCodec.decode(W3CHttpResponseCodec.java:133)
at org.openqa.selenium.remote.codec.w3c.W3CHttpResponseCodec.decode(W3CHttpResponseCodec.java:52)
at org.openqa.selenium.remote.HttpCommandExecutor.execute(HttpCommandExecutor.java:191)
at org.openqa.selenium.remote.service.DriverCommandExecutor.invokeExecute(DriverCommandExecutor.java:196)
at org.openqa.selenium.remote.service.DriverCommandExecutor.execute(DriverCommandExecutor.java:171)
at org.openqa.selenium.remote.RemoteWebDriver.execute(RemoteWebDriver.java:602)
at org.openqa.selenium.remote.RemoteWebElement.execute(RemoteWebElement.java:224)
at org.openqa.selenium.remote.RemoteWebElement.click(RemoteWebElement.java:77)
at Pages.Discountmanagement.SearchValidation(Discountmanagement.java:276)
at tests.Dicountmanagement.validateAddNewDiscount_PositiveFlow(Dicountmanagement.java:55)
at java.base/java.util.ArrayList.forEach(ArrayList.java:1596)
... Removed 28 stack frames]]>
    </failure>
  </testcase> <!-- validateAddNewDiscount_PositiveFlow -->
  <testcase classname="tests.Dicountmanagement" name="verifyCategorySubcategoryDependency" time="1.577"/>
  <testcase classname="tests.Dicountmanagement" name="validateNoSelection_ShowsError" time="0.681"/>
  <testcase classname="tests.Dicountmanagement" name="verifyDiscountHistoryAndBackButton" time="4.853"/>
  <testcase classname="tests.Dicountmanagement" name="verifyStatusDropdownSorting" time="41.229"/>
  <testcase classname="tests.Dicountmanagement" name="verifySearchAndCategoryFilter" time="0.969"/>
  <testcase classname="tests.BrandsManagementTest" name="checkFullFlowOfBrandManagement" time="16.641"/>
  <testcase classname="tests.BrandsManagementTest" name="resetButtonFlow" time="19.336"/>
  <testcase classname="tests.BrandsManagementTest" name="AddnewBrandFullflow" time="33.817"/>
  <testcase classname="tests.BrandsManagementTest" name="verifyErrorCountTest" time="8.273"/>
  <testcase classname="tests.BrandsManagementTest" name="EdirActionButtonFlow" time="10.732"/>
  <testcase classname="tests.OrderManagementTest" name="OpenOrderManagmentpage" time="28.385"/>
  <testcase classname="tests.OrderManagementTest" name="CalculationlogicforAllOrderValidation" time="30.87"/>
  <testcase classname="tests.OrderManagementTest" name="ValidatePriceTaxShippingTotals" time="8.356"/>
  <testcase classname="tests.OrderManagementTest" name="OrderPage" time="18.446">
    <failure type="java.lang.AssertionError" message="Row 1 total mismatch! expected [11.64] but found [46.56]">
      <![CDATA[java.lang.AssertionError: Row 1 total mismatch! expected [11.64] but found [46.56]
at Pages.OrderManagementPage.validateOrderProductCalculations(OrderManagementPage.java:508)
at Pages.OrderManagementPage.validateOrderDetailsByIndex(OrderManagementPage.java:464)
at Pages.OrderManagementPage.validateTopFiveOrders(OrderManagementPage.java:401)
at tests.OrderManagementTest.OrderPage(OrderManagementTest.java:92)
at java.base/java.util.ArrayList.forEach(ArrayList.java:1596)
... Removed 28 stack frames]]>
    </failure>
  </testcase> <!-- OrderPage -->
  <testcase classname="tests.OrderManagementTest" name="cancleandReturn" time="24.42"/>
  <testcase classname="tests.FollowersListTest" name="OpenFollowerListpage" time="13.019">
    <failure type="java.lang.AssertionError" message="2nd Delete icon not found before attempting deletion.">
      <![CDATA[java.lang.AssertionError: 2nd Delete icon not found before attempting deletion.
at Pages.FollowersListPage.DeleteValidation(FollowersListPage.java:224)
at tests.FollowersListTest.OpenFollowerListpage(FollowersListTest.java:29)
at java.base/java.util.ArrayList.forEach(ArrayList.java:1596)
... Removed 26 stack frames]]>
    </failure>
  </testcase> <!-- OpenFollowerListpage -->
  <testcase classname="tests.TargetSettingTest" name="OpenTargetOpenPage" time="8.052"/>
  <testcase classname="tests.TargetSettingTest" name="addnewTargetingFullFlow" time="6.029">
    <failure type="org.openqa.selenium.ElementClickInterceptedException" message="element click intercepted: Element is not clickable at point (1661, -425)
  (Session info: MicrosoftEdge=142.0.3595.80)
Build info: version: &amp;apos;4.14.0&amp;apos;, revision: &amp;apos;e5a96349ce&amp;apos;
System info: os.name: &amp;apos;Windows 11&amp;apos;, os.arch: &amp;apos;amd64&amp;apos;, os.version: &amp;apos;10.0&amp;apos;, java.version: &amp;apos;21.0.8&amp;apos;
Driver info: org.openqa.selenium.edge.EdgeDriver
Command: [cf99ffba212f62c9df94b5a77e39b6a9, clickElement {id=f.861F662A09F457AC237ED595C821DE84.d.79DAA62F92D77587C3396D7823D6A59D.e.2880}]
Capabilities {acceptInsecureCerts: false, browserName: MicrosoftEdge, browserVersion: 142.0.3595.80, fedcm:accounts: true, goog:processID: 11372, ms:edgeOptions: {debuggerAddress: localhost:59028}, msedge: {msedgedriverVersion: 142.0.3595.53 (e9d637e9672e..., userDataDir: C:\Users\INSOF_~1\AppData\L...}, networkConnectionEnabled: false, pageLoadStrategy: normal, platformName: windows, proxy: Proxy(), se:cdp: ws://localhost:59028/devtoo..., se:cdpVersion: 142.0.3595.80, setWindowRect: true, strictFileInteractability: false, timeouts: {implicit: 0, pageLoad: 300000, script: 30000}, unhandledPromptBehavior: dismiss and notify, webauthn:extension:credBlob: true, webauthn:extension:largeBlob: true, webauthn:extension:minPinLength: true, webauthn:extension:prf: true, webauthn:virtualAuthenticators: true}
Element: [[EdgeDriver: MicrosoftEdge on windows (cf99ffba212f62c9df94b5a77e39b6a9)] -&amp;gt; xpath: //span[@class=&amp;quot;tillTab mob-icon&amp;quot;]]
Session ID: cf99ffba212f62c9df94b5a77e39b6a9">
      <![CDATA[org.openqa.selenium.ElementClickInterceptedException: element click intercepted: Element is not clickable at point (1661, -425)
  (Session info: MicrosoftEdge=142.0.3595.80)
Build info: version: '4.14.0', revision: 'e5a96349ce'
System info: os.name: 'Windows 11', os.arch: 'amd64', os.version: '10.0', java.version: '21.0.8'
Driver info: org.openqa.selenium.edge.EdgeDriver
Command: [cf99ffba212f62c9df94b5a77e39b6a9, clickElement {id=f.861F662A09F457AC237ED595C821DE84.d.79DAA62F92D77587C3396D7823D6A59D.e.2880}]
Capabilities {acceptInsecureCerts: false, browserName: MicrosoftEdge, browserVersion: 142.0.3595.80, fedcm:accounts: true, goog:processID: 11372, ms:edgeOptions: {debuggerAddress: localhost:59028}, msedge: {msedgedriverVersion: 142.0.3595.53 (e9d637e9672e..., userDataDir: C:\Users\INSOF_~1\AppData\L...}, networkConnectionEnabled: false, pageLoadStrategy: normal, platformName: windows, proxy: Proxy(), se:cdp: ws://localhost:59028/devtoo..., se:cdpVersion: 142.0.3595.80, setWindowRect: true, strictFileInteractability: false, timeouts: {implicit: 0, pageLoad: 300000, script: 30000}, unhandledPromptBehavior: dismiss and notify, webauthn:extension:credBlob: true, webauthn:extension:largeBlob: true, webauthn:extension:minPinLength: true, webauthn:extension:prf: true, webauthn:virtualAuthenticators: true}
Element: [[EdgeDriver: MicrosoftEdge on windows (cf99ffba212f62c9df94b5a77e39b6a9)] -> xpath: //span[@class="tillTab mob-icon"]]
Session ID: cf99ffba212f62c9df94b5a77e39b6a9
at org.openqa.selenium.remote.codec.w3c.W3CHttpResponseCodec.createException(W3CHttpResponseCodec.java:200)
at org.openqa.selenium.remote.codec.w3c.W3CHttpResponseCodec.decode(W3CHttpResponseCodec.java:133)
at org.openqa.selenium.remote.codec.w3c.W3CHttpResponseCodec.decode(W3CHttpResponseCodec.java:52)
at org.openqa.selenium.remote.HttpCommandExecutor.execute(HttpCommandExecutor.java:191)
at org.openqa.selenium.remote.service.DriverCommandExecutor.invokeExecute(DriverCommandExecutor.java:196)
at org.openqa.selenium.remote.service.DriverCommandExecutor.execute(DriverCommandExecutor.java:171)
at org.openqa.selenium.remote.RemoteWebDriver.execute(RemoteWebDriver.java:602)
at org.openqa.selenium.remote.RemoteWebElement.execute(RemoteWebElement.java:224)
at org.openqa.selenium.remote.RemoteWebElement.click(RemoteWebElement.java:77)
at Pages.TargetSettingPage.CreateaNewTargetting(TargetSettingPage.java:224)
at tests.TargetSettingTest.addnewTargetingFullFlow(TargetSettingTest.java:51)
at java.base/java.util.ArrayList.forEach(ArrayList.java:1596)
... Removed 28 stack frames]]>
    </failure>
  </testcase> <!-- addnewTargetingFullFlow -->
</testsuite> <!-- Discount Management Tests -->
