<?xml version="1.0" encoding="UTF-8"?>
<!-- Generated by org.testng.reporters.JUnitXMLReporter -->
<testsuite ignored="0" hostname="InSoftLink" failures="0" tests="2" name="Password Recovery Tests" time="7.592" errors="0" timestamp="2025-11-12T18:04:56 IST">
  <testcase classname="tests.ForgotPasswordTests" name="TestResetPasswordWithValidemail" time="2.223"/>
  <testcase classname="tests.ForgotPasswordTests" name="TestResetPasswordWithinvlaidemail" time="3.322"/>
</testsuite> <!-- Password Recovery Tests -->
