<?xml version="1.0" encoding="UTF-8"?>
<!-- Generated by org.testng.reporters.JUnitXMLReporter -->
<testsuite ignored="0" hostname="InSoftLink" failures="0" tests="2" name="Password Recovery Tests" time="7.821" errors="0" timestamp="2025-11-10T18:53:31 IST">
  <testcase classname="tests.ForgotPasswordTests" name="TestResetPasswordWithValidemail" time="2.288"/>
  <testcase classname="tests.ForgotPasswordTests" name="TestResetPasswordWithinvlaidemail" time="3.365"/>
</testsuite> <!-- Password Recovery Tests -->
