<?xml version="1.0" encoding="UTF-8"?>
<!-- Generated by org.testng.reporters.JUnitXMLReporter -->
<testsuite ignored="1" hostname="InSoftLink" failures="7" tests="27" name="Product Management Tests" time="497.549" errors="0" timestamp="2025-11-08T18:11:47 IST">
  <testcase classname="tests.AllProductsTests" name="TestAllProductPageLoads" time="5.684"/>
  <testcase classname="tests.AllProductsTests" name="TestSearchKeywordFilter" time="6.885"/>
  <testcase classname="tests.AllProductsTests" name="TestResetButton" time="8.269"/>
  <testcase classname="tests.AllProductsTests" name="TestExportCSVFunctionality" time="9.263"/>
  <testcase classname="tests.AllProductsTests" name="TestSortByFilter" time="20.625">
    <failure type="org.openqa.selenium.TimeoutException" message="Expected condition failed: waiting for visibility of all elements located by By.cssSelector: td.w-12 (tried for 5 second(s) with 500 milliseconds interval)
Build info: version: &amp;apos;4.14.0&amp;apos;, revision: &amp;apos;e5a96349ce&amp;apos;
System info: os.name: &amp;apos;Windows 11&amp;apos;, os.arch: &amp;apos;amd64&amp;apos;, os.version: &amp;apos;10.0&amp;apos;, java.version: &amp;apos;21.0.8&amp;apos;
Driver info: org.openqa.selenium.edge.EdgeDriver
Capabilities {acceptInsecureCerts: false, browserName: MicrosoftEdge, browserVersion: 142.0.3595.65, fedcm:accounts: true, goog:processID: 10692, ms:edgeOptions: {debuggerAddress: localhost:52922}, msedge: {msedgedriverVersion: 142.0.3595.53 (e9d637e9672e..., userDataDir: C:\Users\INSOF_~1\AppData\L...}, networkConnectionEnabled: false, pageLoadStrategy: normal, platformName: windows, proxy: Proxy(), se:cdp: ws://localhost:52922/devtoo..., se:cdpVersion: 142.0.3595.65, setWindowRect: true, strictFileInteractability: false, timeouts: {implicit: 0, pageLoad: 300000, script: 30000}, unhandledPromptBehavior: dismiss and notify, webauthn:extension:credBlob: true, webauthn:extension:largeBlob: true, webauthn:extension:minPinLength: true, webauthn:extension:prf: true, webauthn:virtualAuthenticators: true}
Session ID: ac91195856d895940ccc2cb3dabe0dd9">
      <![CDATA[org.openqa.selenium.TimeoutException: Expected condition failed: waiting for visibility of all elements located by By.cssSelector: td.w-12 (tried for 5 second(s) with 500 milliseconds interval)
Build info: version: '4.14.0', revision: 'e5a96349ce'
System info: os.name: 'Windows 11', os.arch: 'amd64', os.version: '10.0', java.version: '21.0.8'
Driver info: org.openqa.selenium.edge.EdgeDriver
Capabilities {acceptInsecureCerts: false, browserName: MicrosoftEdge, browserVersion: 142.0.3595.65, fedcm:accounts: true, goog:processID: 10692, ms:edgeOptions: {debuggerAddress: localhost:52922}, msedge: {msedgedriverVersion: 142.0.3595.53 (e9d637e9672e..., userDataDir: C:\Users\INSOF_~1\AppData\L...}, networkConnectionEnabled: false, pageLoadStrategy: normal, platformName: windows, proxy: Proxy(), se:cdp: ws://localhost:52922/devtoo..., se:cdpVersion: 142.0.3595.65, setWindowRect: true, strictFileInteractability: false, timeouts: {implicit: 0, pageLoad: 300000, script: 30000}, unhandledPromptBehavior: dismiss and notify, webauthn:extension:credBlob: true, webauthn:extension:largeBlob: true, webauthn:extension:minPinLength: true, webauthn:extension:prf: true, webauthn:virtualAuthenticators: true}
Session ID: ac91195856d895940ccc2cb3dabe0dd9
at org.openqa.selenium.support.ui.WebDriverWait.timeoutException(WebDriverWait.java:84)
at org.openqa.selenium.support.ui.FluentWait.until(FluentWait.java:230)
at Pages.AllProductsPage.getProductPrices(AllProductsPage.java:510)
at tests.AllProductsTests.TestSortByFilter(AllProductsTests.java:117)
at java.base/java.util.ArrayList.forEach(ArrayList.java:1596)
... Removed 25 stack frames]]>
    </failure>
  </testcase> <!-- TestSortByFilter -->
  <testcase classname="tests.AllProductsTests" name="TestStatusFilter" time="19.013">
    <failure type="java.lang.AssertionError" message="❌ Some products are NOT Active after applying &amp;apos;Active&amp;apos; filter! expected [true] but found [false]">
      <![CDATA[java.lang.AssertionError: ❌ Some products are NOT Active after applying 'Active' filter! expected [true] but found [false]
at tests.AllProductsTests.TestStatusFilter(AllProductsTests.java:174)
at java.base/java.util.ArrayList.forEach(ArrayList.java:1596)
... Removed 28 stack frames]]>
    </failure>
  </testcase> <!-- TestStatusFilter -->
  <testcase classname="tests.AllProductsTests" name="TestAdvancedFilter" time="15.308">
    <failure type="org.openqa.selenium.TimeoutException" message="Expected condition failed: waiting for visibility of all elements located by By.cssSelector: td.w-12 (tried for 5 second(s) with 500 milliseconds interval)
Build info: version: &amp;apos;4.14.0&amp;apos;, revision: &amp;apos;e5a96349ce&amp;apos;
System info: os.name: &amp;apos;Windows 11&amp;apos;, os.arch: &amp;apos;amd64&amp;apos;, os.version: &amp;apos;10.0&amp;apos;, java.version: &amp;apos;21.0.8&amp;apos;
Driver info: org.openqa.selenium.edge.EdgeDriver
Capabilities {acceptInsecureCerts: false, browserName: MicrosoftEdge, browserVersion: 142.0.3595.65, fedcm:accounts: true, goog:processID: 22260, ms:edgeOptions: {debuggerAddress: localhost:60882}, msedge: {msedgedriverVersion: 142.0.3595.53 (e9d637e9672e..., userDataDir: C:\Users\INSOF_~1\AppData\L...}, networkConnectionEnabled: false, pageLoadStrategy: normal, platformName: windows, proxy: Proxy(), se:cdp: ws://localhost:60882/devtoo..., se:cdpVersion: 142.0.3595.65, setWindowRect: true, strictFileInteractability: false, timeouts: {implicit: 0, pageLoad: 300000, script: 30000}, unhandledPromptBehavior: dismiss and notify, webauthn:extension:credBlob: true, webauthn:extension:largeBlob: true, webauthn:extension:minPinLength: true, webauthn:extension:prf: true, webauthn:virtualAuthenticators: true}
Session ID: bb8ee93c6648af92ba5660c6e40f1c0d">
      <![CDATA[org.openqa.selenium.TimeoutException: Expected condition failed: waiting for visibility of all elements located by By.cssSelector: td.w-12 (tried for 5 second(s) with 500 milliseconds interval)
Build info: version: '4.14.0', revision: 'e5a96349ce'
System info: os.name: 'Windows 11', os.arch: 'amd64', os.version: '10.0', java.version: '21.0.8'
Driver info: org.openqa.selenium.edge.EdgeDriver
Capabilities {acceptInsecureCerts: false, browserName: MicrosoftEdge, browserVersion: 142.0.3595.65, fedcm:accounts: true, goog:processID: 22260, ms:edgeOptions: {debuggerAddress: localhost:60882}, msedge: {msedgedriverVersion: 142.0.3595.53 (e9d637e9672e..., userDataDir: C:\Users\INSOF_~1\AppData\L...}, networkConnectionEnabled: false, pageLoadStrategy: normal, platformName: windows, proxy: Proxy(), se:cdp: ws://localhost:60882/devtoo..., se:cdpVersion: 142.0.3595.65, setWindowRect: true, strictFileInteractability: false, timeouts: {implicit: 0, pageLoad: 300000, script: 30000}, unhandledPromptBehavior: dismiss and notify, webauthn:extension:credBlob: true, webauthn:extension:largeBlob: true, webauthn:extension:minPinLength: true, webauthn:extension:prf: true, webauthn:virtualAuthenticators: true}
Session ID: bb8ee93c6648af92ba5660c6e40f1c0d
at org.openqa.selenium.support.ui.WebDriverWait.timeoutException(WebDriverWait.java:84)
at org.openqa.selenium.support.ui.FluentWait.until(FluentWait.java:230)
at Pages.AllProductsPage.getProductPrices(AllProductsPage.java:510)
at tests.AllProductsTests.TestAdvancedFilter(AllProductsTests.java:223)
at java.base/java.util.ArrayList.forEach(ArrayList.java:1596)
... Removed 25 stack frames]]>
    </failure>
  </testcase> <!-- TestAdvancedFilter -->
  <testcase classname="tests.AllProductsTests" name="testActionSection" time="15.572">
    <failure type="org.openqa.selenium.TimeoutException" message="Expected condition failed: waiting for element to be clickable: By.xpath: //button[@title=&amp;apos;Add Inventory&amp;apos;] (tried for 5 second(s) with 500 milliseconds interval)
Build info: version: &amp;apos;4.14.0&amp;apos;, revision: &amp;apos;e5a96349ce&amp;apos;
System info: os.name: &amp;apos;Windows 11&amp;apos;, os.arch: &amp;apos;amd64&amp;apos;, os.version: &amp;apos;10.0&amp;apos;, java.version: &amp;apos;21.0.8&amp;apos;
Driver info: org.openqa.selenium.edge.EdgeDriver
Capabilities {acceptInsecureCerts: false, browserName: MicrosoftEdge, browserVersion: 142.0.3595.65, fedcm:accounts: true, goog:processID: 27240, ms:edgeOptions: {debuggerAddress: localhost:57166}, msedge: {msedgedriverVersion: 142.0.3595.53 (e9d637e9672e..., userDataDir: C:\Users\INSOF_~1\AppData\L...}, networkConnectionEnabled: false, pageLoadStrategy: normal, platformName: windows, proxy: Proxy(), se:cdp: ws://localhost:57166/devtoo..., se:cdpVersion: 142.0.3595.65, setWindowRect: true, strictFileInteractability: false, timeouts: {implicit: 0, pageLoad: 300000, script: 30000}, unhandledPromptBehavior: dismiss and notify, webauthn:extension:credBlob: true, webauthn:extension:largeBlob: true, webauthn:extension:minPinLength: true, webauthn:extension:prf: true, webauthn:virtualAuthenticators: true}
Session ID: 6cc1c4a004aa7d4ae87c69e9239ee365">
      <![CDATA[org.openqa.selenium.TimeoutException: Expected condition failed: waiting for element to be clickable: By.xpath: //button[@title='Add Inventory'] (tried for 5 second(s) with 500 milliseconds interval)
Build info: version: '4.14.0', revision: 'e5a96349ce'
System info: os.name: 'Windows 11', os.arch: 'amd64', os.version: '10.0', java.version: '21.0.8'
Driver info: org.openqa.selenium.edge.EdgeDriver
Capabilities {acceptInsecureCerts: false, browserName: MicrosoftEdge, browserVersion: 142.0.3595.65, fedcm:accounts: true, goog:processID: 27240, ms:edgeOptions: {debuggerAddress: localhost:57166}, msedge: {msedgedriverVersion: 142.0.3595.53 (e9d637e9672e..., userDataDir: C:\Users\INSOF_~1\AppData\L...}, networkConnectionEnabled: false, pageLoadStrategy: normal, platformName: windows, proxy: Proxy(), se:cdp: ws://localhost:57166/devtoo..., se:cdpVersion: 142.0.3595.65, setWindowRect: true, strictFileInteractability: false, timeouts: {implicit: 0, pageLoad: 300000, script: 30000}, unhandledPromptBehavior: dismiss and notify, webauthn:extension:credBlob: true, webauthn:extension:largeBlob: true, webauthn:extension:minPinLength: true, webauthn:extension:prf: true, webauthn:virtualAuthenticators: true}
Session ID: 6cc1c4a004aa7d4ae87c69e9239ee365
at org.openqa.selenium.support.ui.WebDriverWait.timeoutException(WebDriverWait.java:84)
at org.openqa.selenium.support.ui.FluentWait.until(FluentWait.java:230)
at Pages.AllProductsPage.clickAddInventoryAndValidate(AllProductsPage.java:236)
at tests.AllProductsTests.testActionSection(AllProductsTests.java:289)
at java.base/java.util.ArrayList.forEach(ArrayList.java:1596)
... Removed 25 stack frames]]>
    </failure>
  </testcase> <!-- testActionSection -->
  <testcase classname="tests.AllProductsTests" name="AddnewProductBTN" time="7.612"/>
  <testcase classname="tests.AllProductsTests" name="TestToggleByIndex" time="15.549">
    <failure type="java.lang.RuntimeException" message="No toggle buttons found on the page!">
      <![CDATA[java.lang.RuntimeException: No toggle buttons found on the page!
at Pages.AllProductsPage.toggleStatusByIndex(AllProductsPage.java:396)
at tests.AllProductsTests.TestToggleByIndex(AllProductsTests.java:367)
at java.base/java.util.ArrayList.forEach(ArrayList.java:1596)
... Removed 25 stack frames]]>
    </failure>
  </testcase> <!-- TestToggleByIndex -->
  <testcase classname="tests.AllProductsTests" name="TestFilterProductsByCategory" time="12.76"/>
  <testcase classname="tests.ActiveProductTest" name="TestActiveProductPageLoads" time="16.375"/>
  <testcase classname="tests.ActiveProductTest" name="TestSearchKeywordFilter" time="16.221">
    <failure type="org.openqa.selenium.NoSuchElementException" message="no such element: Unable to locate element: {&amp;quot;method&amp;quot;:&amp;quot;xpath&amp;quot;,&amp;quot;selector&amp;quot;:&amp;quot;//input[@id=&amp;apos;product_Search&amp;apos;]&amp;quot;}
  (Session info: MicrosoftEdge=142.0.3595.65)
For documentation on this error, please visit: https://www.selenium.dev/documentation/webdriver/troubleshooting/errors#no-such-element-exception
Build info: version: &amp;apos;4.14.0&amp;apos;, revision: &amp;apos;e5a96349ce&amp;apos;
System info: os.name: &amp;apos;Windows 11&amp;apos;, os.arch: &amp;apos;amd64&amp;apos;, os.version: &amp;apos;10.0&amp;apos;, java.version: &amp;apos;21.0.8&amp;apos;
Driver info: org.openqa.selenium.edge.EdgeDriver
Command: [9c881175b0333c7b6cf2203123f039b2, findElement {using=xpath, value=//input[@id=&amp;apos;product_Search&amp;apos;]}]
Capabilities {acceptInsecureCerts: false, browserName: MicrosoftEdge, browserVersion: 142.0.3595.65, fedcm:accounts: true, goog:processID: 16444, ms:edgeOptions: {debuggerAddress: localhost:63405}, msedge: {msedgedriverVersion: 142.0.3595.53 (e9d637e9672e..., userDataDir: C:\Users\INSOF_~1\AppData\L...}, networkConnectionEnabled: false, pageLoadStrategy: normal, platformName: windows, proxy: Proxy(), se:cdp: ws://localhost:63405/devtoo..., se:cdpVersion: 142.0.3595.65, setWindowRect: true, strictFileInteractability: false, timeouts: {implicit: 0, pageLoad: 300000, script: 30000}, unhandledPromptBehavior: dismiss and notify, webauthn:extension:credBlob: true, webauthn:extension:largeBlob: true, webauthn:extension:minPinLength: true, webauthn:extension:prf: true, webauthn:virtualAuthenticators: true}
Session ID: 9c881175b0333c7b6cf2203123f039b2">
      <![CDATA[org.openqa.selenium.NoSuchElementException: no such element: Unable to locate element: {"method":"xpath","selector":"//input[@id='product_Search']"}
  (Session info: MicrosoftEdge=142.0.3595.65)
For documentation on this error, please visit: https://www.selenium.dev/documentation/webdriver/troubleshooting/errors#no-such-element-exception
Build info: version: '4.14.0', revision: 'e5a96349ce'
System info: os.name: 'Windows 11', os.arch: 'amd64', os.version: '10.0', java.version: '21.0.8'
Driver info: org.openqa.selenium.edge.EdgeDriver
Command: [9c881175b0333c7b6cf2203123f039b2, findElement {using=xpath, value=//input[@id='product_Search']}]
Capabilities {acceptInsecureCerts: false, browserName: MicrosoftEdge, browserVersion: 142.0.3595.65, fedcm:accounts: true, goog:processID: 16444, ms:edgeOptions: {debuggerAddress: localhost:63405}, msedge: {msedgedriverVersion: 142.0.3595.53 (e9d637e9672e..., userDataDir: C:\Users\INSOF_~1\AppData\L...}, networkConnectionEnabled: false, pageLoadStrategy: normal, platformName: windows, proxy: Proxy(), se:cdp: ws://localhost:63405/devtoo..., se:cdpVersion: 142.0.3595.65, setWindowRect: true, strictFileInteractability: false, timeouts: {implicit: 0, pageLoad: 300000, script: 30000}, unhandledPromptBehavior: dismiss and notify, webauthn:extension:credBlob: true, webauthn:extension:largeBlob: true, webauthn:extension:minPinLength: true, webauthn:extension:prf: true, webauthn:virtualAuthenticators: true}
Session ID: 9c881175b0333c7b6cf2203123f039b2
at org.openqa.selenium.remote.codec.w3c.W3CHttpResponseCodec.createException(W3CHttpResponseCodec.java:200)
at org.openqa.selenium.remote.codec.w3c.W3CHttpResponseCodec.decode(W3CHttpResponseCodec.java:133)
at org.openqa.selenium.remote.codec.w3c.W3CHttpResponseCodec.decode(W3CHttpResponseCodec.java:52)
at org.openqa.selenium.remote.HttpCommandExecutor.execute(HttpCommandExecutor.java:191)
at org.openqa.selenium.remote.service.DriverCommandExecutor.invokeExecute(DriverCommandExecutor.java:196)
at org.openqa.selenium.remote.service.DriverCommandExecutor.execute(DriverCommandExecutor.java:171)
at org.openqa.selenium.remote.RemoteWebDriver.execute(RemoteWebDriver.java:602)
at org.openqa.selenium.remote.ElementLocation$ElementFinder$2.findElement(ElementLocation.java:165)
at org.openqa.selenium.remote.ElementLocation.findElement(ElementLocation.java:59)
at org.openqa.selenium.remote.RemoteWebDriver.findElement(RemoteWebDriver.java:359)
at org.openqa.selenium.remote.RemoteWebDriver.findElement(RemoteWebDriver.java:353)
at Pages.AllProductsPage.searchProduct(AllProductsPage.java:144)
at tests.ActiveProductTest.TestSearchKeywordFilter(ActiveProductTest.java:47)
at java.base/java.util.ArrayList.forEach(ArrayList.java:1596)
... Removed 28 stack frames]]>
    </failure>
  </testcase> <!-- TestSearchKeywordFilter -->
  <testcase classname="tests.ActiveProductTest" name="TestResetButton" time="16.731"/>
  <testcase classname="tests.ActiveProductTest" name="TestExportCSVFunctionality" time="14.168"/>
  <testcase classname="tests.ActiveProductTest" name="TestSortByFilter" time="33.998"/>
  <testcase classname="tests.ActiveProductTest" name="TestStatusFilter" time="25.496"/>
  <testcase classname="tests.ActiveProductTest" name="TestAdvancedFilter" time="29.147"/>
  <testcase classname="tests.ActiveProductTest" name="testActionSection" time="20.49">
    <failure type="java.lang.IllegalArgumentException" message="❌ Invalid index: 0. Must be between 1 and 11">
      <![CDATA[java.lang.IllegalArgumentException: ❌ Invalid index: 0. Must be between 1 and 11
at Pages.AllProductsPage.clickEditIcon(AllProductsPage.java:337)
at tests.ActiveProductTest.testActionSection(ActiveProductTest.java:285)
at java.base/java.util.ArrayList.forEach(ArrayList.java:1596)
... Removed 25 stack frames]]>
    </failure>
  </testcase> <!-- testActionSection -->
  <testcase classname="tests.ActiveProductTest" name="AddnewProductBTN" time="19.534"/>
  <testcase classname="tests.ActiveProductTest" name="TestToggleByIndex" time="16.118"/>
  <testcase classname="tests.ActiveProductTest" name="TestFilterProductsByCategory" time="17.248"/>
  <testcase classname="tests.ActiveProductTest" name="TestActiveProductView" time="16.724"/>
  <testcase classname="tests.AddProductTest" name="TestAddNewProductFullFlow" time="34.425"/>
  <testcase classname="tests.AddProductTest" name="CheckDupicatproduct" time="10.445"/>
  <testcase classname="tests.AddProductTest" name="TestMandatoryBasicDetailsValidationSeparate" time="26.26"/>
  <testcase classname="tests.AddProductTest" name="VerifyCategorySubcategoryDependency" time="6.244"/>
  <testcase classname="tests.AllProductsTests" name="testPagination" time="0.0">
    <ignored/>
  </testcase> <!-- testPagination -->
</testsuite> <!-- Product Management Tests -->
