<?xml version="1.0" encoding="UTF-8"?>
<!-- Generated by org.testng.reporters.JUnitXMLReporter -->
<testsuite ignored="1" hostname="InSoftLink" failures="1" tests="27" name="Product Management Tests" time="548.592" errors="0" timestamp="2025-11-13T14:48:47 IST">
  <testcase classname="tests.AllProductsTests" name="TestAllProductPageLoads" time="6.214"/>
  <testcase classname="tests.AllProductsTests" name="TestSearchKeywordFilter" time="7.837"/>
  <testcase classname="tests.AllProductsTests" name="TestResetButton" time="8.672"/>
  <testcase classname="tests.AllProductsTests" name="TestExportCSVFunctionality" time="7.299"/>
  <testcase classname="tests.AllProductsTests" name="TestSortByFilter" time="36.995"/>
  <testcase classname="tests.AllProductsTests" name="TestStatusFilter" time="24.46"/>
  <testcase classname="tests.AllProductsTests" name="TestAdvancedFilter" time="19.621"/>
  <testcase classname="tests.AllProductsTests" name="testActionSection" time="18.196"/>
  <testcase classname="tests.AllProductsTests" name="AddnewProductBTN" time="8.718"/>
  <testcase classname="tests.AllProductsTests" name="TestToggleByIndex" time="12.357"/>
  <testcase classname="tests.AllProductsTests" name="TestFilterProductsByCategory" time="16.362"/>
  <testcase classname="tests.ActiveProductTest" name="TestActiveProductPageLoads" time="14.443"/>
  <testcase classname="tests.ActiveProductTest" name="TestSearchKeywordFilter" time="15.63"/>
  <testcase classname="tests.ActiveProductTest" name="TestResetButton" time="17.745"/>
  <testcase classname="tests.ActiveProductTest" name="TestExportCSVFunctionality" time="14.909"/>
  <testcase classname="tests.ActiveProductTest" name="TestSortByFilter" time="44.206"/>
  <testcase classname="tests.ActiveProductTest" name="TestStatusFilter" time="26.429"/>
  <testcase classname="tests.ActiveProductTest" name="TestAdvancedFilter" time="22.308"/>
  <testcase classname="tests.ActiveProductTest" name="testActionSection" time="17.598">
    <failure type="java.lang.IllegalArgumentException" message="❌ Invalid index: 0. Must be between 1 and 11">
      <![CDATA[java.lang.IllegalArgumentException: ❌ Invalid index: 0. Must be between 1 and 11
at Pages.AllProductsPage.clickEditIcon(AllProductsPage.java:337)
at tests.ActiveProductTest.testActionSection(ActiveProductTest.java:285)
at java.base/java.util.ArrayList.forEach(ArrayList.java:1596)
... Removed 25 stack frames]]>
    </failure>
  </testcase> <!-- testActionSection -->
  <testcase classname="tests.ActiveProductTest" name="AddnewProductBTN" time="16.208"/>
  <testcase classname="tests.ActiveProductTest" name="TestToggleByIndex" time="16.525"/>
  <testcase classname="tests.ActiveProductTest" name="TestFilterProductsByCategory" time="19.701"/>
  <testcase classname="tests.ActiveProductTest" name="TestActiveProductView" time="17.417"/>
  <testcase classname="tests.AddProductTest" name="TestAddNewProductFullFlow" time="39.323"/>
  <testcase classname="tests.AddProductTest" name="CheckDupicatproduct" time="12.243"/>
  <testcase classname="tests.AddProductTest" name="TestMandatoryBasicDetailsValidationSeparate" time="31.904"/>
  <testcase classname="tests.AddProductTest" name="VerifyCategorySubcategoryDependency" time="8.028"/>
  <testcase classname="tests.AllProductsTests" name="testPagination" time="0.0">
    <ignored/>
  </testcase> <!-- testPagination -->
</testsuite> <!-- Product Management Tests -->
