<?xml version="1.0" encoding="UTF-8"?>
<!-- Generated by org.testng.reporters.JUnitXMLReporter -->
<testsuite ignored="1" hostname="InSoftLink" failures="4" tests="27" name="Product Management Tests" time="418.819" errors="0" timestamp="2025-11-12T18:11:55 IST">
  <testcase classname="tests.AllProductsTests" name="TestAllProductPageLoads" time="5.153"/>
  <testcase classname="tests.AllProductsTests" name="TestSearchKeywordFilter" time="6.42"/>
  <testcase classname="tests.AllProductsTests" name="TestResetButton" time="6.994"/>
  <testcase classname="tests.AllProductsTests" name="TestExportCSVFunctionality" time="5.686"/>
  <testcase classname="tests.AllProductsTests" name="TestSortByFilter" time="18.123">
    <failure type="org.openqa.selenium.TimeoutException" message="Expected condition failed: waiting for visibility of all elements located by By.cssSelector: td.w-12 (tried for 5 second(s) with 500 milliseconds interval)
Build info: version: &amp;apos;4.14.0&amp;apos;, revision: &amp;apos;e5a96349ce&amp;apos;
System info: os.name: &amp;apos;Windows 11&amp;apos;, os.arch: &amp;apos;amd64&amp;apos;, os.version: &amp;apos;10.0&amp;apos;, java.version: &amp;apos;21.0.8&amp;apos;
Driver info: org.openqa.selenium.edge.EdgeDriver
Capabilities {acceptInsecureCerts: false, browserName: MicrosoftEdge, browserVersion: 142.0.3595.69, fedcm:accounts: true, goog:processID: 20008, ms:edgeOptions: {debuggerAddress: localhost:55793}, msedge: {msedgedriverVersion: 142.0.3595.53 (e9d637e9672e..., userDataDir: C:\Users\INSOF_~1\AppData\L...}, networkConnectionEnabled: false, pageLoadStrategy: normal, platformName: windows, proxy: Proxy(), se:cdp: ws://localhost:55793/devtoo..., se:cdpVersion: 142.0.3595.69, setWindowRect: true, strictFileInteractability: false, timeouts: {implicit: 0, pageLoad: 300000, script: 30000}, unhandledPromptBehavior: dismiss and notify, webauthn:extension:credBlob: true, webauthn:extension:largeBlob: true, webauthn:extension:minPinLength: true, webauthn:extension:prf: true, webauthn:virtualAuthenticators: true}
Session ID: a8995544abee9caa4743623b2328e5e3">
      <![CDATA[org.openqa.selenium.TimeoutException: Expected condition failed: waiting for visibility of all elements located by By.cssSelector: td.w-12 (tried for 5 second(s) with 500 milliseconds interval)
Build info: version: '4.14.0', revision: 'e5a96349ce'
System info: os.name: 'Windows 11', os.arch: 'amd64', os.version: '10.0', java.version: '21.0.8'
Driver info: org.openqa.selenium.edge.EdgeDriver
Capabilities {acceptInsecureCerts: false, browserName: MicrosoftEdge, browserVersion: 142.0.3595.69, fedcm:accounts: true, goog:processID: 20008, ms:edgeOptions: {debuggerAddress: localhost:55793}, msedge: {msedgedriverVersion: 142.0.3595.53 (e9d637e9672e..., userDataDir: C:\Users\INSOF_~1\AppData\L...}, networkConnectionEnabled: false, pageLoadStrategy: normal, platformName: windows, proxy: Proxy(), se:cdp: ws://localhost:55793/devtoo..., se:cdpVersion: 142.0.3595.69, setWindowRect: true, strictFileInteractability: false, timeouts: {implicit: 0, pageLoad: 300000, script: 30000}, unhandledPromptBehavior: dismiss and notify, webauthn:extension:credBlob: true, webauthn:extension:largeBlob: true, webauthn:extension:minPinLength: true, webauthn:extension:prf: true, webauthn:virtualAuthenticators: true}
Session ID: a8995544abee9caa4743623b2328e5e3
at org.openqa.selenium.support.ui.WebDriverWait.timeoutException(WebDriverWait.java:84)
at org.openqa.selenium.support.ui.FluentWait.until(FluentWait.java:230)
at Pages.AllProductsPage.getProductPrices(AllProductsPage.java:510)
at tests.AllProductsTests.TestSortByFilter(AllProductsTests.java:117)
at java.base/java.util.ArrayList.forEach(ArrayList.java:1596)
... Removed 25 stack frames]]>
    </failure>
  </testcase> <!-- TestSortByFilter -->
  <testcase classname="tests.AllProductsTests" name="TestStatusFilter" time="22.84">
    <failure type="java.lang.AssertionError" message="❌ Some products are NOT Active after applying &amp;apos;Active&amp;apos; filter! expected [true] but found [false]">
      <![CDATA[java.lang.AssertionError: ❌ Some products are NOT Active after applying 'Active' filter! expected [true] but found [false]
at tests.AllProductsTests.TestStatusFilter(AllProductsTests.java:174)
at java.base/java.util.ArrayList.forEach(ArrayList.java:1596)
... Removed 28 stack frames]]>
    </failure>
  </testcase> <!-- TestStatusFilter -->
  <testcase classname="tests.AllProductsTests" name="TestAdvancedFilter" time="15.325"/>
  <testcase classname="tests.AllProductsTests" name="testActionSection" time="13.542"/>
  <testcase classname="tests.AllProductsTests" name="AddnewProductBTN" time="5.299"/>
  <testcase classname="tests.AllProductsTests" name="TestToggleByIndex" time="14.693">
    <failure type="java.lang.RuntimeException" message="No toggle buttons found on the page!">
      <![CDATA[java.lang.RuntimeException: No toggle buttons found on the page!
at Pages.AllProductsPage.toggleStatusByIndex(AllProductsPage.java:396)
at tests.AllProductsTests.TestToggleByIndex(AllProductsTests.java:367)
at java.base/java.util.ArrayList.forEach(ArrayList.java:1596)
... Removed 25 stack frames]]>
    </failure>
  </testcase> <!-- TestToggleByIndex -->
  <testcase classname="tests.AllProductsTests" name="TestFilterProductsByCategory" time="12.057"/>
  <testcase classname="tests.ActiveProductTest" name="TestActiveProductPageLoads" time="13.17"/>
  <testcase classname="tests.ActiveProductTest" name="TestSearchKeywordFilter" time="15.509"/>
  <testcase classname="tests.ActiveProductTest" name="TestResetButton" time="13.852"/>
  <testcase classname="tests.ActiveProductTest" name="TestExportCSVFunctionality" time="13.782"/>
  <testcase classname="tests.ActiveProductTest" name="TestSortByFilter" time="31.776"/>
  <testcase classname="tests.ActiveProductTest" name="TestStatusFilter" time="23.642"/>
  <testcase classname="tests.ActiveProductTest" name="TestAdvancedFilter" time="17.199"/>
  <testcase classname="tests.ActiveProductTest" name="testActionSection" time="15.473">
    <failure type="java.lang.IllegalArgumentException" message="❌ Invalid index: 0. Must be between 1 and 11">
      <![CDATA[java.lang.IllegalArgumentException: ❌ Invalid index: 0. Must be between 1 and 11
at Pages.AllProductsPage.clickEditIcon(AllProductsPage.java:337)
at tests.ActiveProductTest.testActionSection(ActiveProductTest.java:285)
at java.base/java.util.ArrayList.forEach(ArrayList.java:1596)
... Removed 25 stack frames]]>
    </failure>
  </testcase> <!-- testActionSection -->
  <testcase classname="tests.ActiveProductTest" name="AddnewProductBTN" time="14.147"/>
  <testcase classname="tests.ActiveProductTest" name="TestToggleByIndex" time="14.081"/>
  <testcase classname="tests.ActiveProductTest" name="TestFilterProductsByCategory" time="15.593"/>
  <testcase classname="tests.ActiveProductTest" name="TestActiveProductView" time="15.566"/>
  <testcase classname="tests.AddProductTest" name="TestAddNewProductFullFlow" time="22.855"/>
  <testcase classname="tests.AddProductTest" name="CheckDupicatproduct" time="8.081"/>
  <testcase classname="tests.AddProductTest" name="TestMandatoryBasicDetailsValidationSeparate" time="19.818"/>
  <testcase classname="tests.AddProductTest" name="VerifyCategorySubcategoryDependency" time="5.839"/>
  <testcase classname="tests.AllProductsTests" name="testPagination" time="0.0">
    <ignored/>
  </testcase> <!-- testPagination -->
</testsuite> <!-- Product Management Tests -->
