<?xml version="1.0" encoding="UTF-8"?>
<!-- Generated by org.testng.reporters.JUnitXMLReporter -->
<testsuite ignored="1" hostname="InSoftLink" failures="3" tests="27" name="Product Management Tests" time="554.88" errors="0" timestamp="2025-11-15T10:29:13 IST">
  <testcase classname="tests.AllProductsTests" name="TestAllProductPageLoads" time="7.746">
    <failure type="java.lang.AssertionError" message="❌ Failed to click on &amp;apos;All Products&amp;apos; button: element click intercepted: Element &amp;lt;a class=&amp;quot;icon icon-manage-products icon-set&amp;quot;&amp;gt;...&amp;lt;/a&amp;gt; is not clickable at point (342, 840). Other element would receive the click: &amp;lt;div role=&amp;quot;dialog&amp;quot; aria-modal=&amp;quot;true&amp;quot; class=&amp;quot;fade modal show&amp;quot; tabindex=&amp;quot;-1&amp;quot; style=&amp;quot;display: block; padding-right: 10px;&amp;quot;&amp;gt;...&amp;lt;/div&amp;gt;
  (Session info: MicrosoftEdge=142.0.3595.80)
Build info: version: &amp;apos;4.14.0&amp;apos;, revision: &amp;apos;e5a96349ce&amp;apos;
System info: os.name: &amp;apos;Windows 11&amp;apos;, os.arch: &amp;apos;amd64&amp;apos;, os.version: &amp;apos;10.0&amp;apos;, java.version: &amp;apos;21.0.8&amp;apos;
Driver info: org.openqa.selenium.edge.EdgeDriver
Command: [5d949521c198d03811b84c6ae259ad43, clickElement {id=f.89940E422869ABE6534452576503CF8A.d.A60A8420653F458136524A63F18CE840.e.1801}]
Capabilities {acceptInsecureCerts: false, browserName: MicrosoftEdge, browserVersion: 142.0.3595.80, fedcm:accounts: true, goog:processID: 24292, ms:edgeOptions: {debuggerAddress: localhost:61826}, msedge: {msedgedriverVersion: 142.0.3595.53 (e9d637e9672e..., userDataDir: C:\Users\INSOF_~1\AppData\L...}, networkConnectionEnabled: false, pageLoadStrategy: normal, platformName: windows, proxy: Proxy(), se:cdp: ws://localhost:61826/devtoo..., se:cdpVersion: 142.0.3595.80, setWindowRect: true, strictFileInteractability: false, timeouts: {implicit: 0, pageLoad: 300000, script: 30000}, unhandledPromptBehavior: dismiss and notify, webauthn:extension:credBlob: true, webauthn:extension:largeBlob: true, webauthn:extension:minPinLength: true, webauthn:extension:prf: true, webauthn:virtualAuthenticators: true}
Element: [[EdgeDriver: MicrosoftEdge on windows (5d949521c198d03811b84c6ae259ad43)] -&amp;gt; xpath: //a[@class=&amp;apos;icon icon-manage-products icon-set&amp;apos;]]
Session ID: 5d949521c198d03811b84c6ae259ad43">
      <![CDATA[java.lang.AssertionError: ❌ Failed to click on 'All Products' button: element click intercepted: Element <a class="icon icon-manage-products icon-set">...</a> is not clickable at point (342, 840). Other element would receive the click: <div role="dialog" aria-modal="true" class="fade modal show" tabindex="-1" style="display: block; padding-right: 10px;">...</div>
  (Session info: MicrosoftEdge=142.0.3595.80)
Build info: version: '4.14.0', revision: 'e5a96349ce'
System info: os.name: 'Windows 11', os.arch: 'amd64', os.version: '10.0', java.version: '21.0.8'
Driver info: org.openqa.selenium.edge.EdgeDriver
Command: [5d949521c198d03811b84c6ae259ad43, clickElement {id=f.89940E422869ABE6534452576503CF8A.d.A60A8420653F458136524A63F18CE840.e.1801}]
Capabilities {acceptInsecureCerts: false, browserName: MicrosoftEdge, browserVersion: 142.0.3595.80, fedcm:accounts: true, goog:processID: 24292, ms:edgeOptions: {debuggerAddress: localhost:61826}, msedge: {msedgedriverVersion: 142.0.3595.53 (e9d637e9672e..., userDataDir: C:\Users\INSOF_~1\AppData\L...}, networkConnectionEnabled: false, pageLoadStrategy: normal, platformName: windows, proxy: Proxy(), se:cdp: ws://localhost:61826/devtoo..., se:cdpVersion: 142.0.3595.80, setWindowRect: true, strictFileInteractability: false, timeouts: {implicit: 0, pageLoad: 300000, script: 30000}, unhandledPromptBehavior: dismiss and notify, webauthn:extension:credBlob: true, webauthn:extension:largeBlob: true, webauthn:extension:minPinLength: true, webauthn:extension:prf: true, webauthn:virtualAuthenticators: true}
Element: [[EdgeDriver: MicrosoftEdge on windows (5d949521c198d03811b84c6ae259ad43)] -> xpath: //a[@class='icon icon-manage-products icon-set']]
Session ID: 5d949521c198d03811b84c6ae259ad43
at Pages.AllProductsPage.clickAllProductBtn(AllProductsPage.java:97)
at tests.AllProductsTests.TestAllProductPageLoads(AllProductsTests.java:34)
at java.base/java.util.ArrayList.forEach(ArrayList.java:1596)
... Removed 26 stack frames]]>
    </failure>
  </testcase> <!-- TestAllProductPageLoads -->
  <testcase classname="tests.AllProductsTests" name="TestSearchKeywordFilter" time="10.357"/>
  <testcase classname="tests.AllProductsTests" name="TestResetButton" time="8.643"/>
  <testcase classname="tests.AllProductsTests" name="TestExportCSVFunctionality" time="8.238"/>
  <testcase classname="tests.AllProductsTests" name="TestSortByFilter" time="40.991"/>
  <testcase classname="tests.AllProductsTests" name="TestStatusFilter" time="19.455">
    <failure type="java.lang.AssertionError" message="❌ Some products are NOT Active after applying &amp;apos;Active&amp;apos; filter! expected [true] but found [false]">
      <![CDATA[java.lang.AssertionError: ❌ Some products are NOT Active after applying 'Active' filter! expected [true] but found [false]
at tests.AllProductsTests.TestStatusFilter(AllProductsTests.java:174)
at java.base/java.util.ArrayList.forEach(ArrayList.java:1596)
... Removed 28 stack frames]]>
    </failure>
  </testcase> <!-- TestStatusFilter -->
  <testcase classname="tests.AllProductsTests" name="TestAdvancedFilter" time="23.935"/>
  <testcase classname="tests.AllProductsTests" name="testActionSection" time="16.007"/>
  <testcase classname="tests.AllProductsTests" name="AddnewProductBTN" time="11.4"/>
  <testcase classname="tests.AllProductsTests" name="TestToggleByIndex" time="12.787"/>
  <testcase classname="tests.AllProductsTests" name="TestFilterProductsByCategory" time="15.427"/>
  <testcase classname="tests.ActiveProductTest" name="TestActiveProductPageLoads" time="15.912"/>
  <testcase classname="tests.ActiveProductTest" name="TestSearchKeywordFilter" time="15.982"/>
  <testcase classname="tests.ActiveProductTest" name="TestResetButton" time="18.882"/>
  <testcase classname="tests.ActiveProductTest" name="TestExportCSVFunctionality" time="14.843"/>
  <testcase classname="tests.ActiveProductTest" name="TestSortByFilter" time="34.21"/>
  <testcase classname="tests.ActiveProductTest" name="TestStatusFilter" time="27.097"/>
  <testcase classname="tests.ActiveProductTest" name="TestAdvancedFilter" time="20.752"/>
  <testcase classname="tests.ActiveProductTest" name="testActionSection" time="17.45">
    <failure type="java.lang.IllegalArgumentException" message="❌ Invalid index: 0. Must be between 1 and 11">
      <![CDATA[java.lang.IllegalArgumentException: ❌ Invalid index: 0. Must be between 1 and 11
at Pages.AllProductsPage.clickEditIcon(AllProductsPage.java:337)
at tests.ActiveProductTest.testActionSection(ActiveProductTest.java:285)
at java.base/java.util.ArrayList.forEach(ArrayList.java:1596)
... Removed 25 stack frames]]>
    </failure>
  </testcase> <!-- testActionSection -->
  <testcase classname="tests.ActiveProductTest" name="AddnewProductBTN" time="16.207"/>
  <testcase classname="tests.ActiveProductTest" name="TestToggleByIndex" time="15.652"/>
  <testcase classname="tests.ActiveProductTest" name="TestFilterProductsByCategory" time="19.545"/>
  <testcase classname="tests.ActiveProductTest" name="TestActiveProductView" time="17.936"/>
  <testcase classname="tests.AddProductTest" name="TestAddNewProductFullFlow" time="36.749"/>
  <testcase classname="tests.AddProductTest" name="CheckDupicatproduct" time="14.091"/>
  <testcase classname="tests.AddProductTest" name="TestMandatoryBasicDetailsValidationSeparate" time="31.028"/>
  <testcase classname="tests.AddProductTest" name="VerifyCategorySubcategoryDependency" time="9.409"/>
  <testcase classname="tests.AllProductsTests" name="testPagination" time="0.0">
    <ignored/>
  </testcase> <!-- testPagination -->
</testsuite> <!-- Product Management Tests -->
