<?xml version="1.0" encoding="UTF-8"?>
<!-- Generated by org.testng.reporters.JUnitXMLReporter -->
<testsuite ignored="1" hostname="InSoftLink" failures="5" tests="27" name="Product Management Tests" time="426.071" errors="0" timestamp="2025-11-10T19:00:37 IST">
  <testcase classname="tests.AllProductsTests" name="TestAllProductPageLoads" time="4.861"/>
  <testcase classname="tests.AllProductsTests" name="TestSearchKeywordFilter" time="5.887"/>
  <testcase classname="tests.AllProductsTests" name="TestResetButton" time="6.42"/>
  <testcase classname="tests.AllProductsTests" name="TestExportCSVFunctionality" time="4.896"/>
  <testcase classname="tests.AllProductsTests" name="TestSortByFilter" time="17.24">
    <failure type="org.openqa.selenium.TimeoutException" message="Expected condition failed: waiting for visibility of all elements located by By.cssSelector: td.w-12 (tried for 5 second(s) with 500 milliseconds interval)
Build info: version: &amp;apos;4.14.0&amp;apos;, revision: &amp;apos;e5a96349ce&amp;apos;
System info: os.name: &amp;apos;Windows 11&amp;apos;, os.arch: &amp;apos;amd64&amp;apos;, os.version: &amp;apos;10.0&amp;apos;, java.version: &amp;apos;21.0.8&amp;apos;
Driver info: org.openqa.selenium.edge.EdgeDriver
Capabilities {acceptInsecureCerts: false, browserName: MicrosoftEdge, browserVersion: 142.0.3595.69, fedcm:accounts: true, goog:processID: 11816, ms:edgeOptions: {debuggerAddress: localhost:54324}, msedge: {msedgedriverVersion: 142.0.3595.53 (e9d637e9672e..., userDataDir: C:\Users\INSOF_~1\AppData\L...}, networkConnectionEnabled: false, pageLoadStrategy: normal, platformName: windows, proxy: Proxy(), se:cdp: ws://localhost:54324/devtoo..., se:cdpVersion: 142.0.3595.69, setWindowRect: true, strictFileInteractability: false, timeouts: {implicit: 0, pageLoad: 300000, script: 30000}, unhandledPromptBehavior: dismiss and notify, webauthn:extension:credBlob: true, webauthn:extension:largeBlob: true, webauthn:extension:minPinLength: true, webauthn:extension:prf: true, webauthn:virtualAuthenticators: true}
Session ID: db640c1a7e985db5212c56cc984f4bd6">
      <![CDATA[org.openqa.selenium.TimeoutException: Expected condition failed: waiting for visibility of all elements located by By.cssSelector: td.w-12 (tried for 5 second(s) with 500 milliseconds interval)
Build info: version: '4.14.0', revision: 'e5a96349ce'
System info: os.name: 'Windows 11', os.arch: 'amd64', os.version: '10.0', java.version: '21.0.8'
Driver info: org.openqa.selenium.edge.EdgeDriver
Capabilities {acceptInsecureCerts: false, browserName: MicrosoftEdge, browserVersion: 142.0.3595.69, fedcm:accounts: true, goog:processID: 11816, ms:edgeOptions: {debuggerAddress: localhost:54324}, msedge: {msedgedriverVersion: 142.0.3595.53 (e9d637e9672e..., userDataDir: C:\Users\INSOF_~1\AppData\L...}, networkConnectionEnabled: false, pageLoadStrategy: normal, platformName: windows, proxy: Proxy(), se:cdp: ws://localhost:54324/devtoo..., se:cdpVersion: 142.0.3595.69, setWindowRect: true, strictFileInteractability: false, timeouts: {implicit: 0, pageLoad: 300000, script: 30000}, unhandledPromptBehavior: dismiss and notify, webauthn:extension:credBlob: true, webauthn:extension:largeBlob: true, webauthn:extension:minPinLength: true, webauthn:extension:prf: true, webauthn:virtualAuthenticators: true}
Session ID: db640c1a7e985db5212c56cc984f4bd6
at org.openqa.selenium.support.ui.WebDriverWait.timeoutException(WebDriverWait.java:84)
at org.openqa.selenium.support.ui.FluentWait.until(FluentWait.java:230)
at Pages.AllProductsPage.getProductPrices(AllProductsPage.java:510)
at tests.AllProductsTests.TestSortByFilter(AllProductsTests.java:117)
at java.base/java.util.ArrayList.forEach(ArrayList.java:1596)
... Removed 25 stack frames]]>
    </failure>
  </testcase> <!-- TestSortByFilter -->
  <testcase classname="tests.AllProductsTests" name="TestStatusFilter" time="25.567">
    <failure type="java.lang.AssertionError" message="❌ Some products are NOT Active after applying &amp;apos;Active&amp;apos; filter! expected [true] but found [false]">
      <![CDATA[java.lang.AssertionError: ❌ Some products are NOT Active after applying 'Active' filter! expected [true] but found [false]
at tests.AllProductsTests.TestStatusFilter(AllProductsTests.java:174)
at java.base/java.util.ArrayList.forEach(ArrayList.java:1596)
... Removed 28 stack frames]]>
    </failure>
  </testcase> <!-- TestStatusFilter -->
  <testcase classname="tests.AllProductsTests" name="TestAdvancedFilter" time="16.561"/>
  <testcase classname="tests.AllProductsTests" name="testActionSection" time="13.384"/>
  <testcase classname="tests.AllProductsTests" name="AddnewProductBTN" time="5.294"/>
  <testcase classname="tests.AllProductsTests" name="TestToggleByIndex" time="14.849">
    <failure type="java.lang.RuntimeException" message="No toggle buttons found on the page!">
      <![CDATA[java.lang.RuntimeException: No toggle buttons found on the page!
at Pages.AllProductsPage.toggleStatusByIndex(AllProductsPage.java:396)
at tests.AllProductsTests.TestToggleByIndex(AllProductsTests.java:367)
at java.base/java.util.ArrayList.forEach(ArrayList.java:1596)
... Removed 25 stack frames]]>
    </failure>
  </testcase> <!-- TestToggleByIndex -->
  <testcase classname="tests.AllProductsTests" name="TestFilterProductsByCategory" time="15.046">
    <failure type="org.openqa.selenium.TimeoutException" message="Expected condition failed: waiting for presence of any elements located by By.xpath: //a[contains(@class,&amp;apos;fs-xsmall&amp;apos;) and contains(@class,&amp;apos;text-secondary&amp;apos;)] (tried for 4 second(s) with 500 milliseconds interval)
Build info: version: &amp;apos;4.14.0&amp;apos;, revision: &amp;apos;e5a96349ce&amp;apos;
System info: os.name: &amp;apos;Windows 11&amp;apos;, os.arch: &amp;apos;amd64&amp;apos;, os.version: &amp;apos;10.0&amp;apos;, java.version: &amp;apos;21.0.8&amp;apos;
Driver info: org.openqa.selenium.edge.EdgeDriver
Capabilities {acceptInsecureCerts: false, browserName: MicrosoftEdge, browserVersion: 142.0.3595.69, fedcm:accounts: true, goog:processID: 25184, ms:edgeOptions: {debuggerAddress: localhost:59315}, msedge: {msedgedriverVersion: 142.0.3595.53 (e9d637e9672e..., userDataDir: C:\Users\INSOF_~1\AppData\L...}, networkConnectionEnabled: false, pageLoadStrategy: normal, platformName: windows, proxy: Proxy(), se:cdp: ws://localhost:59315/devtoo..., se:cdpVersion: 142.0.3595.69, setWindowRect: true, strictFileInteractability: false, timeouts: {implicit: 0, pageLoad: 300000, script: 30000}, unhandledPromptBehavior: dismiss and notify, webauthn:extension:credBlob: true, webauthn:extension:largeBlob: true, webauthn:extension:minPinLength: true, webauthn:extension:prf: true, webauthn:virtualAuthenticators: true}
Session ID: 1092c414712575761ab005de5efa2919">
      <![CDATA[org.openqa.selenium.TimeoutException: Expected condition failed: waiting for presence of any elements located by By.xpath: //a[contains(@class,'fs-xsmall') and contains(@class,'text-secondary')] (tried for 4 second(s) with 500 milliseconds interval)
Build info: version: '4.14.0', revision: 'e5a96349ce'
System info: os.name: 'Windows 11', os.arch: 'amd64', os.version: '10.0', java.version: '21.0.8'
Driver info: org.openqa.selenium.edge.EdgeDriver
Capabilities {acceptInsecureCerts: false, browserName: MicrosoftEdge, browserVersion: 142.0.3595.69, fedcm:accounts: true, goog:processID: 25184, ms:edgeOptions: {debuggerAddress: localhost:59315}, msedge: {msedgedriverVersion: 142.0.3595.53 (e9d637e9672e..., userDataDir: C:\Users\INSOF_~1\AppData\L...}, networkConnectionEnabled: false, pageLoadStrategy: normal, platformName: windows, proxy: Proxy(), se:cdp: ws://localhost:59315/devtoo..., se:cdpVersion: 142.0.3595.69, setWindowRect: true, strictFileInteractability: false, timeouts: {implicit: 0, pageLoad: 300000, script: 30000}, unhandledPromptBehavior: dismiss and notify, webauthn:extension:credBlob: true, webauthn:extension:largeBlob: true, webauthn:extension:minPinLength: true, webauthn:extension:prf: true, webauthn:virtualAuthenticators: true}
Session ID: 1092c414712575761ab005de5efa2919
at org.openqa.selenium.support.ui.WebDriverWait.timeoutException(WebDriverWait.java:84)
at org.openqa.selenium.support.ui.FluentWait.until(FluentWait.java:230)
at Pages.AllProductsPage.selectCategory(AllProductsPage.java:467)
at tests.AllProductsTests.TestFilterProductsByCategory(AllProductsTests.java:404)
at java.base/java.util.ArrayList.forEach(ArrayList.java:1596)
... Removed 25 stack frames]]>
    </failure>
  </testcase> <!-- TestFilterProductsByCategory -->
  <testcase classname="tests.ActiveProductTest" name="TestActiveProductPageLoads" time="13.303"/>
  <testcase classname="tests.ActiveProductTest" name="TestSearchKeywordFilter" time="13.953"/>
  <testcase classname="tests.ActiveProductTest" name="TestResetButton" time="14.317"/>
  <testcase classname="tests.ActiveProductTest" name="TestExportCSVFunctionality" time="13.511"/>
  <testcase classname="tests.ActiveProductTest" name="TestSortByFilter" time="32.035"/>
  <testcase classname="tests.ActiveProductTest" name="TestStatusFilter" time="24.039"/>
  <testcase classname="tests.ActiveProductTest" name="TestAdvancedFilter" time="18.651"/>
  <testcase classname="tests.ActiveProductTest" name="testActionSection" time="18.028">
    <failure type="java.lang.IllegalArgumentException" message="❌ Invalid index: 0. Must be between 1 and 11">
      <![CDATA[java.lang.IllegalArgumentException: ❌ Invalid index: 0. Must be between 1 and 11
at Pages.AllProductsPage.clickEditIcon(AllProductsPage.java:337)
at tests.ActiveProductTest.testActionSection(ActiveProductTest.java:285)
at java.base/java.util.ArrayList.forEach(ArrayList.java:1596)
... Removed 25 stack frames]]>
    </failure>
  </testcase> <!-- testActionSection -->
  <testcase classname="tests.ActiveProductTest" name="AddnewProductBTN" time="14.206"/>
  <testcase classname="tests.ActiveProductTest" name="TestToggleByIndex" time="15.008"/>
  <testcase classname="tests.ActiveProductTest" name="TestFilterProductsByCategory" time="15.421"/>
  <testcase classname="tests.ActiveProductTest" name="TestActiveProductView" time="15.335"/>
  <testcase classname="tests.AddProductTest" name="TestAddNewProductFullFlow" time="22.831"/>
  <testcase classname="tests.AddProductTest" name="CheckDupicatproduct" time="7.821"/>
  <testcase classname="tests.AddProductTest" name="TestMandatoryBasicDetailsValidationSeparate" time="19.348"/>
  <testcase classname="tests.AddProductTest" name="VerifyCategorySubcategoryDependency" time="6.09"/>
  <testcase classname="tests.AllProductsTests" name="testPagination" time="0.0">
    <ignored/>
  </testcase> <!-- testPagination -->
</testsuite> <!-- Product Management Tests -->
