<?xml version="1.0" encoding="UTF-8"?>
<!-- Generated by org.testng.reporters.JUnitXMLReporter -->
<testsuite ignored="0" hostname="InSoftLink" failures="0" tests="8" name="User Authentication Tests" time="49.698" errors="0" timestamp="2025-11-13T14:39:28 IST">
  <testcase classname="tests.RegisterTests" name="TestUserRegistration" time="18.711"/>
  <testcase classname="tests.RegisterTests" name="UserRegistrationDuplicateEmail" time="5.015"/>
  <testcase classname="tests.RegisterTests" name="UserRegistrationDuplicateuserName" time="4.122"/>
  <testcase classname="tests.LoginTests" name="TestValxpathLogin" time="3.042"/>
  <testcase classname="tests.LoginTests" name="TestInvalxpathEmail" time="1.105"/>
  <testcase classname="tests.LoginTests" name="TestInvalxpathPassword" time="1.049"/>
  <testcase classname="tests.LoginTests" name="Checkforgotpassbtn" time="0.648"/>
  <testcase classname="tests.LoginTests" name="Createaccount" time="0.46"/>
</testsuite> <!-- User Authentication Tests -->
