<?xml version="1.0" encoding="UTF-8"?>
<!-- Generated by org.testng.reporters.JUnitXMLReporter -->
<testsuite ignored="0" hostname="InSoftLink" failures="0" tests="8" name="User Authentication Tests" time="54.889" errors="0" timestamp="2025-11-15T10:19:48 IST">
  <testcase classname="tests.RegisterTests" name="TestUserRegistration" time="20.363"/>
  <testcase classname="tests.RegisterTests" name="UserRegistrationDuplicateEmail" time="4.221"/>
  <testcase classname="tests.RegisterTests" name="UserRegistrationDuplicateuserName" time="4.293"/>
  <testcase classname="tests.LoginTests" name="TestValxpathLogin" time="3.985"/>
  <testcase classname="tests.LoginTests" name="TestInvalxpathEmail" time="1.085"/>
  <testcase classname="tests.LoginTests" name="TestInvalxpathPassword" time="1.017"/>
  <testcase classname="tests.LoginTests" name="Checkforgotpassbtn" time="0.463"/>
  <testcase classname="tests.LoginTests" name="Createaccount" time="0.48"/>
</testsuite> <!-- User Authentication Tests -->
